{"/home/taufiq/Project/Hacktiv8/Phase3/Final Project/rev/server/src/app.js": {"path":"/home/taufiq/Project/Hacktiv8/Phase3/Final Project/rev/server/src/app.js","statementMap":{"0":{"start":{"line":1,"column":16},"end":{"line":1,"column":34}},"1":{"start":{"line":2,"column":12},"end":{"line":2,"column":21}},"2":{"start":{"line":3,"column":14},"end":{"line":3,"column":39}},"3":{"start":{"line":4,"column":21},"end":{"line":4,"column":58}},"4":{"start":{"line":5,"column":0},"end":{"line":5,"column":26}},"5":{"start":{"line":7,"column":0},"end":{"line":7,"column":23}},"6":{"start":{"line":8,"column":0},"end":{"line":8,"column":47}},"7":{"start":{"line":9,"column":0},"end":{"line":9,"column":19}},"8":{"start":{"line":10,"column":0},"end":{"line":10,"column":21}},"9":{"start":{"line":12,"column":0},"end":{"line":12,"column":20}}},"fnMap":{},"branchMap":{},"s":{"0":3,"1":3,"2":3,"3":3,"4":3,"5":3,"6":3,"7":3,"8":3,"9":3},"f":{},"b":{},"_coverageSchema":"1a1c01bbd47fc00a2c39e90264f33305004495a9","hash":"518da1984faaa6080a221f6a09df67a0952b5080"}
,"/home/taufiq/Project/Hacktiv8/Phase3/Final Project/rev/server/src/controllers/AdminController.js": {"path":"/home/taufiq/Project/Hacktiv8/Phase3/Final Project/rev/server/src/controllers/AdminController.js","statementMap":{"0":{"start":{"line":1,"column":60},"end":{"line":1,"column":86}},"1":{"start":{"line":2,"column":26},"end":{"line":2,"column":51}},"2":{"start":{"line":3,"column":20},"end":{"line":3,"column":48}},"3":{"start":{"line":7,"column":16},"end":{"line":10,"column":5}},"4":{"start":{"line":11,"column":4},"end":{"line":16,"column":5}},"5":{"start":{"line":12,"column":19},"end":{"line":12,"column":42}},"6":{"start":{"line":13,"column":6},"end":{"line":13,"column":32}},"7":{"start":{"line":15,"column":6},"end":{"line":15,"column":17}},"8":{"start":{"line":20,"column":16},"end":{"line":23,"column":5}},"9":{"start":{"line":24,"column":4},"end":{"line":63,"column":5}},"10":{"start":{"line":25,"column":6},"end":{"line":60,"column":7}},"11":{"start":{"line":26,"column":8},"end":{"line":29,"column":9}},"12":{"start":{"line":30,"column":13},"end":{"line":60,"column":7}},"13":{"start":{"line":31,"column":8},"end":{"line":34,"column":9}},"14":{"start":{"line":35,"column":13},"end":{"line":60,"column":7}},"15":{"start":{"line":36,"column":8},"end":{"line":39,"column":9}},"16":{"start":{"line":41,"column":25},"end":{"line":41,"column":76}},"17":{"start":{"line":42,"column":8},"end":{"line":59,"column":9}},"18":{"start":{"line":43,"column":31},"end":{"line":43,"column":71}},"19":{"start":{"line":44,"column":10},"end":{"line":53,"column":11}},"20":{"start":{"line":45,"column":12},"end":{"line":45,"column":35}},"21":{"start":{"line":46,"column":33},"end":{"line":46,"column":56}},"22":{"start":{"line":47,"column":12},"end":{"line":47,"column":50}},"23":{"start":{"line":49,"column":12},"end":{"line":52,"column":13}},"24":{"start":{"line":55,"column":10},"end":{"line":58,"column":11}},"25":{"start":{"line":62,"column":6},"end":{"line":62,"column":17}},"26":{"start":{"line":67,"column":16},"end":{"line":81,"column":5}},"27":{"start":{"line":82,"column":4},"end":{"line":87,"column":5}},"28":{"start":{"line":83,"column":19},"end":{"line":83,"column":42}},"29":{"start":{"line":84,"column":6},"end":{"line":84,"column":32}},"30":{"start":{"line":86,"column":6},"end":{"line":86,"column":17}},"31":{"start":{"line":91,"column":16},"end":{"line":106,"column":5}},"32":{"start":{"line":107,"column":4},"end":{"line":112,"column":5}},"33":{"start":{"line":108,"column":19},"end":{"line":108,"column":85}},"34":{"start":{"line":109,"column":6},"end":{"line":109,"column":38}},"35":{"start":{"line":111,"column":6},"end":{"line":111,"column":17}},"36":{"start":{"line":116,"column":4},"end":{"line":131,"column":5}},"37":{"start":{"line":117,"column":19},"end":{"line":119,"column":28}},"38":{"start":{"line":120,"column":6},"end":{"line":124,"column":7}},"39":{"start":{"line":120,"column":19},"end":{"line":120,"column":20}},"40":{"start":{"line":121,"column":8},"end":{"line":123,"column":9}},"41":{"start":{"line":122,"column":10},"end":{"line":122,"column":36}},"42":{"start":{"line":125,"column":6},"end":{"line":128,"column":7}},"43":{"start":{"line":130,"column":6},"end":{"line":130,"column":17}},"44":{"start":{"line":135,"column":15},"end":{"line":135,"column":28}},"45":{"start":{"line":136,"column":4},"end":{"line":148,"column":5}},"46":{"start":{"line":137,"column":19},"end":{"line":137,"column":56}},"47":{"start":{"line":138,"column":6},"end":{"line":145,"column":7}},"48":{"start":{"line":139,"column":8},"end":{"line":139,"column":68}},"49":{"start":{"line":141,"column":8},"end":{"line":144,"column":9}},"50":{"start":{"line":147,"column":6},"end":{"line":147,"column":17}},"51":{"start":{"line":152,"column":16},"end":{"line":155,"column":5}},"52":{"start":{"line":156,"column":4},"end":{"line":161,"column":5}},"53":{"start":{"line":157,"column":19},"end":{"line":157,"column":43}},"54":{"start":{"line":158,"column":6},"end":{"line":158,"column":32}},"55":{"start":{"line":160,"column":6},"end":{"line":160,"column":17}},"56":{"start":{"line":165,"column":4},"end":{"line":177,"column":5}},"57":{"start":{"line":166,"column":19},"end":{"line":166,"column":41}},"58":{"start":{"line":167,"column":6},"end":{"line":174,"column":7}},"59":{"start":{"line":168,"column":8},"end":{"line":168,"column":34}},"60":{"start":{"line":170,"column":8},"end":{"line":173,"column":9}},"61":{"start":{"line":176,"column":6},"end":{"line":176,"column":17}},"62":{"start":{"line":181,"column":16},"end":{"line":185,"column":5}},"63":{"start":{"line":186,"column":4},"end":{"line":191,"column":5}},"64":{"start":{"line":187,"column":19},"end":{"line":187,"column":86}},"65":{"start":{"line":188,"column":6},"end":{"line":188,"column":38}},"66":{"start":{"line":190,"column":6},"end":{"line":190,"column":17}},"67":{"start":{"line":195,"column":15},"end":{"line":195,"column":28}},"68":{"start":{"line":196,"column":4},"end":{"line":208,"column":5}},"69":{"start":{"line":197,"column":19},"end":{"line":197,"column":57}},"70":{"start":{"line":198,"column":6},"end":{"line":205,"column":7}},"71":{"start":{"line":199,"column":8},"end":{"line":199,"column":68}},"72":{"start":{"line":201,"column":8},"end":{"line":204,"column":9}},"73":{"start":{"line":207,"column":6},"end":{"line":207,"column":17}},"74":{"start":{"line":212,"column":15},"end":{"line":212,"column":28}},"75":{"start":{"line":213,"column":4},"end":{"line":225,"column":5}},"76":{"start":{"line":214,"column":19},"end":{"line":214,"column":43}},"77":{"start":{"line":215,"column":6},"end":{"line":222,"column":7}},"78":{"start":{"line":216,"column":8},"end":{"line":216,"column":34}},"79":{"start":{"line":218,"column":8},"end":{"line":221,"column":9}},"80":{"start":{"line":224,"column":6},"end":{"line":224,"column":17}},"81":{"start":{"line":229,"column":15},"end":{"line":229,"column":28}},"82":{"start":{"line":230,"column":4},"end":{"line":242,"column":5}},"83":{"start":{"line":231,"column":19},"end":{"line":231,"column":44}},"84":{"start":{"line":232,"column":6},"end":{"line":239,"column":7}},"85":{"start":{"line":233,"column":8},"end":{"line":233,"column":34}},"86":{"start":{"line":235,"column":8},"end":{"line":238,"column":9}},"87":{"start":{"line":241,"column":6},"end":{"line":241,"column":17}},"88":{"start":{"line":246,"column":16},"end":{"line":248,"column":5}},"89":{"start":{"line":249,"column":4},"end":{"line":254,"column":5}},"90":{"start":{"line":250,"column":19},"end":{"line":250,"column":46}},"91":{"start":{"line":251,"column":6},"end":{"line":251,"column":32}},"92":{"start":{"line":253,"column":6},"end":{"line":253,"column":17}},"93":{"start":{"line":258,"column":4},"end":{"line":270,"column":5}},"94":{"start":{"line":259,"column":19},"end":{"line":259,"column":44}},"95":{"start":{"line":260,"column":6},"end":{"line":267,"column":7}},"96":{"start":{"line":261,"column":8},"end":{"line":261,"column":34}},"97":{"start":{"line":263,"column":8},"end":{"line":266,"column":9}},"98":{"start":{"line":269,"column":6},"end":{"line":269,"column":17}},"99":{"start":{"line":274,"column":16},"end":{"line":277,"column":5}},"100":{"start":{"line":278,"column":4},"end":{"line":290,"column":5}},"101":{"start":{"line":279,"column":22},"end":{"line":279,"column":54}},"102":{"start":{"line":280,"column":6},"end":{"line":285,"column":7}},"103":{"start":{"line":281,"column":8},"end":{"line":284,"column":9}},"104":{"start":{"line":286,"column":19},"end":{"line":286,"column":90}},"105":{"start":{"line":287,"column":6},"end":{"line":287,"column":38}},"106":{"start":{"line":289,"column":6},"end":{"line":289,"column":17}},"107":{"start":{"line":294,"column":15},"end":{"line":294,"column":28}},"108":{"start":{"line":295,"column":4},"end":{"line":307,"column":5}},"109":{"start":{"line":296,"column":19},"end":{"line":296,"column":60}},"110":{"start":{"line":297,"column":6},"end":{"line":304,"column":7}},"111":{"start":{"line":298,"column":8},"end":{"line":298,"column":68}},"112":{"start":{"line":300,"column":8},"end":{"line":303,"column":9}},"113":{"start":{"line":306,"column":6},"end":{"line":306,"column":17}},"114":{"start":{"line":311,"column":15},"end":{"line":311,"column":28}},"115":{"start":{"line":312,"column":4},"end":{"line":324,"column":5}},"116":{"start":{"line":313,"column":19},"end":{"line":313,"column":47}},"117":{"start":{"line":314,"column":6},"end":{"line":321,"column":7}},"118":{"start":{"line":315,"column":8},"end":{"line":315,"column":34}},"119":{"start":{"line":317,"column":8},"end":{"line":320,"column":9}},"120":{"start":{"line":323,"column":6},"end":{"line":323,"column":17}},"121":{"start":{"line":328,"column":0},"end":{"line":328,"column":32}}},"fnMap":{"0":{"name":"(anonymous_0)","decl":{"start":{"line":6,"column":2},"end":{"line":6,"column":3}},"loc":{"start":{"line":6,"column":45},"end":{"line":17,"column":3}},"line":6},"1":{"name":"(anonymous_1)","decl":{"start":{"line":19,"column":2},"end":{"line":19,"column":3}},"loc":{"start":{"line":19,"column":43},"end":{"line":64,"column":3}},"line":19},"2":{"name":"(anonymous_2)","decl":{"start":{"line":66,"column":2},"end":{"line":66,"column":3}},"loc":{"start":{"line":66,"column":44},"end":{"line":88,"column":3}},"line":66},"3":{"name":"(anonymous_3)","decl":{"start":{"line":90,"column":2},"end":{"line":90,"column":3}},"loc":{"start":{"line":90,"column":42},"end":{"line":113,"column":3}},"line":90},"4":{"name":"(anonymous_4)","decl":{"start":{"line":115,"column":2},"end":{"line":115,"column":3}},"loc":{"start":{"line":115,"column":41},"end":{"line":132,"column":3}},"line":115},"5":{"name":"(anonymous_5)","decl":{"start":{"line":134,"column":2},"end":{"line":134,"column":3}},"loc":{"start":{"line":134,"column":44},"end":{"line":149,"column":3}},"line":134},"6":{"name":"(anonymous_6)","decl":{"start":{"line":151,"column":2},"end":{"line":151,"column":3}},"loc":{"start":{"line":151,"column":45},"end":{"line":162,"column":3}},"line":151},"7":{"name":"(anonymous_7)","decl":{"start":{"line":164,"column":2},"end":{"line":164,"column":3}},"loc":{"start":{"line":164,"column":42},"end":{"line":178,"column":3}},"line":164},"8":{"name":"(anonymous_8)","decl":{"start":{"line":180,"column":2},"end":{"line":180,"column":3}},"loc":{"start":{"line":180,"column":43},"end":{"line":192,"column":3}},"line":180},"9":{"name":"(anonymous_9)","decl":{"start":{"line":194,"column":2},"end":{"line":194,"column":3}},"loc":{"start":{"line":194,"column":45},"end":{"line":209,"column":3}},"line":194},"10":{"name":"(anonymous_10)","decl":{"start":{"line":211,"column":2},"end":{"line":211,"column":3}},"loc":{"start":{"line":211,"column":45},"end":{"line":226,"column":3}},"line":211},"11":{"name":"(anonymous_11)","decl":{"start":{"line":228,"column":2},"end":{"line":228,"column":3}},"loc":{"start":{"line":228,"column":46},"end":{"line":243,"column":3}},"line":228},"12":{"name":"(anonymous_12)","decl":{"start":{"line":245,"column":2},"end":{"line":245,"column":3}},"loc":{"start":{"line":245,"column":48},"end":{"line":255,"column":3}},"line":245},"13":{"name":"(anonymous_13)","decl":{"start":{"line":257,"column":2},"end":{"line":257,"column":3}},"loc":{"start":{"line":257,"column":45},"end":{"line":271,"column":3}},"line":257},"14":{"name":"(anonymous_14)","decl":{"start":{"line":273,"column":2},"end":{"line":273,"column":3}},"loc":{"start":{"line":273,"column":46},"end":{"line":291,"column":3}},"line":273},"15":{"name":"(anonymous_15)","decl":{"start":{"line":293,"column":2},"end":{"line":293,"column":3}},"loc":{"start":{"line":293,"column":48},"end":{"line":308,"column":3}},"line":293},"16":{"name":"(anonymous_16)","decl":{"start":{"line":310,"column":2},"end":{"line":310,"column":3}},"loc":{"start":{"line":310,"column":49},"end":{"line":325,"column":3}},"line":310}},"branchMap":{"0":{"loc":{"start":{"line":25,"column":6},"end":{"line":60,"column":7}},"type":"if","locations":[{"start":{"line":25,"column":6},"end":{"line":60,"column":7}},{"start":{"line":25,"column":6},"end":{"line":60,"column":7}}],"line":25},"1":{"loc":{"start":{"line":25,"column":10},"end":{"line":25,"column":37}},"type":"binary-expr","locations":[{"start":{"line":25,"column":10},"end":{"line":25,"column":20}},{"start":{"line":25,"column":24},"end":{"line":25,"column":37}}],"line":25},"2":{"loc":{"start":{"line":30,"column":13},"end":{"line":60,"column":7}},"type":"if","locations":[{"start":{"line":30,"column":13},"end":{"line":60,"column":7}},{"start":{"line":30,"column":13},"end":{"line":60,"column":7}}],"line":30},"3":{"loc":{"start":{"line":35,"column":13},"end":{"line":60,"column":7}},"type":"if","locations":[{"start":{"line":35,"column":13},"end":{"line":60,"column":7}},{"start":{"line":35,"column":13},"end":{"line":60,"column":7}}],"line":35},"4":{"loc":{"start":{"line":42,"column":8},"end":{"line":59,"column":9}},"type":"if","locations":[{"start":{"line":42,"column":8},"end":{"line":59,"column":9}},{"start":{"line":42,"column":8},"end":{"line":59,"column":9}}],"line":42},"5":{"loc":{"start":{"line":44,"column":10},"end":{"line":53,"column":11}},"type":"if","locations":[{"start":{"line":44,"column":10},"end":{"line":53,"column":11}},{"start":{"line":44,"column":10},"end":{"line":53,"column":11}}],"line":44},"6":{"loc":{"start":{"line":121,"column":8},"end":{"line":123,"column":9}},"type":"if","locations":[{"start":{"line":121,"column":8},"end":{"line":123,"column":9}},{"start":{"line":121,"column":8},"end":{"line":123,"column":9}}],"line":121},"7":{"loc":{"start":{"line":138,"column":6},"end":{"line":145,"column":7}},"type":"if","locations":[{"start":{"line":138,"column":6},"end":{"line":145,"column":7}},{"start":{"line":138,"column":6},"end":{"line":145,"column":7}}],"line":138},"8":{"loc":{"start":{"line":167,"column":6},"end":{"line":174,"column":7}},"type":"if","locations":[{"start":{"line":167,"column":6},"end":{"line":174,"column":7}},{"start":{"line":167,"column":6},"end":{"line":174,"column":7}}],"line":167},"9":{"loc":{"start":{"line":198,"column":6},"end":{"line":205,"column":7}},"type":"if","locations":[{"start":{"line":198,"column":6},"end":{"line":205,"column":7}},{"start":{"line":198,"column":6},"end":{"line":205,"column":7}}],"line":198},"10":{"loc":{"start":{"line":215,"column":6},"end":{"line":222,"column":7}},"type":"if","locations":[{"start":{"line":215,"column":6},"end":{"line":222,"column":7}},{"start":{"line":215,"column":6},"end":{"line":222,"column":7}}],"line":215},"11":{"loc":{"start":{"line":232,"column":6},"end":{"line":239,"column":7}},"type":"if","locations":[{"start":{"line":232,"column":6},"end":{"line":239,"column":7}},{"start":{"line":232,"column":6},"end":{"line":239,"column":7}}],"line":232},"12":{"loc":{"start":{"line":260,"column":6},"end":{"line":267,"column":7}},"type":"if","locations":[{"start":{"line":260,"column":6},"end":{"line":267,"column":7}},{"start":{"line":260,"column":6},"end":{"line":267,"column":7}}],"line":260},"13":{"loc":{"start":{"line":280,"column":6},"end":{"line":285,"column":7}},"type":"if","locations":[{"start":{"line":280,"column":6},"end":{"line":285,"column":7}},{"start":{"line":280,"column":6},"end":{"line":285,"column":7}}],"line":280},"14":{"loc":{"start":{"line":297,"column":6},"end":{"line":304,"column":7}},"type":"if","locations":[{"start":{"line":297,"column":6},"end":{"line":304,"column":7}},{"start":{"line":297,"column":6},"end":{"line":304,"column":7}}],"line":297},"15":{"loc":{"start":{"line":314,"column":6},"end":{"line":321,"column":7}},"type":"if","locations":[{"start":{"line":314,"column":6},"end":{"line":321,"column":7}},{"start":{"line":314,"column":6},"end":{"line":321,"column":7}}],"line":314}},"s":{"0":3,"1":3,"2":3,"3":5,"4":5,"5":5,"6":1,"7":4,"8":6,"9":6,"10":6,"11":1,"12":5,"13":1,"14":4,"15":1,"16":3,"17":3,"18":2,"19":2,"20":1,"21":1,"22":1,"23":1,"24":1,"25":5,"26":4,"27":4,"28":4,"29":1,"30":3,"31":2,"32":2,"33":2,"34":1,"35":1,"36":2,"37":2,"38":2,"39":2,"40":6,"41":1,"42":2,"43":2,"44":2,"45":2,"46":2,"47":2,"48":1,"49":1,"50":1,"51":2,"52":2,"53":2,"54":1,"55":1,"56":2,"57":2,"58":2,"59":1,"60":1,"61":1,"62":2,"63":2,"64":2,"65":1,"66":1,"67":2,"68":2,"69":2,"70":2,"71":1,"72":1,"73":1,"74":2,"75":2,"76":2,"77":2,"78":1,"79":1,"80":1,"81":2,"82":2,"83":2,"84":2,"85":1,"86":1,"87":1,"88":2,"89":2,"90":2,"91":1,"92":1,"93":2,"94":2,"95":2,"96":1,"97":1,"98":1,"99":2,"100":2,"101":2,"102":2,"103":1,"104":1,"105":1,"106":1,"107":3,"108":3,"109":3,"110":3,"111":2,"112":1,"113":1,"114":2,"115":2,"116":2,"117":2,"118":1,"119":1,"120":1,"121":3},"f":{"0":5,"1":6,"2":4,"3":2,"4":2,"5":2,"6":2,"7":2,"8":2,"9":2,"10":2,"11":2,"12":2,"13":2,"14":2,"15":3,"16":2},"b":{"0":[1,5],"1":[6,2],"2":[1,4],"3":[1,3],"4":[2,1],"5":[1,1],"6":[1,5],"7":[1,1],"8":[1,1],"9":[1,1],"10":[1,1],"11":[1,1],"12":[1,1],"13":[1,1],"14":[2,1],"15":[1,1]},"_coverageSchema":"1a1c01bbd47fc00a2c39e90264f33305004495a9","hash":"1c65c2abed32c62a8ac4273ba74b9310664afda8"}
,"/home/taufiq/Project/Hacktiv8/Phase3/Final Project/rev/server/src/controllers/OrganizerController.js": {"path":"/home/taufiq/Project/Hacktiv8/Phase3/Final Project/rev/server/src/controllers/OrganizerController.js","statementMap":{"0":{"start":{"line":1,"column":33},"end":{"line":1,"column":53}},"1":{"start":{"line":2,"column":18},"end":{"line":2,"column":38}},"2":{"start":{"line":3,"column":20},"end":{"line":3,"column":57}},"3":{"start":{"line":4,"column":17},"end":{"line":4,"column":51}},"4":{"start":{"line":8,"column":16},"end":{"line":14,"column":5}},"5":{"start":{"line":15,"column":4},"end":{"line":20,"column":5}},"6":{"start":{"line":16,"column":19},"end":{"line":16,"column":46}},"7":{"start":{"line":17,"column":6},"end":{"line":17,"column":63}},"8":{"start":{"line":19,"column":6},"end":{"line":19,"column":18}},"9":{"start":{"line":24,"column":26},"end":{"line":24,"column":73}},"10":{"start":{"line":25,"column":29},"end":{"line":25,"column":82}},"11":{"start":{"line":27,"column":4},"end":{"line":66,"column":5}},"12":{"start":{"line":28,"column":6},"end":{"line":63,"column":7}},"13":{"start":{"line":29,"column":8},"end":{"line":32,"column":9}},"14":{"start":{"line":33,"column":13},"end":{"line":63,"column":7}},"15":{"start":{"line":34,"column":8},"end":{"line":37,"column":9}},"16":{"start":{"line":38,"column":13},"end":{"line":63,"column":7}},"17":{"start":{"line":39,"column":8},"end":{"line":42,"column":9}},"18":{"start":{"line":44,"column":21},"end":{"line":48,"column":10}},"19":{"start":{"line":49,"column":8},"end":{"line":62,"column":9}},"20":{"start":{"line":50,"column":10},"end":{"line":53,"column":12}},"21":{"start":{"line":54,"column":15},"end":{"line":62,"column":9}},"22":{"start":{"line":55,"column":33},"end":{"line":55,"column":69}},"23":{"start":{"line":56,"column":12},"end":{"line":56,"column":51}},"24":{"start":{"line":58,"column":12},"end":{"line":61,"column":14}},"25":{"start":{"line":65,"column":6},"end":{"line":65,"column":18}},"26":{"start":{"line":70,"column":4},"end":{"line":80,"column":7}},"27":{"start":{"line":76,"column":6},"end":{"line":76,"column":109}},"28":{"start":{"line":79,"column":8},"end":{"line":79,"column":20}},"29":{"start":{"line":84,"column":4},"end":{"line":103,"column":9}},"30":{"start":{"line":92,"column":10},"end":{"line":99,"column":11}},"31":{"start":{"line":93,"column":12},"end":{"line":93,"column":39}},"32":{"start":{"line":95,"column":12},"end":{"line":98,"column":13}},"33":{"start":{"line":102,"column":10},"end":{"line":102,"column":22}},"34":{"start":{"line":107,"column":21},"end":{"line":107,"column":29}},"35":{"start":{"line":108,"column":4},"end":{"line":108,"column":46}},"36":{"start":{"line":109,"column":4},"end":{"line":115,"column":9}},"37":{"start":{"line":111,"column":8},"end":{"line":111,"column":35}},"38":{"start":{"line":114,"column":8},"end":{"line":114,"column":20}},"39":{"start":{"line":119,"column":25},"end":{"line":119,"column":33}},"40":{"start":{"line":120,"column":15},"end":{"line":120,"column":28}},"41":{"start":{"line":121,"column":4},"end":{"line":121,"column":51}},"42":{"start":{"line":122,"column":4},"end":{"line":133,"column":9}},"43":{"start":{"line":129,"column":8},"end":{"line":129,"column":41}},"44":{"start":{"line":132,"column":8},"end":{"line":132,"column":20}},"45":{"start":{"line":137,"column":15},"end":{"line":137,"column":28}},"46":{"start":{"line":138,"column":4},"end":{"line":148,"column":9}},"47":{"start":{"line":144,"column":8},"end":{"line":144,"column":66}},"48":{"start":{"line":147,"column":8},"end":{"line":147,"column":20}},"49":{"start":{"line":152,"column":0},"end":{"line":152,"column":37}}},"fnMap":{"0":{"name":"(anonymous_0)","decl":{"start":{"line":7,"column":2},"end":{"line":7,"column":3}},"loc":{"start":{"line":7,"column":49},"end":{"line":21,"column":3}},"line":7},"1":{"name":"(anonymous_1)","decl":{"start":{"line":23,"column":2},"end":{"line":23,"column":3}},"loc":{"start":{"line":23,"column":46},"end":{"line":67,"column":3}},"line":23},"2":{"name":"(anonymous_2)","decl":{"start":{"line":69,"column":2},"end":{"line":69,"column":3}},"loc":{"start":{"line":69,"column":36},"end":{"line":81,"column":3}},"line":69},"3":{"name":"(anonymous_3)","decl":{"start":{"line":75,"column":10},"end":{"line":75,"column":11}},"loc":{"start":{"line":75,"column":20},"end":{"line":77,"column":5}},"line":75},"4":{"name":"(anonymous_4)","decl":{"start":{"line":78,"column":11},"end":{"line":78,"column":12}},"loc":{"start":{"line":78,"column":22},"end":{"line":80,"column":5}},"line":78},"5":{"name":"(anonymous_5)","decl":{"start":{"line":83,"column":2},"end":{"line":83,"column":3}},"loc":{"start":{"line":83,"column":36},"end":{"line":104,"column":3}},"line":83},"6":{"name":"(anonymous_6)","decl":{"start":{"line":91,"column":12},"end":{"line":91,"column":13}},"loc":{"start":{"line":91,"column":22},"end":{"line":100,"column":7}},"line":91},"7":{"name":"(anonymous_7)","decl":{"start":{"line":101,"column":13},"end":{"line":101,"column":14}},"loc":{"start":{"line":101,"column":24},"end":{"line":103,"column":7}},"line":101},"8":{"name":"(anonymous_8)","decl":{"start":{"line":106,"column":2},"end":{"line":106,"column":3}},"loc":{"start":{"line":106,"column":37},"end":{"line":116,"column":3}},"line":106},"9":{"name":"(anonymous_9)","decl":{"start":{"line":110,"column":12},"end":{"line":110,"column":13}},"loc":{"start":{"line":110,"column":22},"end":{"line":112,"column":7}},"line":110},"10":{"name":"(anonymous_10)","decl":{"start":{"line":113,"column":13},"end":{"line":113,"column":14}},"loc":{"start":{"line":113,"column":24},"end":{"line":115,"column":7}},"line":113},"11":{"name":"(anonymous_11)","decl":{"start":{"line":118,"column":2},"end":{"line":118,"column":3}},"loc":{"start":{"line":118,"column":37},"end":{"line":134,"column":3}},"line":118},"12":{"name":"(anonymous_12)","decl":{"start":{"line":128,"column":12},"end":{"line":128,"column":13}},"loc":{"start":{"line":128,"column":22},"end":{"line":130,"column":7}},"line":128},"13":{"name":"(anonymous_13)","decl":{"start":{"line":131,"column":13},"end":{"line":131,"column":14}},"loc":{"start":{"line":131,"column":24},"end":{"line":133,"column":7}},"line":131},"14":{"name":"(anonymous_14)","decl":{"start":{"line":136,"column":2},"end":{"line":136,"column":3}},"loc":{"start":{"line":136,"column":37},"end":{"line":149,"column":3}},"line":136},"15":{"name":"(anonymous_15)","decl":{"start":{"line":143,"column":12},"end":{"line":143,"column":13}},"loc":{"start":{"line":143,"column":22},"end":{"line":145,"column":7}},"line":143},"16":{"name":"(anonymous_16)","decl":{"start":{"line":146,"column":13},"end":{"line":146,"column":14}},"loc":{"start":{"line":146,"column":24},"end":{"line":148,"column":7}},"line":146}},"branchMap":{"0":{"loc":{"start":{"line":24,"column":26},"end":{"line":24,"column":73}},"type":"binary-expr","locations":[{"start":{"line":24,"column":26},"end":{"line":24,"column":41}},{"start":{"line":24,"column":45},"end":{"line":24,"column":73}}],"line":24},"1":{"loc":{"start":{"line":25,"column":29},"end":{"line":25,"column":82}},"type":"binary-expr","locations":[{"start":{"line":25,"column":29},"end":{"line":25,"column":47}},{"start":{"line":25,"column":51},"end":{"line":25,"column":82}}],"line":25},"2":{"loc":{"start":{"line":28,"column":6},"end":{"line":63,"column":7}},"type":"if","locations":[{"start":{"line":28,"column":6},"end":{"line":63,"column":7}},{"start":{"line":28,"column":6},"end":{"line":63,"column":7}}],"line":28},"3":{"loc":{"start":{"line":28,"column":10},"end":{"line":28,"column":41}},"type":"binary-expr","locations":[{"start":{"line":28,"column":10},"end":{"line":28,"column":22}},{"start":{"line":28,"column":26},"end":{"line":28,"column":41}}],"line":28},"4":{"loc":{"start":{"line":33,"column":13},"end":{"line":63,"column":7}},"type":"if","locations":[{"start":{"line":33,"column":13},"end":{"line":63,"column":7}},{"start":{"line":33,"column":13},"end":{"line":63,"column":7}}],"line":33},"5":{"loc":{"start":{"line":38,"column":13},"end":{"line":63,"column":7}},"type":"if","locations":[{"start":{"line":38,"column":13},"end":{"line":63,"column":7}},{"start":{"line":38,"column":13},"end":{"line":63,"column":7}}],"line":38},"6":{"loc":{"start":{"line":49,"column":8},"end":{"line":62,"column":9}},"type":"if","locations":[{"start":{"line":49,"column":8},"end":{"line":62,"column":9}},{"start":{"line":49,"column":8},"end":{"line":62,"column":9}}],"line":49},"7":{"loc":{"start":{"line":54,"column":15},"end":{"line":62,"column":9}},"type":"if","locations":[{"start":{"line":54,"column":15},"end":{"line":62,"column":9}},{"start":{"line":54,"column":15},"end":{"line":62,"column":9}}],"line":54},"8":{"loc":{"start":{"line":92,"column":10},"end":{"line":99,"column":11}},"type":"if","locations":[{"start":{"line":92,"column":10},"end":{"line":99,"column":11}},{"start":{"line":92,"column":10},"end":{"line":99,"column":11}}],"line":92}},"s":{"0":3,"1":3,"2":3,"3":3,"4":11,"5":11,"6":11,"7":3,"8":8,"9":8,"10":8,"11":8,"12":8,"13":1,"14":7,"15":1,"16":6,"17":1,"18":5,"19":5,"20":2,"21":3,"22":2,"23":2,"24":1,"25":6,"26":1,"27":1,"28":0,"29":2,"30":2,"31":1,"32":1,"33":1,"34":11,"35":11,"36":11,"37":1,"38":10,"39":11,"40":11,"41":11,"42":11,"43":1,"44":10,"45":1,"46":1,"47":1,"48":0,"49":3},"f":{"0":11,"1":8,"2":1,"3":1,"4":0,"5":2,"6":2,"7":1,"8":11,"9":1,"10":10,"11":11,"12":1,"13":10,"14":1,"15":1,"16":0},"b":{"0":[8,6],"1":[8,6],"2":[1,7],"3":[8,2],"4":[1,6],"5":[1,5],"6":[2,3],"7":[2,1],"8":[1,1]},"_coverageSchema":"1a1c01bbd47fc00a2c39e90264f33305004495a9","hash":"81367ee1283acdba393c42a70fc51198a52f89d1"}
,"/home/taufiq/Project/Hacktiv8/Phase3/Final Project/rev/server/src/controllers/UserController.js": {"path":"/home/taufiq/Project/Hacktiv8/Phase3/Final Project/rev/server/src/controllers/UserController.js","statementMap":{"0":{"start":{"line":1,"column":54},"end":{"line":1,"column":74}},"1":{"start":{"line":2,"column":15},"end":{"line":2,"column":34}},"2":{"start":{"line":3,"column":26},"end":{"line":3,"column":74}},"3":{"start":{"line":4,"column":15},"end":{"line":4,"column":32}},"4":{"start":{"line":8,"column":27},"end":{"line":13,"column":9}},"5":{"start":{"line":14,"column":8},"end":{"line":20,"column":14}},"6":{"start":{"line":16,"column":16},"end":{"line":16,"column":128}},"7":{"start":{"line":19,"column":16},"end":{"line":19,"column":25}},"8":{"start":{"line":24,"column":22},"end":{"line":24,"column":36}},"9":{"start":{"line":25,"column":25},"end":{"line":25,"column":42}},"10":{"start":{"line":27,"column":8},"end":{"line":72,"column":9}},"11":{"start":{"line":28,"column":12},"end":{"line":31,"column":13}},"12":{"start":{"line":32,"column":14},"end":{"line":72,"column":9}},"13":{"start":{"line":33,"column":12},"end":{"line":36,"column":13}},"14":{"start":{"line":37,"column":14},"end":{"line":72,"column":9}},"15":{"start":{"line":38,"column":12},"end":{"line":41,"column":13}},"16":{"start":{"line":43,"column":12},"end":{"line":70,"column":18}},"17":{"start":{"line":55,"column":20},"end":{"line":65,"column":21}},"18":{"start":{"line":56,"column":24},"end":{"line":56,"column":82}},"19":{"start":{"line":58,"column":49},"end":{"line":58,"column":62}},"20":{"start":{"line":59,"column":24},"end":{"line":64,"column":25}},"21":{"start":{"line":60,"column":47},"end":{"line":60,"column":118}},"22":{"start":{"line":61,"column":28},"end":{"line":61,"column":76}},"23":{"start":{"line":63,"column":28},"end":{"line":63,"column":93}},"24":{"start":{"line":68,"column":20},"end":{"line":68,"column":37}},"25":{"start":{"line":69,"column":20},"end":{"line":69,"column":29}},"26":{"start":{"line":77,"column":8},"end":{"line":86,"column":14}},"27":{"start":{"line":81,"column":16},"end":{"line":81,"column":42}},"28":{"start":{"line":84,"column":16},"end":{"line":84,"column":35}},"29":{"start":{"line":85,"column":16},"end":{"line":85,"column":25}},"30":{"start":{"line":92,"column":26},"end":{"line":92,"column":54}},"31":{"start":{"line":94,"column":8},"end":{"line":118,"column":11}},"32":{"start":{"line":95,"column":25},"end":{"line":95,"column":58}},"33":{"start":{"line":97,"column":33},"end":{"line":106,"column":13}},"34":{"start":{"line":111,"column":28},"end":{"line":111,"column":61}},"35":{"start":{"line":113,"column":12},"end":{"line":113,"column":41}},"36":{"start":{"line":117,"column":12},"end":{"line":117,"column":43}},"37":{"start":{"line":161,"column":27},"end":{"line":161,"column":42}},"38":{"start":{"line":163,"column":8},"end":{"line":173,"column":14}},"39":{"start":{"line":169,"column":16},"end":{"line":169,"column":42}},"40":{"start":{"line":172,"column":16},"end":{"line":172,"column":41}},"41":{"start":{"line":178,"column":23},"end":{"line":178,"column":48}},"42":{"start":{"line":179,"column":26},"end":{"line":182,"column":9}},"43":{"start":{"line":183,"column":19},"end":{"line":183,"column":32}},"44":{"start":{"line":184,"column":8},"end":{"line":197,"column":14}},"45":{"start":{"line":191,"column":16},"end":{"line":191,"column":46}},"46":{"start":{"line":192,"column":16},"end":{"line":192,"column":48}},"47":{"start":{"line":195,"column":16},"end":{"line":195,"column":46}},"48":{"start":{"line":196,"column":16},"end":{"line":196,"column":25}},"49":{"start":{"line":201,"column":27},"end":{"line":201,"column":42}},"50":{"start":{"line":205,"column":8},"end":{"line":228,"column":14}},"51":{"start":{"line":218,"column":16},"end":{"line":218,"column":42}},"52":{"start":{"line":227,"column":16},"end":{"line":227,"column":41}},"53":{"start":{"line":232,"column":26},"end":{"line":235,"column":9}},"54":{"start":{"line":236,"column":8},"end":{"line":236,"column":31}},"55":{"start":{"line":238,"column":8},"end":{"line":247,"column":14}},"56":{"start":{"line":241,"column":16},"end":{"line":241,"column":42}},"57":{"start":{"line":245,"column":16},"end":{"line":245,"column":33}},"58":{"start":{"line":252,"column":19},"end":{"line":252,"column":32}},"59":{"start":{"line":256,"column":8},"end":{"line":267,"column":14}},"60":{"start":{"line":262,"column":16},"end":{"line":262,"column":81}},"61":{"start":{"line":265,"column":16},"end":{"line":265,"column":48}},"62":{"start":{"line":266,"column":16},"end":{"line":266,"column":25}},"63":{"start":{"line":271,"column":27},"end":{"line":271,"column":42}},"64":{"start":{"line":273,"column":8},"end":{"line":284,"column":14}},"65":{"start":{"line":280,"column":16},"end":{"line":280,"column":42}},"66":{"start":{"line":283,"column":16},"end":{"line":283,"column":41}},"67":{"start":{"line":289,"column":0},"end":{"line":289,"column":31}}},"fnMap":{"0":{"name":"(anonymous_0)","decl":{"start":{"line":7,"column":4},"end":{"line":7,"column":5}},"loc":{"start":{"line":7,"column":44},"end":{"line":21,"column":5}},"line":7},"1":{"name":"(anonymous_1)","decl":{"start":{"line":15,"column":18},"end":{"line":15,"column":19}},"loc":{"start":{"line":15,"column":26},"end":{"line":17,"column":13}},"line":15},"2":{"name":"(anonymous_2)","decl":{"start":{"line":18,"column":19},"end":{"line":18,"column":20}},"loc":{"start":{"line":18,"column":26},"end":{"line":20,"column":13}},"line":18},"3":{"name":"(anonymous_3)","decl":{"start":{"line":23,"column":4},"end":{"line":23,"column":5}},"loc":{"start":{"line":23,"column":41},"end":{"line":73,"column":5}},"line":23},"4":{"name":"(anonymous_4)","decl":{"start":{"line":48,"column":22},"end":{"line":48,"column":23}},"loc":{"start":{"line":48,"column":30},"end":{"line":66,"column":17}},"line":48},"5":{"name":"(anonymous_5)","decl":{"start":{"line":67,"column":23},"end":{"line":67,"column":24}},"loc":{"start":{"line":67,"column":30},"end":{"line":70,"column":17}},"line":67},"6":{"name":"(anonymous_6)","decl":{"start":{"line":75,"column":4},"end":{"line":75,"column":5}},"loc":{"start":{"line":75,"column":44},"end":{"line":87,"column":5}},"line":75},"7":{"name":"(anonymous_7)","decl":{"start":{"line":80,"column":18},"end":{"line":80,"column":19}},"loc":{"start":{"line":80,"column":26},"end":{"line":82,"column":13}},"line":80},"8":{"name":"(anonymous_8)","decl":{"start":{"line":83,"column":19},"end":{"line":83,"column":20}},"loc":{"start":{"line":83,"column":26},"end":{"line":86,"column":13}},"line":83},"9":{"name":"(anonymous_9)","decl":{"start":{"line":89,"column":4},"end":{"line":89,"column":5}},"loc":{"start":{"line":89,"column":48},"end":{"line":158,"column":5}},"line":89},"10":{"name":"(anonymous_10)","decl":{"start":{"line":160,"column":4},"end":{"line":160,"column":5}},"loc":{"start":{"line":160,"column":44},"end":{"line":174,"column":5}},"line":160},"11":{"name":"(anonymous_11)","decl":{"start":{"line":168,"column":18},"end":{"line":168,"column":19}},"loc":{"start":{"line":168,"column":26},"end":{"line":170,"column":13}},"line":168},"12":{"name":"(anonymous_12)","decl":{"start":{"line":171,"column":19},"end":{"line":171,"column":20}},"loc":{"start":{"line":171,"column":26},"end":{"line":173,"column":13}},"line":171},"13":{"name":"(anonymous_13)","decl":{"start":{"line":176,"column":4},"end":{"line":176,"column":5}},"loc":{"start":{"line":176,"column":41},"end":{"line":198,"column":5}},"line":176},"14":{"name":"(anonymous_14)","decl":{"start":{"line":190,"column":18},"end":{"line":190,"column":19}},"loc":{"start":{"line":190,"column":26},"end":{"line":193,"column":13}},"line":190},"15":{"name":"(anonymous_15)","decl":{"start":{"line":194,"column":19},"end":{"line":194,"column":20}},"loc":{"start":{"line":194,"column":26},"end":{"line":197,"column":13}},"line":194},"16":{"name":"(anonymous_16)","decl":{"start":{"line":200,"column":4},"end":{"line":200,"column":5}},"loc":{"start":{"line":200,"column":46},"end":{"line":229,"column":5}},"line":200},"17":{"name":"(anonymous_17)","decl":{"start":{"line":210,"column":18},"end":{"line":210,"column":19}},"loc":{"start":{"line":210,"column":26},"end":{"line":219,"column":13}},"line":210},"18":{"name":"(anonymous_18)","decl":{"start":{"line":225,"column":19},"end":{"line":225,"column":20}},"loc":{"start":{"line":225,"column":26},"end":{"line":228,"column":13}},"line":225},"19":{"name":"(anonymous_19)","decl":{"start":{"line":231,"column":4},"end":{"line":231,"column":5}},"loc":{"start":{"line":231,"column":39},"end":{"line":248,"column":5}},"line":231},"20":{"name":"(anonymous_20)","decl":{"start":{"line":239,"column":18},"end":{"line":239,"column":19}},"loc":{"start":{"line":239,"column":26},"end":{"line":242,"column":13}},"line":239},"21":{"name":"(anonymous_21)","decl":{"start":{"line":243,"column":19},"end":{"line":243,"column":20}},"loc":{"start":{"line":243,"column":26},"end":{"line":247,"column":13}},"line":243},"22":{"name":"(anonymous_22)","decl":{"start":{"line":250,"column":4},"end":{"line":250,"column":5}},"loc":{"start":{"line":250,"column":42},"end":{"line":268,"column":5}},"line":250},"23":{"name":"(anonymous_23)","decl":{"start":{"line":261,"column":18},"end":{"line":261,"column":19}},"loc":{"start":{"line":261,"column":26},"end":{"line":263,"column":13}},"line":261},"24":{"name":"(anonymous_24)","decl":{"start":{"line":264,"column":19},"end":{"line":264,"column":20}},"loc":{"start":{"line":264,"column":26},"end":{"line":267,"column":13}},"line":264},"25":{"name":"(anonymous_25)","decl":{"start":{"line":270,"column":4},"end":{"line":270,"column":5}},"loc":{"start":{"line":270,"column":43},"end":{"line":285,"column":5}},"line":270},"26":{"name":"(anonymous_26)","decl":{"start":{"line":279,"column":18},"end":{"line":279,"column":19}},"loc":{"start":{"line":279,"column":26},"end":{"line":281,"column":13}},"line":279},"27":{"name":"(anonymous_27)","decl":{"start":{"line":282,"column":19},"end":{"line":282,"column":20}},"loc":{"start":{"line":282,"column":26},"end":{"line":284,"column":13}},"line":282}},"branchMap":{"0":{"loc":{"start":{"line":27,"column":8},"end":{"line":72,"column":9}},"type":"if","locations":[{"start":{"line":27,"column":8},"end":{"line":72,"column":9}},{"start":{"line":27,"column":8},"end":{"line":72,"column":9}}],"line":27},"1":{"loc":{"start":{"line":27,"column":11},"end":{"line":27,"column":42}},"type":"binary-expr","locations":[{"start":{"line":27,"column":11},"end":{"line":27,"column":23}},{"start":{"line":27,"column":27},"end":{"line":27,"column":42}}],"line":27},"2":{"loc":{"start":{"line":32,"column":14},"end":{"line":72,"column":9}},"type":"if","locations":[{"start":{"line":32,"column":14},"end":{"line":72,"column":9}},{"start":{"line":32,"column":14},"end":{"line":72,"column":9}}],"line":32},"3":{"loc":{"start":{"line":37,"column":14},"end":{"line":72,"column":9}},"type":"if","locations":[{"start":{"line":37,"column":14},"end":{"line":72,"column":9}},{"start":{"line":37,"column":14},"end":{"line":72,"column":9}}],"line":37},"4":{"loc":{"start":{"line":55,"column":20},"end":{"line":65,"column":21}},"type":"if","locations":[{"start":{"line":55,"column":20},"end":{"line":65,"column":21}},{"start":{"line":55,"column":20},"end":{"line":65,"column":21}}],"line":55},"5":{"loc":{"start":{"line":59,"column":24},"end":{"line":64,"column":25}},"type":"if","locations":[{"start":{"line":59,"column":24},"end":{"line":64,"column":25}},{"start":{"line":59,"column":24},"end":{"line":64,"column":25}}],"line":59},"6":{"loc":{"start":{"line":234,"column":21},"end":{"line":234,"column":53}},"type":"binary-expr","locations":[{"start":{"line":234,"column":21},"end":{"line":234,"column":45}},{"start":{"line":234,"column":49},"end":{"line":234,"column":53}}],"line":234}},"s":{"0":3,"1":3,"2":3,"3":3,"4":7,"5":7,"6":2,"7":5,"8":6,"9":6,"10":6,"11":1,"12":5,"13":1,"14":4,"15":1,"16":3,"17":3,"18":1,"19":2,"20":2,"21":2,"22":2,"23":0,"24":0,"25":0,"26":1,"27":1,"28":0,"29":0,"30":1,"31":1,"32":1,"33":1,"34":1,"35":1,"36":0,"37":1,"38":1,"39":1,"40":0,"41":0,"42":0,"43":0,"44":0,"45":0,"46":0,"47":0,"48":0,"49":1,"50":1,"51":1,"52":0,"53":0,"54":0,"55":0,"56":0,"57":0,"58":0,"59":0,"60":0,"61":0,"62":0,"63":1,"64":1,"65":1,"66":0,"67":3},"f":{"0":7,"1":2,"2":5,"3":6,"4":3,"5":0,"6":1,"7":1,"8":0,"9":1,"10":1,"11":1,"12":0,"13":0,"14":0,"15":0,"16":1,"17":1,"18":0,"19":0,"20":0,"21":0,"22":0,"23":0,"24":0,"25":1,"26":1,"27":0},"b":{"0":[1,5],"1":[6,2],"2":[1,4],"3":[1,3],"4":[1,2],"5":[2,0],"6":[0,0]},"_coverageSchema":"1a1c01bbd47fc00a2c39e90264f33305004495a9","hash":"caeee0bd29c24ad4d2eefe5aaa4607c278cf6e59"}
,"/home/taufiq/Project/Hacktiv8/Phase3/Final Project/rev/server/src/helpers/bcrypt.js": {"path":"/home/taufiq/Project/Hacktiv8/Phase3/Final Project/rev/server/src/helpers/bcrypt.js","statementMap":{"0":{"start":{"line":1,"column":15},"end":{"line":1,"column":34}},"1":{"start":{"line":4,"column":2},"end":{"line":4,"column":38}},"2":{"start":{"line":8,"column":2},"end":{"line":8,"column":45}},"3":{"start":{"line":11,"column":0},"end":{"line":11,"column":34}}},"fnMap":{"0":{"name":"hash","decl":{"start":{"line":3,"column":9},"end":{"line":3,"column":13}},"loc":{"start":{"line":3,"column":24},"end":{"line":5,"column":1}},"line":3},"1":{"name":"compare","decl":{"start":{"line":7,"column":9},"end":{"line":7,"column":16}},"loc":{"start":{"line":7,"column":35},"end":{"line":9,"column":1}},"line":7}},"branchMap":{},"s":{"0":3,"1":2,"2":2,"3":3},"f":{"0":2,"1":2},"b":{},"_coverageSchema":"1a1c01bbd47fc00a2c39e90264f33305004495a9","hash":"9031ca62c012fd77de5ac26237f00219e59ed210"}
,"/home/taufiq/Project/Hacktiv8/Phase3/Final Project/rev/server/src/helpers/jwt.js": {"path":"/home/taufiq/Project/Hacktiv8/Phase3/Final Project/rev/server/src/helpers/jwt.js","statementMap":{"0":{"start":{"line":1,"column":12},"end":{"line":1,"column":35}},"1":{"start":{"line":4,"column":2},"end":{"line":4,"column":78}},"2":{"start":{"line":16,"column":2},"end":{"line":16,"column":37}},"3":{"start":{"line":19,"column":0},"end":{"line":19,"column":42}}},"fnMap":{"0":{"name":"getTokenAdmin","decl":{"start":{"line":3,"column":9},"end":{"line":3,"column":22}},"loc":{"start":{"line":3,"column":28},"end":{"line":5,"column":1}},"line":3},"1":{"name":"verify","decl":{"start":{"line":15,"column":9},"end":{"line":15,"column":15}},"loc":{"start":{"line":15,"column":23},"end":{"line":17,"column":1}},"line":15}},"branchMap":{},"s":{"0":3,"1":1,"2":36,"3":3},"f":{"0":1,"1":36},"b":{},"_coverageSchema":"1a1c01bbd47fc00a2c39e90264f33305004495a9","hash":"6bb1f9073f1f5ce93b08b776de9cac1230064186"}
,"/home/taufiq/Project/Hacktiv8/Phase3/Final Project/rev/server/src/middlewares/authentication.js": {"path":"/home/taufiq/Project/Hacktiv8/Phase3/Final Project/rev/server/src/middlewares/authentication.js","statementMap":{"0":{"start":{"line":1,"column":19},"end":{"line":1,"column":44}},"1":{"start":{"line":2,"column":18},"end":{"line":2,"column":44}},"2":{"start":{"line":4,"column":0},"end":{"line":28,"column":1}},"3":{"start":{"line":5,"column":2},"end":{"line":27,"column":3}},"4":{"start":{"line":6,"column":25},"end":{"line":6,"column":49}},"5":{"start":{"line":7,"column":4},"end":{"line":24,"column":5}},"6":{"start":{"line":8,"column":6},"end":{"line":11,"column":7}},"7":{"start":{"line":13,"column":27},"end":{"line":13,"column":47}},"8":{"start":{"line":14,"column":19},"end":{"line":14,"column":56}},"9":{"start":{"line":15,"column":6},"end":{"line":23,"column":7}},"10":{"start":{"line":16,"column":8},"end":{"line":16,"column":31}},"11":{"start":{"line":17,"column":8},"end":{"line":17,"column":14}},"12":{"start":{"line":19,"column":8},"end":{"line":22,"column":9}},"13":{"start":{"line":26,"column":4},"end":{"line":26,"column":15}}},"fnMap":{"0":{"name":"(anonymous_0)","decl":{"start":{"line":4,"column":17},"end":{"line":4,"column":18}},"loc":{"start":{"line":4,"column":43},"end":{"line":28,"column":1}},"line":4}},"branchMap":{"0":{"loc":{"start":{"line":7,"column":4},"end":{"line":24,"column":5}},"type":"if","locations":[{"start":{"line":7,"column":4},"end":{"line":24,"column":5}},{"start":{"line":7,"column":4},"end":{"line":24,"column":5}}],"line":7},"1":{"loc":{"start":{"line":15,"column":6},"end":{"line":23,"column":7}},"type":"if","locations":[{"start":{"line":15,"column":6},"end":{"line":23,"column":7}},{"start":{"line":15,"column":6},"end":{"line":23,"column":7}}],"line":15}},"s":{"0":3,"1":3,"2":3,"3":45,"4":45,"5":45,"6":9,"7":36,"8":33,"9":33,"10":33,"11":33,"12":0,"13":12},"f":{"0":45},"b":{"0":[9,36],"1":[33,0]},"_coverageSchema":"1a1c01bbd47fc00a2c39e90264f33305004495a9","hash":"243e0d2212111522375181132dc356e113f43cd3"}
,"/home/taufiq/Project/Hacktiv8/Phase3/Final Project/rev/server/src/middlewares/errorhandler.js": {"path":"/home/taufiq/Project/Hacktiv8/Phase3/Final Project/rev/server/src/middlewares/errorhandler.js","statementMap":{"0":{"start":{"line":2,"column":2},"end":{"line":203,"column":3}},"1":{"start":{"line":3,"column":6},"end":{"line":3,"column":60}},"2":{"start":{"line":4,"column":9},"end":{"line":203,"column":3}},"3":{"start":{"line":5,"column":19},"end":{"line":5,"column":21}},"4":{"start":{"line":6,"column":24},"end":{"line":6,"column":63}},"5":{"start":{"line":7,"column":6},"end":{"line":199,"column":7}},"6":{"start":{"line":7,"column":19},"end":{"line":7,"column":20}},"7":{"start":{"line":8,"column":8},"end":{"line":198,"column":9}},"8":{"start":{"line":9,"column":10},"end":{"line":9,"column":63}},"9":{"start":{"line":12,"column":15},"end":{"line":198,"column":9}},"10":{"start":{"line":13,"column":12},"end":{"line":29,"column":13}},"11":{"start":{"line":14,"column":14},"end":{"line":16,"column":15}},"12":{"start":{"line":15,"column":18},"end":{"line":15,"column":53}},"13":{"start":{"line":17,"column":19},"end":{"line":29,"column":13}},"14":{"start":{"line":18,"column":16},"end":{"line":20,"column":17}},"15":{"start":{"line":19,"column":20},"end":{"line":19,"column":55}},"16":{"start":{"line":21,"column":19},"end":{"line":29,"column":13}},"17":{"start":{"line":22,"column":14},"end":{"line":24,"column":15}},"18":{"start":{"line":23,"column":18},"end":{"line":23,"column":53}},"19":{"start":{"line":25,"column":19},"end":{"line":29,"column":13}},"20":{"start":{"line":26,"column":16},"end":{"line":28,"column":17}},"21":{"start":{"line":27,"column":20},"end":{"line":27,"column":55}},"22":{"start":{"line":32,"column":15},"end":{"line":198,"column":9}},"23":{"start":{"line":33,"column":12},"end":{"line":61,"column":13}},"24":{"start":{"line":34,"column":14},"end":{"line":36,"column":15}},"25":{"start":{"line":35,"column":18},"end":{"line":35,"column":53}},"26":{"start":{"line":37,"column":19},"end":{"line":61,"column":13}},"27":{"start":{"line":38,"column":14},"end":{"line":40,"column":15}},"28":{"start":{"line":39,"column":18},"end":{"line":39,"column":53}},"29":{"start":{"line":41,"column":19},"end":{"line":61,"column":13}},"30":{"start":{"line":42,"column":16},"end":{"line":44,"column":17}},"31":{"start":{"line":43,"column":20},"end":{"line":43,"column":55}},"32":{"start":{"line":45,"column":19},"end":{"line":61,"column":13}},"33":{"start":{"line":46,"column":14},"end":{"line":48,"column":15}},"34":{"start":{"line":47,"column":18},"end":{"line":47,"column":53}},"35":{"start":{"line":49,"column":19},"end":{"line":61,"column":13}},"36":{"start":{"line":50,"column":16},"end":{"line":52,"column":17}},"37":{"start":{"line":51,"column":20},"end":{"line":51,"column":55}},"38":{"start":{"line":53,"column":19},"end":{"line":61,"column":13}},"39":{"start":{"line":54,"column":14},"end":{"line":56,"column":15}},"40":{"start":{"line":55,"column":18},"end":{"line":55,"column":53}},"41":{"start":{"line":57,"column":19},"end":{"line":61,"column":13}},"42":{"start":{"line":58,"column":14},"end":{"line":60,"column":15}},"43":{"start":{"line":59,"column":18},"end":{"line":59,"column":53}},"44":{"start":{"line":64,"column":15},"end":{"line":198,"column":9}},"45":{"start":{"line":65,"column":12},"end":{"line":85,"column":13}},"46":{"start":{"line":66,"column":14},"end":{"line":68,"column":15}},"47":{"start":{"line":67,"column":18},"end":{"line":67,"column":53}},"48":{"start":{"line":69,"column":19},"end":{"line":85,"column":13}},"49":{"start":{"line":70,"column":14},"end":{"line":72,"column":15}},"50":{"start":{"line":71,"column":18},"end":{"line":71,"column":53}},"51":{"start":{"line":73,"column":19},"end":{"line":85,"column":13}},"52":{"start":{"line":74,"column":16},"end":{"line":76,"column":17}},"53":{"start":{"line":75,"column":20},"end":{"line":75,"column":55}},"54":{"start":{"line":77,"column":19},"end":{"line":85,"column":13}},"55":{"start":{"line":78,"column":14},"end":{"line":80,"column":15}},"56":{"start":{"line":79,"column":18},"end":{"line":79,"column":53}},"57":{"start":{"line":81,"column":19},"end":{"line":85,"column":13}},"58":{"start":{"line":82,"column":16},"end":{"line":84,"column":17}},"59":{"start":{"line":83,"column":20},"end":{"line":83,"column":55}},"60":{"start":{"line":88,"column":15},"end":{"line":198,"column":9}},"61":{"start":{"line":89,"column":12},"end":{"line":149,"column":13}},"62":{"start":{"line":90,"column":14},"end":{"line":92,"column":15}},"63":{"start":{"line":91,"column":16},"end":{"line":91,"column":51}},"64":{"start":{"line":93,"column":19},"end":{"line":149,"column":13}},"65":{"start":{"line":94,"column":14},"end":{"line":96,"column":15}},"66":{"start":{"line":95,"column":16},"end":{"line":95,"column":51}},"67":{"start":{"line":97,"column":19},"end":{"line":149,"column":13}},"68":{"start":{"line":98,"column":14},"end":{"line":100,"column":15}},"69":{"start":{"line":99,"column":16},"end":{"line":99,"column":51}},"70":{"start":{"line":101,"column":19},"end":{"line":149,"column":13}},"71":{"start":{"line":102,"column":14},"end":{"line":104,"column":15}},"72":{"start":{"line":103,"column":16},"end":{"line":103,"column":51}},"73":{"start":{"line":105,"column":19},"end":{"line":149,"column":13}},"74":{"start":{"line":106,"column":14},"end":{"line":108,"column":15}},"75":{"start":{"line":107,"column":16},"end":{"line":107,"column":51}},"76":{"start":{"line":109,"column":19},"end":{"line":149,"column":13}},"77":{"start":{"line":110,"column":14},"end":{"line":112,"column":15}},"78":{"start":{"line":111,"column":16},"end":{"line":111,"column":51}},"79":{"start":{"line":113,"column":19},"end":{"line":149,"column":13}},"80":{"start":{"line":114,"column":16},"end":{"line":114,"column":51}},"81":{"start":{"line":115,"column":19},"end":{"line":149,"column":13}},"82":{"start":{"line":116,"column":14},"end":{"line":118,"column":15}},"83":{"start":{"line":117,"column":16},"end":{"line":117,"column":51}},"84":{"start":{"line":119,"column":19},"end":{"line":149,"column":13}},"85":{"start":{"line":120,"column":16},"end":{"line":120,"column":51}},"86":{"start":{"line":121,"column":19},"end":{"line":149,"column":13}},"87":{"start":{"line":122,"column":14},"end":{"line":124,"column":15}},"88":{"start":{"line":123,"column":16},"end":{"line":123,"column":51}},"89":{"start":{"line":125,"column":19},"end":{"line":149,"column":13}},"90":{"start":{"line":126,"column":16},"end":{"line":126,"column":51}},"91":{"start":{"line":127,"column":19},"end":{"line":149,"column":13}},"92":{"start":{"line":128,"column":14},"end":{"line":130,"column":15}},"93":{"start":{"line":129,"column":16},"end":{"line":129,"column":51}},"94":{"start":{"line":131,"column":19},"end":{"line":149,"column":13}},"95":{"start":{"line":132,"column":16},"end":{"line":132,"column":51}},"96":{"start":{"line":133,"column":19},"end":{"line":149,"column":13}},"97":{"start":{"line":134,"column":14},"end":{"line":136,"column":15}},"98":{"start":{"line":135,"column":16},"end":{"line":135,"column":51}},"99":{"start":{"line":137,"column":19},"end":{"line":149,"column":13}},"100":{"start":{"line":138,"column":16},"end":{"line":138,"column":51}},"101":{"start":{"line":139,"column":19},"end":{"line":149,"column":13}},"102":{"start":{"line":140,"column":14},"end":{"line":142,"column":15}},"103":{"start":{"line":141,"column":16},"end":{"line":141,"column":51}},"104":{"start":{"line":143,"column":19},"end":{"line":149,"column":13}},"105":{"start":{"line":144,"column":16},"end":{"line":144,"column":51}},"106":{"start":{"line":145,"column":19},"end":{"line":149,"column":13}},"107":{"start":{"line":146,"column":14},"end":{"line":148,"column":15}},"108":{"start":{"line":147,"column":16},"end":{"line":147,"column":51}},"109":{"start":{"line":152,"column":15},"end":{"line":198,"column":9}},"110":{"start":{"line":153,"column":12},"end":{"line":181,"column":13}},"111":{"start":{"line":154,"column":14},"end":{"line":156,"column":15}},"112":{"start":{"line":155,"column":16},"end":{"line":155,"column":51}},"113":{"start":{"line":157,"column":19},"end":{"line":181,"column":13}},"114":{"start":{"line":158,"column":14},"end":{"line":160,"column":15}},"115":{"start":{"line":159,"column":16},"end":{"line":159,"column":51}},"116":{"start":{"line":161,"column":19},"end":{"line":181,"column":13}},"117":{"start":{"line":162,"column":14},"end":{"line":164,"column":15}},"118":{"start":{"line":163,"column":16},"end":{"line":163,"column":51}},"119":{"start":{"line":165,"column":19},"end":{"line":181,"column":13}},"120":{"start":{"line":166,"column":16},"end":{"line":166,"column":51}},"121":{"start":{"line":167,"column":19},"end":{"line":181,"column":13}},"122":{"start":{"line":168,"column":14},"end":{"line":170,"column":15}},"123":{"start":{"line":169,"column":16},"end":{"line":169,"column":51}},"124":{"start":{"line":171,"column":19},"end":{"line":181,"column":13}},"125":{"start":{"line":172,"column":14},"end":{"line":174,"column":15}},"126":{"start":{"line":173,"column":16},"end":{"line":173,"column":51}},"127":{"start":{"line":175,"column":19},"end":{"line":181,"column":13}},"128":{"start":{"line":176,"column":16},"end":{"line":176,"column":51}},"129":{"start":{"line":177,"column":19},"end":{"line":181,"column":13}},"130":{"start":{"line":178,"column":14},"end":{"line":180,"column":15}},"131":{"start":{"line":179,"column":16},"end":{"line":179,"column":51}},"132":{"start":{"line":184,"column":15},"end":{"line":198,"column":9}},"133":{"start":{"line":185,"column":12},"end":{"line":189,"column":13}},"134":{"start":{"line":186,"column":14},"end":{"line":188,"column":15}},"135":{"start":{"line":187,"column":16},"end":{"line":187,"column":51}},"136":{"start":{"line":192,"column":15},"end":{"line":198,"column":9}},"137":{"start":{"line":193,"column":10},"end":{"line":197,"column":11}},"138":{"start":{"line":194,"column":12},"end":{"line":196,"column":13}},"139":{"start":{"line":195,"column":14},"end":{"line":195,"column":49}},"140":{"start":{"line":200,"column":6},"end":{"line":200,"column":48}},"141":{"start":{"line":202,"column":6},"end":{"line":202,"column":65}},"142":{"start":{"line":206,"column":0},"end":{"line":206,"column":30}}},"fnMap":{"0":{"name":"errorHandler","decl":{"start":{"line":1,"column":9},"end":{"line":1,"column":21}},"loc":{"start":{"line":1,"column":43},"end":{"line":204,"column":1}},"line":1}},"branchMap":{"0":{"loc":{"start":{"line":2,"column":2},"end":{"line":203,"column":3}},"type":"if","locations":[{"start":{"line":2,"column":2},"end":{"line":203,"column":3}},{"start":{"line":2,"column":2},"end":{"line":203,"column":3}}],"line":2},"1":{"loc":{"start":{"line":4,"column":9},"end":{"line":203,"column":3}},"type":"if","locations":[{"start":{"line":4,"column":9},"end":{"line":203,"column":3}},{"start":{"line":4,"column":9},"end":{"line":203,"column":3}}],"line":4},"2":{"loc":{"start":{"line":4,"column":13},"end":{"line":4,"column":101}},"type":"binary-expr","locations":[{"start":{"line":4,"column":13},"end":{"line":4,"column":52}},{"start":{"line":4,"column":56},"end":{"line":4,"column":101}}],"line":4},"3":{"loc":{"start":{"line":8,"column":8},"end":{"line":198,"column":9}},"type":"if","locations":[{"start":{"line":8,"column":8},"end":{"line":198,"column":9}},{"start":{"line":8,"column":8},"end":{"line":198,"column":9}}],"line":8},"4":{"loc":{"start":{"line":12,"column":15},"end":{"line":198,"column":9}},"type":"if","locations":[{"start":{"line":12,"column":15},"end":{"line":198,"column":9}},{"start":{"line":12,"column":15},"end":{"line":198,"column":9}}],"line":12},"5":{"loc":{"start":{"line":13,"column":12},"end":{"line":29,"column":13}},"type":"if","locations":[{"start":{"line":13,"column":12},"end":{"line":29,"column":13}},{"start":{"line":13,"column":12},"end":{"line":29,"column":13}}],"line":13},"6":{"loc":{"start":{"line":14,"column":14},"end":{"line":16,"column":15}},"type":"if","locations":[{"start":{"line":14,"column":14},"end":{"line":16,"column":15}},{"start":{"line":14,"column":14},"end":{"line":16,"column":15}}],"line":14},"7":{"loc":{"start":{"line":17,"column":19},"end":{"line":29,"column":13}},"type":"if","locations":[{"start":{"line":17,"column":19},"end":{"line":29,"column":13}},{"start":{"line":17,"column":19},"end":{"line":29,"column":13}}],"line":17},"8":{"loc":{"start":{"line":18,"column":16},"end":{"line":20,"column":17}},"type":"if","locations":[{"start":{"line":18,"column":16},"end":{"line":20,"column":17}},{"start":{"line":18,"column":16},"end":{"line":20,"column":17}}],"line":18},"9":{"loc":{"start":{"line":21,"column":19},"end":{"line":29,"column":13}},"type":"if","locations":[{"start":{"line":21,"column":19},"end":{"line":29,"column":13}},{"start":{"line":21,"column":19},"end":{"line":29,"column":13}}],"line":21},"10":{"loc":{"start":{"line":22,"column":14},"end":{"line":24,"column":15}},"type":"if","locations":[{"start":{"line":22,"column":14},"end":{"line":24,"column":15}},{"start":{"line":22,"column":14},"end":{"line":24,"column":15}}],"line":22},"11":{"loc":{"start":{"line":25,"column":19},"end":{"line":29,"column":13}},"type":"if","locations":[{"start":{"line":25,"column":19},"end":{"line":29,"column":13}},{"start":{"line":25,"column":19},"end":{"line":29,"column":13}}],"line":25},"12":{"loc":{"start":{"line":26,"column":16},"end":{"line":28,"column":17}},"type":"if","locations":[{"start":{"line":26,"column":16},"end":{"line":28,"column":17}},{"start":{"line":26,"column":16},"end":{"line":28,"column":17}}],"line":26},"13":{"loc":{"start":{"line":32,"column":15},"end":{"line":198,"column":9}},"type":"if","locations":[{"start":{"line":32,"column":15},"end":{"line":198,"column":9}},{"start":{"line":32,"column":15},"end":{"line":198,"column":9}}],"line":32},"14":{"loc":{"start":{"line":33,"column":12},"end":{"line":61,"column":13}},"type":"if","locations":[{"start":{"line":33,"column":12},"end":{"line":61,"column":13}},{"start":{"line":33,"column":12},"end":{"line":61,"column":13}}],"line":33},"15":{"loc":{"start":{"line":34,"column":14},"end":{"line":36,"column":15}},"type":"if","locations":[{"start":{"line":34,"column":14},"end":{"line":36,"column":15}},{"start":{"line":34,"column":14},"end":{"line":36,"column":15}}],"line":34},"16":{"loc":{"start":{"line":37,"column":19},"end":{"line":61,"column":13}},"type":"if","locations":[{"start":{"line":37,"column":19},"end":{"line":61,"column":13}},{"start":{"line":37,"column":19},"end":{"line":61,"column":13}}],"line":37},"17":{"loc":{"start":{"line":38,"column":14},"end":{"line":40,"column":15}},"type":"if","locations":[{"start":{"line":38,"column":14},"end":{"line":40,"column":15}},{"start":{"line":38,"column":14},"end":{"line":40,"column":15}}],"line":38},"18":{"loc":{"start":{"line":41,"column":19},"end":{"line":61,"column":13}},"type":"if","locations":[{"start":{"line":41,"column":19},"end":{"line":61,"column":13}},{"start":{"line":41,"column":19},"end":{"line":61,"column":13}}],"line":41},"19":{"loc":{"start":{"line":42,"column":16},"end":{"line":44,"column":17}},"type":"if","locations":[{"start":{"line":42,"column":16},"end":{"line":44,"column":17}},{"start":{"line":42,"column":16},"end":{"line":44,"column":17}}],"line":42},"20":{"loc":{"start":{"line":45,"column":19},"end":{"line":61,"column":13}},"type":"if","locations":[{"start":{"line":45,"column":19},"end":{"line":61,"column":13}},{"start":{"line":45,"column":19},"end":{"line":61,"column":13}}],"line":45},"21":{"loc":{"start":{"line":46,"column":14},"end":{"line":48,"column":15}},"type":"if","locations":[{"start":{"line":46,"column":14},"end":{"line":48,"column":15}},{"start":{"line":46,"column":14},"end":{"line":48,"column":15}}],"line":46},"22":{"loc":{"start":{"line":49,"column":19},"end":{"line":61,"column":13}},"type":"if","locations":[{"start":{"line":49,"column":19},"end":{"line":61,"column":13}},{"start":{"line":49,"column":19},"end":{"line":61,"column":13}}],"line":49},"23":{"loc":{"start":{"line":50,"column":16},"end":{"line":52,"column":17}},"type":"if","locations":[{"start":{"line":50,"column":16},"end":{"line":52,"column":17}},{"start":{"line":50,"column":16},"end":{"line":52,"column":17}}],"line":50},"24":{"loc":{"start":{"line":53,"column":19},"end":{"line":61,"column":13}},"type":"if","locations":[{"start":{"line":53,"column":19},"end":{"line":61,"column":13}},{"start":{"line":53,"column":19},"end":{"line":61,"column":13}}],"line":53},"25":{"loc":{"start":{"line":54,"column":14},"end":{"line":56,"column":15}},"type":"if","locations":[{"start":{"line":54,"column":14},"end":{"line":56,"column":15}},{"start":{"line":54,"column":14},"end":{"line":56,"column":15}}],"line":54},"26":{"loc":{"start":{"line":57,"column":19},"end":{"line":61,"column":13}},"type":"if","locations":[{"start":{"line":57,"column":19},"end":{"line":61,"column":13}},{"start":{"line":57,"column":19},"end":{"line":61,"column":13}}],"line":57},"27":{"loc":{"start":{"line":58,"column":14},"end":{"line":60,"column":15}},"type":"if","locations":[{"start":{"line":58,"column":14},"end":{"line":60,"column":15}},{"start":{"line":58,"column":14},"end":{"line":60,"column":15}}],"line":58},"28":{"loc":{"start":{"line":64,"column":15},"end":{"line":198,"column":9}},"type":"if","locations":[{"start":{"line":64,"column":15},"end":{"line":198,"column":9}},{"start":{"line":64,"column":15},"end":{"line":198,"column":9}}],"line":64},"29":{"loc":{"start":{"line":65,"column":12},"end":{"line":85,"column":13}},"type":"if","locations":[{"start":{"line":65,"column":12},"end":{"line":85,"column":13}},{"start":{"line":65,"column":12},"end":{"line":85,"column":13}}],"line":65},"30":{"loc":{"start":{"line":66,"column":14},"end":{"line":68,"column":15}},"type":"if","locations":[{"start":{"line":66,"column":14},"end":{"line":68,"column":15}},{"start":{"line":66,"column":14},"end":{"line":68,"column":15}}],"line":66},"31":{"loc":{"start":{"line":69,"column":19},"end":{"line":85,"column":13}},"type":"if","locations":[{"start":{"line":69,"column":19},"end":{"line":85,"column":13}},{"start":{"line":69,"column":19},"end":{"line":85,"column":13}}],"line":69},"32":{"loc":{"start":{"line":70,"column":14},"end":{"line":72,"column":15}},"type":"if","locations":[{"start":{"line":70,"column":14},"end":{"line":72,"column":15}},{"start":{"line":70,"column":14},"end":{"line":72,"column":15}}],"line":70},"33":{"loc":{"start":{"line":73,"column":19},"end":{"line":85,"column":13}},"type":"if","locations":[{"start":{"line":73,"column":19},"end":{"line":85,"column":13}},{"start":{"line":73,"column":19},"end":{"line":85,"column":13}}],"line":73},"34":{"loc":{"start":{"line":74,"column":16},"end":{"line":76,"column":17}},"type":"if","locations":[{"start":{"line":74,"column":16},"end":{"line":76,"column":17}},{"start":{"line":74,"column":16},"end":{"line":76,"column":17}}],"line":74},"35":{"loc":{"start":{"line":77,"column":19},"end":{"line":85,"column":13}},"type":"if","locations":[{"start":{"line":77,"column":19},"end":{"line":85,"column":13}},{"start":{"line":77,"column":19},"end":{"line":85,"column":13}}],"line":77},"36":{"loc":{"start":{"line":78,"column":14},"end":{"line":80,"column":15}},"type":"if","locations":[{"start":{"line":78,"column":14},"end":{"line":80,"column":15}},{"start":{"line":78,"column":14},"end":{"line":80,"column":15}}],"line":78},"37":{"loc":{"start":{"line":81,"column":19},"end":{"line":85,"column":13}},"type":"if","locations":[{"start":{"line":81,"column":19},"end":{"line":85,"column":13}},{"start":{"line":81,"column":19},"end":{"line":85,"column":13}}],"line":81},"38":{"loc":{"start":{"line":82,"column":16},"end":{"line":84,"column":17}},"type":"if","locations":[{"start":{"line":82,"column":16},"end":{"line":84,"column":17}},{"start":{"line":82,"column":16},"end":{"line":84,"column":17}}],"line":82},"39":{"loc":{"start":{"line":88,"column":15},"end":{"line":198,"column":9}},"type":"if","locations":[{"start":{"line":88,"column":15},"end":{"line":198,"column":9}},{"start":{"line":88,"column":15},"end":{"line":198,"column":9}}],"line":88},"40":{"loc":{"start":{"line":89,"column":12},"end":{"line":149,"column":13}},"type":"if","locations":[{"start":{"line":89,"column":12},"end":{"line":149,"column":13}},{"start":{"line":89,"column":12},"end":{"line":149,"column":13}}],"line":89},"41":{"loc":{"start":{"line":90,"column":14},"end":{"line":92,"column":15}},"type":"if","locations":[{"start":{"line":90,"column":14},"end":{"line":92,"column":15}},{"start":{"line":90,"column":14},"end":{"line":92,"column":15}}],"line":90},"42":{"loc":{"start":{"line":93,"column":19},"end":{"line":149,"column":13}},"type":"if","locations":[{"start":{"line":93,"column":19},"end":{"line":149,"column":13}},{"start":{"line":93,"column":19},"end":{"line":149,"column":13}}],"line":93},"43":{"loc":{"start":{"line":94,"column":14},"end":{"line":96,"column":15}},"type":"if","locations":[{"start":{"line":94,"column":14},"end":{"line":96,"column":15}},{"start":{"line":94,"column":14},"end":{"line":96,"column":15}}],"line":94},"44":{"loc":{"start":{"line":97,"column":19},"end":{"line":149,"column":13}},"type":"if","locations":[{"start":{"line":97,"column":19},"end":{"line":149,"column":13}},{"start":{"line":97,"column":19},"end":{"line":149,"column":13}}],"line":97},"45":{"loc":{"start":{"line":98,"column":14},"end":{"line":100,"column":15}},"type":"if","locations":[{"start":{"line":98,"column":14},"end":{"line":100,"column":15}},{"start":{"line":98,"column":14},"end":{"line":100,"column":15}}],"line":98},"46":{"loc":{"start":{"line":101,"column":19},"end":{"line":149,"column":13}},"type":"if","locations":[{"start":{"line":101,"column":19},"end":{"line":149,"column":13}},{"start":{"line":101,"column":19},"end":{"line":149,"column":13}}],"line":101},"47":{"loc":{"start":{"line":102,"column":14},"end":{"line":104,"column":15}},"type":"if","locations":[{"start":{"line":102,"column":14},"end":{"line":104,"column":15}},{"start":{"line":102,"column":14},"end":{"line":104,"column":15}}],"line":102},"48":{"loc":{"start":{"line":105,"column":19},"end":{"line":149,"column":13}},"type":"if","locations":[{"start":{"line":105,"column":19},"end":{"line":149,"column":13}},{"start":{"line":105,"column":19},"end":{"line":149,"column":13}}],"line":105},"49":{"loc":{"start":{"line":106,"column":14},"end":{"line":108,"column":15}},"type":"if","locations":[{"start":{"line":106,"column":14},"end":{"line":108,"column":15}},{"start":{"line":106,"column":14},"end":{"line":108,"column":15}}],"line":106},"50":{"loc":{"start":{"line":109,"column":19},"end":{"line":149,"column":13}},"type":"if","locations":[{"start":{"line":109,"column":19},"end":{"line":149,"column":13}},{"start":{"line":109,"column":19},"end":{"line":149,"column":13}}],"line":109},"51":{"loc":{"start":{"line":110,"column":14},"end":{"line":112,"column":15}},"type":"if","locations":[{"start":{"line":110,"column":14},"end":{"line":112,"column":15}},{"start":{"line":110,"column":14},"end":{"line":112,"column":15}}],"line":110},"52":{"loc":{"start":{"line":113,"column":19},"end":{"line":149,"column":13}},"type":"if","locations":[{"start":{"line":113,"column":19},"end":{"line":149,"column":13}},{"start":{"line":113,"column":19},"end":{"line":149,"column":13}}],"line":113},"53":{"loc":{"start":{"line":115,"column":19},"end":{"line":149,"column":13}},"type":"if","locations":[{"start":{"line":115,"column":19},"end":{"line":149,"column":13}},{"start":{"line":115,"column":19},"end":{"line":149,"column":13}}],"line":115},"54":{"loc":{"start":{"line":116,"column":14},"end":{"line":118,"column":15}},"type":"if","locations":[{"start":{"line":116,"column":14},"end":{"line":118,"column":15}},{"start":{"line":116,"column":14},"end":{"line":118,"column":15}}],"line":116},"55":{"loc":{"start":{"line":119,"column":19},"end":{"line":149,"column":13}},"type":"if","locations":[{"start":{"line":119,"column":19},"end":{"line":149,"column":13}},{"start":{"line":119,"column":19},"end":{"line":149,"column":13}}],"line":119},"56":{"loc":{"start":{"line":121,"column":19},"end":{"line":149,"column":13}},"type":"if","locations":[{"start":{"line":121,"column":19},"end":{"line":149,"column":13}},{"start":{"line":121,"column":19},"end":{"line":149,"column":13}}],"line":121},"57":{"loc":{"start":{"line":122,"column":14},"end":{"line":124,"column":15}},"type":"if","locations":[{"start":{"line":122,"column":14},"end":{"line":124,"column":15}},{"start":{"line":122,"column":14},"end":{"line":124,"column":15}}],"line":122},"58":{"loc":{"start":{"line":125,"column":19},"end":{"line":149,"column":13}},"type":"if","locations":[{"start":{"line":125,"column":19},"end":{"line":149,"column":13}},{"start":{"line":125,"column":19},"end":{"line":149,"column":13}}],"line":125},"59":{"loc":{"start":{"line":127,"column":19},"end":{"line":149,"column":13}},"type":"if","locations":[{"start":{"line":127,"column":19},"end":{"line":149,"column":13}},{"start":{"line":127,"column":19},"end":{"line":149,"column":13}}],"line":127},"60":{"loc":{"start":{"line":128,"column":14},"end":{"line":130,"column":15}},"type":"if","locations":[{"start":{"line":128,"column":14},"end":{"line":130,"column":15}},{"start":{"line":128,"column":14},"end":{"line":130,"column":15}}],"line":128},"61":{"loc":{"start":{"line":131,"column":19},"end":{"line":149,"column":13}},"type":"if","locations":[{"start":{"line":131,"column":19},"end":{"line":149,"column":13}},{"start":{"line":131,"column":19},"end":{"line":149,"column":13}}],"line":131},"62":{"loc":{"start":{"line":133,"column":19},"end":{"line":149,"column":13}},"type":"if","locations":[{"start":{"line":133,"column":19},"end":{"line":149,"column":13}},{"start":{"line":133,"column":19},"end":{"line":149,"column":13}}],"line":133},"63":{"loc":{"start":{"line":134,"column":14},"end":{"line":136,"column":15}},"type":"if","locations":[{"start":{"line":134,"column":14},"end":{"line":136,"column":15}},{"start":{"line":134,"column":14},"end":{"line":136,"column":15}}],"line":134},"64":{"loc":{"start":{"line":137,"column":19},"end":{"line":149,"column":13}},"type":"if","locations":[{"start":{"line":137,"column":19},"end":{"line":149,"column":13}},{"start":{"line":137,"column":19},"end":{"line":149,"column":13}}],"line":137},"65":{"loc":{"start":{"line":139,"column":19},"end":{"line":149,"column":13}},"type":"if","locations":[{"start":{"line":139,"column":19},"end":{"line":149,"column":13}},{"start":{"line":139,"column":19},"end":{"line":149,"column":13}}],"line":139},"66":{"loc":{"start":{"line":140,"column":14},"end":{"line":142,"column":15}},"type":"if","locations":[{"start":{"line":140,"column":14},"end":{"line":142,"column":15}},{"start":{"line":140,"column":14},"end":{"line":142,"column":15}}],"line":140},"67":{"loc":{"start":{"line":143,"column":19},"end":{"line":149,"column":13}},"type":"if","locations":[{"start":{"line":143,"column":19},"end":{"line":149,"column":13}},{"start":{"line":143,"column":19},"end":{"line":149,"column":13}}],"line":143},"68":{"loc":{"start":{"line":145,"column":19},"end":{"line":149,"column":13}},"type":"if","locations":[{"start":{"line":145,"column":19},"end":{"line":149,"column":13}},{"start":{"line":145,"column":19},"end":{"line":149,"column":13}}],"line":145},"69":{"loc":{"start":{"line":146,"column":14},"end":{"line":148,"column":15}},"type":"if","locations":[{"start":{"line":146,"column":14},"end":{"line":148,"column":15}},{"start":{"line":146,"column":14},"end":{"line":148,"column":15}}],"line":146},"70":{"loc":{"start":{"line":152,"column":15},"end":{"line":198,"column":9}},"type":"if","locations":[{"start":{"line":152,"column":15},"end":{"line":198,"column":9}},{"start":{"line":152,"column":15},"end":{"line":198,"column":9}}],"line":152},"71":{"loc":{"start":{"line":153,"column":12},"end":{"line":181,"column":13}},"type":"if","locations":[{"start":{"line":153,"column":12},"end":{"line":181,"column":13}},{"start":{"line":153,"column":12},"end":{"line":181,"column":13}}],"line":153},"72":{"loc":{"start":{"line":154,"column":14},"end":{"line":156,"column":15}},"type":"if","locations":[{"start":{"line":154,"column":14},"end":{"line":156,"column":15}},{"start":{"line":154,"column":14},"end":{"line":156,"column":15}}],"line":154},"73":{"loc":{"start":{"line":157,"column":19},"end":{"line":181,"column":13}},"type":"if","locations":[{"start":{"line":157,"column":19},"end":{"line":181,"column":13}},{"start":{"line":157,"column":19},"end":{"line":181,"column":13}}],"line":157},"74":{"loc":{"start":{"line":158,"column":14},"end":{"line":160,"column":15}},"type":"if","locations":[{"start":{"line":158,"column":14},"end":{"line":160,"column":15}},{"start":{"line":158,"column":14},"end":{"line":160,"column":15}}],"line":158},"75":{"loc":{"start":{"line":161,"column":19},"end":{"line":181,"column":13}},"type":"if","locations":[{"start":{"line":161,"column":19},"end":{"line":181,"column":13}},{"start":{"line":161,"column":19},"end":{"line":181,"column":13}}],"line":161},"76":{"loc":{"start":{"line":162,"column":14},"end":{"line":164,"column":15}},"type":"if","locations":[{"start":{"line":162,"column":14},"end":{"line":164,"column":15}},{"start":{"line":162,"column":14},"end":{"line":164,"column":15}}],"line":162},"77":{"loc":{"start":{"line":165,"column":19},"end":{"line":181,"column":13}},"type":"if","locations":[{"start":{"line":165,"column":19},"end":{"line":181,"column":13}},{"start":{"line":165,"column":19},"end":{"line":181,"column":13}}],"line":165},"78":{"loc":{"start":{"line":167,"column":19},"end":{"line":181,"column":13}},"type":"if","locations":[{"start":{"line":167,"column":19},"end":{"line":181,"column":13}},{"start":{"line":167,"column":19},"end":{"line":181,"column":13}}],"line":167},"79":{"loc":{"start":{"line":168,"column":14},"end":{"line":170,"column":15}},"type":"if","locations":[{"start":{"line":168,"column":14},"end":{"line":170,"column":15}},{"start":{"line":168,"column":14},"end":{"line":170,"column":15}}],"line":168},"80":{"loc":{"start":{"line":171,"column":19},"end":{"line":181,"column":13}},"type":"if","locations":[{"start":{"line":171,"column":19},"end":{"line":181,"column":13}},{"start":{"line":171,"column":19},"end":{"line":181,"column":13}}],"line":171},"81":{"loc":{"start":{"line":172,"column":14},"end":{"line":174,"column":15}},"type":"if","locations":[{"start":{"line":172,"column":14},"end":{"line":174,"column":15}},{"start":{"line":172,"column":14},"end":{"line":174,"column":15}}],"line":172},"82":{"loc":{"start":{"line":175,"column":19},"end":{"line":181,"column":13}},"type":"if","locations":[{"start":{"line":175,"column":19},"end":{"line":181,"column":13}},{"start":{"line":175,"column":19},"end":{"line":181,"column":13}}],"line":175},"83":{"loc":{"start":{"line":177,"column":19},"end":{"line":181,"column":13}},"type":"if","locations":[{"start":{"line":177,"column":19},"end":{"line":181,"column":13}},{"start":{"line":177,"column":19},"end":{"line":181,"column":13}}],"line":177},"84":{"loc":{"start":{"line":178,"column":14},"end":{"line":180,"column":15}},"type":"if","locations":[{"start":{"line":178,"column":14},"end":{"line":180,"column":15}},{"start":{"line":178,"column":14},"end":{"line":180,"column":15}}],"line":178},"85":{"loc":{"start":{"line":184,"column":15},"end":{"line":198,"column":9}},"type":"if","locations":[{"start":{"line":184,"column":15},"end":{"line":198,"column":9}},{"start":{"line":184,"column":15},"end":{"line":198,"column":9}}],"line":184},"86":{"loc":{"start":{"line":185,"column":12},"end":{"line":189,"column":13}},"type":"if","locations":[{"start":{"line":185,"column":12},"end":{"line":189,"column":13}},{"start":{"line":185,"column":12},"end":{"line":189,"column":13}}],"line":185},"87":{"loc":{"start":{"line":186,"column":14},"end":{"line":188,"column":15}},"type":"if","locations":[{"start":{"line":186,"column":14},"end":{"line":188,"column":15}},{"start":{"line":186,"column":14},"end":{"line":188,"column":15}}],"line":186},"88":{"loc":{"start":{"line":192,"column":15},"end":{"line":198,"column":9}},"type":"if","locations":[{"start":{"line":192,"column":15},"end":{"line":198,"column":9}},{"start":{"line":192,"column":15},"end":{"line":198,"column":9}}],"line":192},"89":{"loc":{"start":{"line":193,"column":10},"end":{"line":197,"column":11}},"type":"if","locations":[{"start":{"line":193,"column":10},"end":{"line":197,"column":11}},{"start":{"line":193,"column":10},"end":{"line":197,"column":11}}],"line":193},"90":{"loc":{"start":{"line":194,"column":12},"end":{"line":196,"column":13}},"type":"if","locations":[{"start":{"line":194,"column":12},"end":{"line":196,"column":13}},{"start":{"line":194,"column":12},"end":{"line":196,"column":13}}],"line":194}},"s":{"0":88,"1":41,"2":47,"3":44,"4":44,"5":44,"6":44,"7":61,"8":2,"9":59,"10":8,"11":2,"12":2,"13":6,"14":2,"15":0,"16":4,"17":2,"18":2,"19":2,"20":2,"21":0,"22":51,"23":16,"24":2,"25":2,"26":14,"27":2,"28":2,"29":12,"30":3,"31":1,"32":9,"33":2,"34":2,"35":7,"36":3,"37":1,"38":4,"39":2,"40":2,"41":2,"42":2,"43":2,"44":35,"45":7,"46":1,"47":1,"48":6,"49":1,"50":1,"51":5,"52":2,"53":1,"54":3,"55":1,"56":1,"57":2,"58":2,"59":1,"60":28,"61":26,"62":6,"63":6,"64":20,"65":0,"66":0,"67":20,"68":0,"69":0,"70":20,"71":3,"72":3,"73":17,"74":0,"75":0,"76":17,"77":5,"78":5,"79":12,"80":0,"81":12,"82":2,"83":2,"84":10,"85":0,"86":10,"87":2,"88":2,"89":8,"90":0,"91":8,"92":2,"93":2,"94":6,"95":0,"96":6,"97":2,"98":2,"99":4,"100":0,"101":4,"102":2,"103":2,"104":2,"105":0,"106":2,"107":2,"108":2,"109":2,"110":0,"111":0,"112":0,"113":0,"114":0,"115":0,"116":0,"117":0,"118":0,"119":0,"120":0,"121":0,"122":0,"123":0,"124":0,"125":0,"126":0,"127":0,"128":0,"129":0,"130":0,"131":0,"132":2,"133":2,"134":2,"135":2,"136":0,"137":0,"138":0,"139":0,"140":44,"141":3,"142":3},"f":{"0":88},"b":{"0":[41,47],"1":[44,3],"2":[47,5],"3":[2,59],"4":[8,51],"5":[2,6],"6":[2,0],"7":[2,4],"8":[0,2],"9":[2,2],"10":[2,0],"11":[2,0],"12":[0,2],"13":[16,35],"14":[2,14],"15":[2,0],"16":[2,12],"17":[2,0],"18":[3,9],"19":[1,2],"20":[2,7],"21":[2,0],"22":[3,4],"23":[1,2],"24":[2,2],"25":[2,0],"26":[2,0],"27":[2,0],"28":[7,28],"29":[1,6],"30":[1,0],"31":[1,5],"32":[1,0],"33":[2,3],"34":[1,1],"35":[1,2],"36":[1,0],"37":[2,0],"38":[1,1],"39":[26,2],"40":[6,20],"41":[6,0],"42":[0,20],"43":[0,0],"44":[0,20],"45":[0,0],"46":[3,17],"47":[3,0],"48":[0,17],"49":[0,0],"50":[5,12],"51":[5,0],"52":[0,12],"53":[2,10],"54":[2,0],"55":[0,10],"56":[2,8],"57":[2,0],"58":[0,8],"59":[2,6],"60":[2,0],"61":[0,6],"62":[2,4],"63":[2,0],"64":[0,4],"65":[2,2],"66":[2,0],"67":[0,2],"68":[2,0],"69":[2,0],"70":[0,2],"71":[0,0],"72":[0,0],"73":[0,0],"74":[0,0],"75":[0,0],"76":[0,0],"77":[0,0],"78":[0,0],"79":[0,0],"80":[0,0],"81":[0,0],"82":[0,0],"83":[0,0],"84":[0,0],"85":[2,0],"86":[2,0],"87":[2,0],"88":[0,0],"89":[0,0],"90":[0,0]},"_coverageSchema":"1a1c01bbd47fc00a2c39e90264f33305004495a9","hash":"7f72171b7ac2535bf3cfb89cad9053a43bf960bf"}
[...]
,"/home/taufiq/Project/Hacktiv8/Phase3/Final Project/rev/server/src/models/index.js": {"path":"/home/taufiq/Project/Hacktiv8/Phase3/Final Project/rev/server/src/models/index.js","statementMap":{"0":{"start":{"line":3,"column":11},"end":{"line":3,"column":24}},"1":{"start":{"line":4,"column":13},"end":{"line":4,"column":28}},"2":{"start":{"line":5,"column":18},"end":{"line":5,"column":38}},"3":{"start":{"line":6,"column":17},"end":{"line":6,"column":42}},"4":{"start":{"line":7,"column":12},"end":{"line":7,"column":49}},"5":{"start":{"line":8,"column":15},"end":{"line":8,"column":68}},"6":{"start":{"line":9,"column":11},"end":{"line":9,"column":13}},"7":{"start":{"line":12,"column":0},"end":{"line":16,"column":1}},"8":{"start":{"line":13,"column":2},"end":{"line":13,"column":94}},"9":{"start":{"line":15,"column":2},"end":{"line":15,"column":107}},"10":{"start":{"line":18,"column":0},"end":{"line":26,"column":5}},"11":{"start":{"line":21,"column":4},"end":{"line":21,"column":90}},"12":{"start":{"line":24,"column":18},"end":{"line":24,"column":85}},"13":{"start":{"line":25,"column":4},"end":{"line":25,"column":27}},"14":{"start":{"line":28,"column":0},"end":{"line":32,"column":3}},"15":{"start":{"line":29,"column":2},"end":{"line":31,"column":3}},"16":{"start":{"line":30,"column":4},"end":{"line":30,"column":32}},"17":{"start":{"line":34,"column":0},"end":{"line":34,"column":25}},"18":{"start":{"line":35,"column":0},"end":{"line":35,"column":25}},"19":{"start":{"line":37,"column":0},"end":{"line":37,"column":20}}},"fnMap":{"0":{"name":"(anonymous_0)","decl":{"start":{"line":20,"column":10},"end":{"line":20,"column":11}},"loc":{"start":{"line":20,"column":18},"end":{"line":22,"column":3}},"line":20},"1":{"name":"(anonymous_1)","decl":{"start":{"line":23,"column":11},"end":{"line":23,"column":12}},"loc":{"start":{"line":23,"column":19},"end":{"line":26,"column":3}},"line":23},"2":{"name":"(anonymous_2)","decl":{"start":{"line":28,"column":24},"end":{"line":28,"column":25}},"loc":{"start":{"line":28,"column":37},"end":{"line":32,"column":1}},"line":28}},"branchMap":{"0":{"loc":{"start":{"line":7,"column":12},"end":{"line":7,"column":49}},"type":"binary-expr","locations":[{"start":{"line":7,"column":12},"end":{"line":7,"column":32}},{"start":{"line":7,"column":36},"end":{"line":7,"column":49}}],"line":7},"1":{"loc":{"start":{"line":12,"column":0},"end":{"line":16,"column":1}},"type":"if","locations":[{"start":{"line":12,"column":0},"end":{"line":16,"column":1}},{"start":{"line":12,"column":0},"end":{"line":16,"column":1}}],"line":12},"2":{"loc":{"start":{"line":21,"column":11},"end":{"line":21,"column":89}},"type":"binary-expr","locations":[{"start":{"line":21,"column":12},"end":{"line":21,"column":35}},{"start":{"line":21,"column":41},"end":{"line":21,"column":58}},{"start":{"line":21,"column":64},"end":{"line":21,"column":88}}],"line":21},"3":{"loc":{"start":{"line":29,"column":2},"end":{"line":31,"column":3}},"type":"if","locations":[{"start":{"line":29,"column":2},"end":{"line":31,"column":3}},{"start":{"line":29,"column":2},"end":{"line":31,"column":3}}],"line":29}},"s":{"0":3,"1":3,"2":3,"3":3,"4":3,"5":3,"6":3,"7":3,"8":0,"9":3,"10":3,"11":30,"12":27,"13":27,"14":3,"15":27,"16":27,"17":3,"18":3,"19":3},"f":{"0":30,"1":27,"2":27},"b":{"0":[3,0],"1":[0,3],"2":[30,30,27],"3":[27,0]},"_coverageSchema":"1a1c01bbd47fc00a2c39e90264f33305004495a9","hash":"7b195d8c19cb72913ea3bd04d0dcba3817f86796"}
,"/home/taufiq/Project/Hacktiv8/Phase3/Final Project/rev/server/src/models/organizer.js": {"path":"/home/taufiq/Project/Hacktiv8/Phase3/Final Project/rev/server/src/models/organizer.js","statementMap":{"0":{"start":{"line":2,"column":17},"end":{"line":2,"column":54}},"1":{"start":{"line":5,"column":4},"end":{"line":5,"column":24}},"2":{"start":{"line":6,"column":0},"end":{"line":108,"column":2}},"3":{"start":{"line":15,"column":6},"end":{"line":15,"column":37}},"4":{"start":{"line":18,"column":2},"end":{"line":100,"column":5}},"5":{"start":{"line":102,"column":2},"end":{"line":105,"column":5}},"6":{"start":{"line":103,"column":17},"end":{"line":103,"column":40}},"7":{"start":{"line":104,"column":4},"end":{"line":104,"column":31}},"8":{"start":{"line":107,"column":2},"end":{"line":107,"column":19}}},"fnMap":{"0":{"name":"(anonymous_0)","decl":{"start":{"line":6,"column":17},"end":{"line":6,"column":18}},"loc":{"start":{"line":6,"column":43},"end":{"line":108,"column":1}},"line":6},"1":{"name":"(anonymous_1)","decl":{"start":{"line":13,"column":4},"end":{"line":13,"column":5}},"loc":{"start":{"line":13,"column":29},"end":{"line":16,"column":5}},"line":13},"2":{"name":"(anonymous_2)","decl":{"start":{"line":102,"column":25},"end":{"line":102,"column":26}},"loc":{"start":{"line":102,"column":48},"end":{"line":105,"column":3}},"line":102}},"branchMap":{},"s":{"0":3,"1":3,"2":3,"3":3,"4":3,"5":3,"6":3,"7":3,"8":3},"f":{"0":3,"1":3,"2":3},"b":{},"_coverageSchema":"1a1c01bbd47fc00a2c39e90264f33305004495a9","hash":"fac2fcd3e20625e0718dd6a316b9bd0f68d9b84e"}
,"/home/taufiq/Project/Hacktiv8/Phase3/Final Project/rev/server/src/models/status.js": {"path":"/home/taufiq/Project/Hacktiv8/Phase3/Final Project/rev/server/src/models/status.js","statementMap":{"0":{"start":{"line":4,"column":4},"end":{"line":4,"column":24}},"1":{"start":{"line":5,"column":0},"end":{"line":36,"column":2}},"2":{"start":{"line":14,"column":6},"end":{"line":14,"column":34}},"3":{"start":{"line":17,"column":2},"end":{"line":34,"column":5}},"4":{"start":{"line":35,"column":2},"end":{"line":35,"column":16}}},"fnMap":{"0":{"name":"(anonymous_0)","decl":{"start":{"line":5,"column":17},"end":{"line":5,"column":18}},"loc":{"start":{"line":5,"column":43},"end":{"line":36,"column":1}},"line":5},"1":{"name":"(anonymous_1)","decl":{"start":{"line":12,"column":4},"end":{"line":12,"column":5}},"loc":{"start":{"line":12,"column":29},"end":{"line":15,"column":5}},"line":12}},"branchMap":{},"s":{"0":3,"1":3,"2":3,"3":3,"4":3},"f":{"0":3,"1":3},"b":{},"_coverageSchema":"1a1c01bbd47fc00a2c39e90264f33305004495a9","hash":"7ddaf8259a5cf23a0578a5a355286aea56470f35"}
,"/home/taufiq/Project/Hacktiv8/Phase3/Final Project/rev/server/src/models/ticket.js": {"path":"/home/taufiq/Project/Hacktiv8/Phase3/Final Project/rev/server/src/models/ticket.js","statementMap":{"0":{"start":{"line":4,"column":4},"end":{"line":4,"column":24}},"1":{"start":{"line":5,"column":0},"end":{"line":92,"column":2}},"2":{"start":{"line":14,"column":6},"end":{"line":14,"column":36}},"3":{"start":{"line":15,"column":6},"end":{"line":15,"column":39}},"4":{"start":{"line":18,"column":2},"end":{"line":90,"column":5}},"5":{"start":{"line":91,"column":2},"end":{"line":91,"column":16}}},"fnMap":{"0":{"name":"(anonymous_0)","decl":{"start":{"line":5,"column":17},"end":{"line":5,"column":18}},"loc":{"start":{"line":5,"column":43},"end":{"line":92,"column":1}},"line":5},"1":{"name":"(anonymous_1)","decl":{"start":{"line":12,"column":4},"end":{"line":12,"column":5}},"loc":{"start":{"line":12,"column":29},"end":{"line":16,"column":5}},"line":12}},"branchMap":{},"s":{"0":3,"1":3,"2":3,"3":3,"4":3,"5":3},"f":{"0":3,"1":3},"b":{},"_coverageSchema":"1a1c01bbd47fc00a2c39e90264f33305004495a9","hash":"6d38e44315e2ccef599cb3d1b1863d474079c610"}
,"/home/taufiq/Project/Hacktiv8/Phase3/Final Project/rev/server/src/models/type.js": {"path":"/home/taufiq/Project/Hacktiv8/Phase3/Final Project/rev/server/src/models/type.js","statementMap":{"0":{"start":{"line":4,"column":4},"end":{"line":4,"column":24}},"1":{"start":{"line":5,"column":0},"end":{"line":24,"column":2}},"2":{"start":{"line":14,"column":6},"end":{"line":14,"column":37}},"3":{"start":{"line":17,"column":2},"end":{"line":22,"column":5}},"4":{"start":{"line":23,"column":2},"end":{"line":23,"column":19}}},"fnMap":{"0":{"name":"(anonymous_0)","decl":{"start":{"line":5,"column":17},"end":{"line":5,"column":18}},"loc":{"start":{"line":5,"column":43},"end":{"line":24,"column":1}},"line":5},"1":{"name":"(anonymous_1)","decl":{"start":{"line":12,"column":4},"end":{"line":12,"column":5}},"loc":{"start":{"line":12,"column":29},"end":{"line":15,"column":5}},"line":12}},"branchMap":{},"s":{"0":3,"1":3,"2":3,"3":3,"4":3},"f":{"0":3,"1":3},"b":{},"_coverageSchema":"1a1c01bbd47fc00a2c39e90264f33305004495a9","hash":"ddcc0cd8ce3d55155512adca94654bcb9399212d"}
,"/home/taufiq/Project/Hacktiv8/Phase3/Final Project/rev/server/src/models/wishlist.js": {"path":"/home/taufiq/Project/Hacktiv8/Phase3/Final Project/rev/server/src/models/wishlist.js","statementMap":{"0":{"start":{"line":4,"column":4},"end":{"line":4,"column":24}},"1":{"start":{"line":5,"column":0},"end":{"line":25,"column":2}},"2":{"start":{"line":14,"column":6},"end":{"line":14,"column":38}},"3":{"start":{"line":15,"column":6},"end":{"line":15,"column":41}},"4":{"start":{"line":18,"column":2},"end":{"line":23,"column":5}},"5":{"start":{"line":24,"column":2},"end":{"line":24,"column":18}}},"fnMap":{"0":{"name":"(anonymous_0)","decl":{"start":{"line":5,"column":17},"end":{"line":5,"column":18}},"loc":{"start":{"line":5,"column":43},"end":{"line":25,"column":1}},"line":5},"1":{"name":"(anonymous_1)","decl":{"start":{"line":12,"column":4},"end":{"line":12,"column":5}},"loc":{"start":{"line":12,"column":29},"end":{"line":16,"column":5}},"line":12}},"branchMap":{},"s":{"0":3,"1":3,"2":3,"3":3,"4":3,"5":3},"f":{"0":3,"1":3},"b":{},"_coverageSchema":"1a1c01bbd47fc00a2c39e90264f33305004495a9","hash":"e073df3c9dace58fdeb1d2d551f553e33f9fdd4f"}
,"/home/taufiq/Project/Hacktiv8/Phase3/Final Project/rev/server/src/organizerHelpers/bcrypt.js": {"path":"/home/taufiq/Project/Hacktiv8/Phase3/Final Project/rev/server/src/organizerHelpers/bcrypt.js","statementMap":{"0":{"start":{"line":1,"column":15},"end":{"line":1,"column":34}},"1":{"start":{"line":4,"column":17},"end":{"line":4,"column":38}},"2":{"start":{"line":5,"column":4},"end":{"line":5,"column":43}},"3":{"start":{"line":9,"column":4},"end":{"line":9,"column":48}},"4":{"start":{"line":12,"column":0},"end":{"line":15,"column":1}}},"fnMap":{"0":{"name":"hash","decl":{"start":{"line":3,"column":9},"end":{"line":3,"column":13}},"loc":{"start":{"line":3,"column":24},"end":{"line":6,"column":1}},"line":3},"1":{"name":"compare","decl":{"start":{"line":8,"column":9},"end":{"line":8,"column":16}},"loc":{"start":{"line":8,"column":35},"end":{"line":10,"column":1}},"line":8}},"branchMap":{},"s":{"0":3,"1":3,"2":3,"3":3,"4":3},"f":{"0":3,"1":3},"b":{},"_coverageSchema":"1a1c01bbd47fc00a2c39e90264f33305004495a9","hash":"3011fe399cfc2d055ddd8e600ce67633f8915fea"}
,"/home/taufiq/Project/Hacktiv8/Phase3/Final Project/rev/server/src/organizerHelpers/jwt.js": {"path":"/home/taufiq/Project/Hacktiv8/Phase3/Final Project/rev/server/src/organizerHelpers/jwt.js","statementMap":{"0":{"start":{"line":1,"column":12},"end":{"line":1,"column":35}},"1":{"start":{"line":4,"column":4},"end":{"line":4,"column":55}},"2":{"start":{"line":8,"column":4},"end":{"line":8,"column":44}},"3":{"start":{"line":11,"column":0},"end":{"line":14,"column":1}}},"fnMap":{"0":{"name":"sign","decl":{"start":{"line":3,"column":9},"end":{"line":3,"column":13}},"loc":{"start":{"line":3,"column":31},"end":{"line":5,"column":1}},"line":3},"1":{"name":"verifyToken","decl":{"start":{"line":7,"column":9},"end":{"line":7,"column":20}},"loc":{"start":{"line":7,"column":28},"end":{"line":9,"column":1}},"line":7}},"branchMap":{},"s":{"0":3,"1":2,"2":29,"3":3},"f":{"0":2,"1":29},"b":{},"_coverageSchema":"1a1c01bbd47fc00a2c39e90264f33305004495a9","hash":"c5bbcf3aeb7504d3c14556182ebdac3ed9ce0880"}
,"/home/taufiq/Project/Hacktiv8/Phase3/Final Project/rev/server/src/routes/AdminRoute.js": {"path":"/home/taufiq/Project/Hacktiv8/Phase3/Final Project/rev/server/src/routes/AdminRoute.js","statementMap":{"0":{"start":{"line":1,"column":19},"end":{"line":1,"column":46}},"1":{"start":{"line":2,"column":24},"end":{"line":2,"column":65}},"2":{"start":{"line":3,"column":23},"end":{"line":3,"column":63}},"3":{"start":{"line":5,"column":0},"end":{"line":5,"column":59}},"4":{"start":{"line":6,"column":0},"end":{"line":6,"column":53}},"5":{"start":{"line":7,"column":0},"end":{"line":7,"column":30}},"6":{"start":{"line":8,"column":0},"end":{"line":8,"column":54}},"7":{"start":{"line":9,"column":0},"end":{"line":9,"column":50}},"8":{"start":{"line":10,"column":0},"end":{"line":10,"column":55}},"9":{"start":{"line":11,"column":0},"end":{"line":11,"column":58}},"10":{"start":{"line":12,"column":0},"end":{"line":12,"column":60}},"11":{"start":{"line":13,"column":0},"end":{"line":13,"column":56}},"12":{"start":{"line":14,"column":0},"end":{"line":14,"column":52}},"13":{"start":{"line":15,"column":0},"end":{"line":15,"column":57}},"14":{"start":{"line":16,"column":0},"end":{"line":16,"column":62}},"15":{"start":{"line":17,"column":0},"end":{"line":17,"column":60}},"16":{"start":{"line":18,"column":0},"end":{"line":18,"column":62}},"17":{"start":{"line":19,"column":0},"end":{"line":19,"column":58}},"18":{"start":{"line":20,"column":0},"end":{"line":20,"column":63}},"19":{"start":{"line":21,"column":0},"end":{"line":21,"column":68}},"20":{"start":{"line":22,"column":0},"end":{"line":22,"column":66}},"21":{"start":{"line":26,"column":0},"end":{"line":26,"column":27}}},"fnMap":{},"branchMap":{},"s":{"0":3,"1":3,"2":3,"3":3,"4":3,"5":3,"6":3,"7":3,"8":3,"9":3,"10":3,"11":3,"12":3,"13":3,"14":3,"15":3,"16":3,"17":3,"18":3,"19":3,"20":3,"21":3},"f":{},"b":{},"_coverageSchema":"1a1c01bbd47fc00a2c39e90264f33305004495a9","hash":"bb787d225f7d197f01f261532da8c1a94688faf6"}
,"/home/taufiq/Project/Hacktiv8/Phase3/Final Project/rev/server/src/routes/OrganizerRoute.js": {"path":"/home/taufiq/Project/Hacktiv8/Phase3/Final Project/rev/server/src/routes/OrganizerRoute.js","statementMap":{"0":{"start":{"line":1,"column":23},"end":{"line":1,"column":50}},"1":{"start":{"line":2,"column":28},"end":{"line":2,"column":73}},"2":{"start":{"line":3,"column":32},"end":{"line":3,"column":81}},"3":{"start":{"line":4,"column":27},"end":{"line":4,"column":71}},"4":{"start":{"line":6,"column":0},"end":{"line":6,"column":72}},"5":{"start":{"line":7,"column":0},"end":{"line":7,"column":66}},"6":{"start":{"line":9,"column":0},"end":{"line":9,"column":44}},"7":{"start":{"line":10,"column":0},"end":{"line":10,"column":63}},"8":{"start":{"line":11,"column":0},"end":{"line":11,"column":62}},"9":{"start":{"line":12,"column":0},"end":{"line":12,"column":64}},"10":{"start":{"line":14,"column":0},"end":{"line":14,"column":54}},"11":{"start":{"line":15,"column":0},"end":{"line":15,"column":67}},"12":{"start":{"line":16,"column":0},"end":{"line":16,"column":70}},"13":{"start":{"line":18,"column":0},"end":{"line":18,"column":32}}},"fnMap":{},"branchMap":{},"s":{"0":3,"1":3,"2":3,"3":3,"4":3,"5":3,"6":3,"7":3,"8":3,"9":3,"10":3,"11":3,"12":3,"13":3},"f":{},"b":{},"_coverageSchema":"1a1c01bbd47fc00a2c39e90264f33305004495a9","hash":"bd88ad4f1c6554c65f4c03833b961b12ad0c488d"}
,"/home/taufiq/Project/Hacktiv8/Phase3/Final Project/rev/server/src/routes/UserRoute.js": {"path":"/home/taufiq/Project/Hacktiv8/Phase3/Final Project/rev/server/src/routes/UserRoute.js","statementMap":{"0":{"start":{"line":1,"column":16},"end":{"line":1,"column":34}},"1":{"start":{"line":2,"column":14},"end":{"line":2,"column":30}},"2":{"start":{"line":3,"column":23},"end":{"line":3,"column":63}},"3":{"start":{"line":4,"column":23},"end":{"line":4,"column":67}},"4":{"start":{"line":5,"column":56},"end":{"line":5,"column":99}},"5":{"start":{"line":7,"column":0},"end":{"line":7,"column":56}},"6":{"start":{"line":8,"column":0},"end":{"line":8,"column":50}},"7":{"start":{"line":9,"column":0},"end":{"line":9,"column":58}},"8":{"start":{"line":11,"column":0},"end":{"line":11,"column":25}},"9":{"start":{"line":12,"column":0},"end":{"line":12,"column":50}},"10":{"start":{"line":13,"column":0},"end":{"line":13,"column":57}},"11":{"start":{"line":14,"column":0},"end":{"line":14,"column":59}},"12":{"start":{"line":15,"column":0},"end":{"line":15,"column":51}},"13":{"start":{"line":16,"column":0},"end":{"line":16,"column":59}},"14":{"start":{"line":17,"column":0},"end":{"line":17,"column":71}},"15":{"start":{"line":18,"column":0},"end":{"line":18,"column":83}},"16":{"start":{"line":21,"column":0},"end":{"line":21,"column":22}}},"fnMap":{},"branchMap":{},"s":{"0":3,"1":3,"2":3,"3":3,"4":3,"5":3,"6":3,"7":3,"8":3,"9":3,"10":3,"11":3,"12":3,"13":3,"14":3,"15":3,"16":3},"f":{},"b":{},"_coverageSchema":"1a1c01bbd47fc00a2c39e90264f33305004495a9","hash":"abe81c240bebe30c7e30321fd9c1c3694aba23bb"}
,"/home/taufiq/Project/Hacktiv8/Phase3/Final Project/rev/server/src/routes/index.js": {"path":"/home/taufiq/Project/Hacktiv8/Phase3/Final Project/rev/server/src/routes/index.js","statementMap":{"0":{"start":{"line":1,"column":14},"end":{"line":1,"column":41}},"1":{"start":{"line":3,"column":19},"end":{"line":3,"column":42}},"2":{"start":{"line":4,"column":23},"end":{"line":4,"column":45}},"3":{"start":{"line":5,"column":23},"end":{"line":5,"column":50}},"4":{"start":{"line":7,"column":0},"end":{"line":7,"column":31}},"5":{"start":{"line":8,"column":0},"end":{"line":8,"column":38}},"6":{"start":{"line":9,"column":0},"end":{"line":9,"column":41}},"7":{"start":{"line":11,"column":0},"end":{"line":11,"column":22}}},"fnMap":{},"branchMap":{},"s":{"0":3,"1":3,"2":3,"3":3,"4":3,"5":3,"6":3,"7":3},"f":{},"b":{},"_coverageSchema":"1a1c01bbd47fc00a2c39e90264f33305004495a9","hash":"327df9833fde53bd5487e74de497b8adbd9c1dba"}
,"/home/taufiq/Project/Hacktiv8/Phase3/Final Project/rev/server/src/userHelpers/generateAndVerifyToken.js": {"path":"/home/taufiq/Project/Hacktiv8/Phase3/Final Project/rev/server/src/userHelpers/generateAndVerifyToken.js","statementMap":{"0":{"start":{"line":1,"column":12},"end":{"line":1,"column":35}},"1":{"start":{"line":4,"column":4},"end":{"line":4,"column":53}},"2":{"start":{"line":8,"column":4},"end":{"line":8,"column":55}},"3":{"start":{"line":11,"column":0},"end":{"line":14,"column":1}}},"fnMap":{"0":{"name":"generateToken","decl":{"start":{"line":3,"column":9},"end":{"line":3,"column":22}},"loc":{"start":{"line":3,"column":32},"end":{"line":5,"column":1}},"line":3},"1":{"name":"verifyToken","decl":{"start":{"line":7,"column":9},"end":{"line":7,"column":20}},"loc":{"start":{"line":7,"column":30},"end":{"line":9,"column":1}},"line":7}},"branchMap":{},"s":{"0":3,"1":2,"2":6,"3":3},"f":{"0":2,"1":6},"b":{},"_coverageSchema":"1a1c01bbd47fc00a2c39e90264f33305004495a9","hash":"1c8e4bb3e0bd4cdb8630238bd6f4a9dd12bc53c7"}
}
