{"/home/taufiq/Project/Hacktiv8/server/src/app.js": {"path":"/home/taufiq/Project/Hacktiv8/server/src/app.js","statementMap":{"0":{"start":{"line":1,"column":16},"end":{"line":1,"column":34}},"1":{"start":{"line":2,"column":12},"end":{"line":2,"column":21}},"2":{"start":{"line":3,"column":14},"end":{"line":3,"column":39}},"3":{"start":{"line":4,"column":21},"end":{"line":4,"column":58}},"4":{"start":{"line":5,"column":0},"end":{"line":5,"column":26}},"5":{"start":{"line":6,"column":13},"end":{"line":6,"column":28}},"6":{"start":{"line":8,"column":0},"end":{"line":8,"column":15}},"7":{"start":{"line":9,"column":0},"end":{"line":9,"column":23}},"8":{"start":{"line":10,"column":0},"end":{"line":10,"column":47}},"9":{"start":{"line":11,"column":0},"end":{"line":11,"column":19}},"10":{"start":{"line":12,"column":0},"end":{"line":12,"column":21}},"11":{"start":{"line":14,"column":0},"end":{"line":14,"column":20}}},"fnMap":{},"branchMap":{},"s":{"0":3,"1":3,"2":3,"3":3,"4":3,"5":3,"6":3,"7":3,"8":3,"9":3,"10":3,"11":3},"f":{},"b":{},"_coverageSchema":"1a1c01bbd47fc00a2c39e90264f33305004495a9","hash":"e2032e67aef046d5d758c36e3bcdb2d866de2c7f"}
,"/home/taufiq/Project/Hacktiv8/server/src/controllers/AdminController.js": {"path":"/home/taufiq/Project/Hacktiv8/server/src/controllers/AdminController.js","statementMap":{"0":{"start":{"line":1,"column":71},"end":{"line":1,"column":97}},"1":{"start":{"line":2,"column":26},"end":{"line":2,"column":51}},"2":{"start":{"line":3,"column":20},"end":{"line":3,"column":48}},"3":{"start":{"line":7,"column":16},"end":{"line":10,"column":5}},"4":{"start":{"line":11,"column":4},"end":{"line":16,"column":5}},"5":{"start":{"line":12,"column":19},"end":{"line":12,"column":42}},"6":{"start":{"line":13,"column":6},"end":{"line":13,"column":32}},"7":{"start":{"line":15,"column":6},"end":{"line":15,"column":17}},"8":{"start":{"line":20,"column":16},"end":{"line":23,"column":5}},"9":{"start":{"line":24,"column":4},"end":{"line":63,"column":5}},"10":{"start":{"line":25,"column":6},"end":{"line":60,"column":7}},"11":{"start":{"line":26,"column":8},"end":{"line":29,"column":9}},"12":{"start":{"line":30,"column":13},"end":{"line":60,"column":7}},"13":{"start":{"line":31,"column":8},"end":{"line":34,"column":9}},"14":{"start":{"line":35,"column":13},"end":{"line":60,"column":7}},"15":{"start":{"line":36,"column":8},"end":{"line":39,"column":9}},"16":{"start":{"line":41,"column":25},"end":{"line":41,"column":76}},"17":{"start":{"line":42,"column":8},"end":{"line":59,"column":9}},"18":{"start":{"line":43,"column":31},"end":{"line":43,"column":71}},"19":{"start":{"line":44,"column":10},"end":{"line":53,"column":11}},"20":{"start":{"line":45,"column":12},"end":{"line":45,"column":35}},"21":{"start":{"line":46,"column":33},"end":{"line":46,"column":56}},"22":{"start":{"line":47,"column":12},"end":{"line":47,"column":50}},"23":{"start":{"line":49,"column":12},"end":{"line":52,"column":13}},"24":{"start":{"line":55,"column":10},"end":{"line":58,"column":11}},"25":{"start":{"line":62,"column":6},"end":{"line":62,"column":17}},"26":{"start":{"line":67,"column":16},"end":{"line":81,"column":5}},"27":{"start":{"line":82,"column":4},"end":{"line":87,"column":5}},"28":{"start":{"line":83,"column":19},"end":{"line":83,"column":42}},"29":{"start":{"line":84,"column":6},"end":{"line":84,"column":32}},"30":{"start":{"line":86,"column":6},"end":{"line":86,"column":17}},"31":{"start":{"line":91,"column":16},"end":{"line":106,"column":5}},"32":{"start":{"line":107,"column":4},"end":{"line":112,"column":5}},"33":{"start":{"line":108,"column":19},"end":{"line":108,"column":85}},"34":{"start":{"line":109,"column":6},"end":{"line":109,"column":38}},"35":{"start":{"line":111,"column":6},"end":{"line":111,"column":17}},"36":{"start":{"line":116,"column":4},"end":{"line":137,"column":5}},"37":{"start":{"line":117,"column":19},"end":{"line":119,"column":28}},"38":{"start":{"line":120,"column":26},"end":{"line":120,"column":31}},"39":{"start":{"line":122,"column":6},"end":{"line":126,"column":7}},"40":{"start":{"line":122,"column":19},"end":{"line":122,"column":20}},"41":{"start":{"line":123,"column":8},"end":{"line":125,"column":9}},"42":{"start":{"line":124,"column":10},"end":{"line":124,"column":31}},"43":{"start":{"line":127,"column":6},"end":{"line":134,"column":7}},"44":{"start":{"line":128,"column":8},"end":{"line":128,"column":34}},"45":{"start":{"line":130,"column":8},"end":{"line":133,"column":9}},"46":{"start":{"line":136,"column":6},"end":{"line":136,"column":17}},"47":{"start":{"line":141,"column":15},"end":{"line":141,"column":28}},"48":{"start":{"line":142,"column":4},"end":{"line":154,"column":5}},"49":{"start":{"line":143,"column":19},"end":{"line":143,"column":56}},"50":{"start":{"line":144,"column":6},"end":{"line":151,"column":7}},"51":{"start":{"line":145,"column":8},"end":{"line":145,"column":68}},"52":{"start":{"line":147,"column":8},"end":{"line":150,"column":9}},"53":{"start":{"line":153,"column":6},"end":{"line":153,"column":17}},"54":{"start":{"line":158,"column":16},"end":{"line":161,"column":5}},"55":{"start":{"line":162,"column":4},"end":{"line":167,"column":5}},"56":{"start":{"line":163,"column":19},"end":{"line":163,"column":43}},"57":{"start":{"line":164,"column":6},"end":{"line":164,"column":32}},"58":{"start":{"line":166,"column":6},"end":{"line":166,"column":17}},"59":{"start":{"line":171,"column":4},"end":{"line":183,"column":5}},"60":{"start":{"line":172,"column":19},"end":{"line":172,"column":41}},"61":{"start":{"line":173,"column":6},"end":{"line":180,"column":7}},"62":{"start":{"line":174,"column":8},"end":{"line":174,"column":34}},"63":{"start":{"line":176,"column":8},"end":{"line":179,"column":9}},"64":{"start":{"line":182,"column":6},"end":{"line":182,"column":17}},"65":{"start":{"line":187,"column":16},"end":{"line":191,"column":5}},"66":{"start":{"line":192,"column":4},"end":{"line":197,"column":5}},"67":{"start":{"line":193,"column":19},"end":{"line":193,"column":86}},"68":{"start":{"line":194,"column":6},"end":{"line":194,"column":38}},"69":{"start":{"line":196,"column":6},"end":{"line":196,"column":17}},"70":{"start":{"line":201,"column":15},"end":{"line":201,"column":28}},"71":{"start":{"line":202,"column":4},"end":{"line":214,"column":5}},"72":{"start":{"line":203,"column":19},"end":{"line":203,"column":57}},"73":{"start":{"line":204,"column":6},"end":{"line":211,"column":7}},"74":{"start":{"line":205,"column":8},"end":{"line":205,"column":68}},"75":{"start":{"line":207,"column":8},"end":{"line":210,"column":9}},"76":{"start":{"line":213,"column":6},"end":{"line":213,"column":17}},"77":{"start":{"line":218,"column":15},"end":{"line":218,"column":28}},"78":{"start":{"line":220,"column":4},"end":{"line":235,"column":10}},"79":{"start":{"line":224,"column":10},"end":{"line":231,"column":11}},"80":{"start":{"line":225,"column":12},"end":{"line":225,"column":38}},"81":{"start":{"line":227,"column":12},"end":{"line":230,"column":13}},"82":{"start":{"line":234,"column":12},"end":{"line":234,"column":21}},"83":{"start":{"line":239,"column":15},"end":{"line":239,"column":28}},"84":{"start":{"line":240,"column":4},"end":{"line":252,"column":5}},"85":{"start":{"line":241,"column":19},"end":{"line":241,"column":44}},"86":{"start":{"line":242,"column":6},"end":{"line":249,"column":7}},"87":{"start":{"line":243,"column":8},"end":{"line":243,"column":34}},"88":{"start":{"line":245,"column":8},"end":{"line":248,"column":9}},"89":{"start":{"line":251,"column":6},"end":{"line":251,"column":17}},"90":{"start":{"line":256,"column":16},"end":{"line":258,"column":5}},"91":{"start":{"line":259,"column":4},"end":{"line":264,"column":5}},"92":{"start":{"line":260,"column":19},"end":{"line":260,"column":46}},"93":{"start":{"line":261,"column":6},"end":{"line":261,"column":32}},"94":{"start":{"line":263,"column":6},"end":{"line":263,"column":17}},"95":{"start":{"line":268,"column":4},"end":{"line":280,"column":5}},"96":{"start":{"line":269,"column":19},"end":{"line":269,"column":44}},"97":{"start":{"line":270,"column":6},"end":{"line":277,"column":7}},"98":{"start":{"line":271,"column":8},"end":{"line":271,"column":34}},"99":{"start":{"line":273,"column":8},"end":{"line":276,"column":9}},"100":{"start":{"line":279,"column":6},"end":{"line":279,"column":17}},"101":{"start":{"line":284,"column":16},"end":{"line":287,"column":5}},"102":{"start":{"line":288,"column":4},"end":{"line":300,"column":5}},"103":{"start":{"line":289,"column":22},"end":{"line":289,"column":54}},"104":{"start":{"line":290,"column":6},"end":{"line":295,"column":7}},"105":{"start":{"line":291,"column":8},"end":{"line":294,"column":9}},"106":{"start":{"line":296,"column":19},"end":{"line":296,"column":90}},"107":{"start":{"line":297,"column":6},"end":{"line":297,"column":38}},"108":{"start":{"line":299,"column":6},"end":{"line":299,"column":17}},"109":{"start":{"line":304,"column":15},"end":{"line":304,"column":28}},"110":{"start":{"line":305,"column":4},"end":{"line":317,"column":5}},"111":{"start":{"line":306,"column":19},"end":{"line":306,"column":60}},"112":{"start":{"line":307,"column":6},"end":{"line":314,"column":7}},"113":{"start":{"line":308,"column":8},"end":{"line":308,"column":68}},"114":{"start":{"line":310,"column":8},"end":{"line":313,"column":9}},"115":{"start":{"line":316,"column":6},"end":{"line":316,"column":17}},"116":{"start":{"line":321,"column":15},"end":{"line":321,"column":28}},"117":{"start":{"line":322,"column":4},"end":{"line":334,"column":5}},"118":{"start":{"line":323,"column":19},"end":{"line":323,"column":47}},"119":{"start":{"line":324,"column":6},"end":{"line":331,"column":7}},"120":{"start":{"line":325,"column":8},"end":{"line":325,"column":34}},"121":{"start":{"line":327,"column":8},"end":{"line":330,"column":9}},"122":{"start":{"line":333,"column":6},"end":{"line":333,"column":17}},"123":{"start":{"line":338,"column":4},"end":{"line":346,"column":5}},"124":{"start":{"line":339,"column":19},"end":{"line":342,"column":6}},"125":{"start":{"line":343,"column":8},"end":{"line":343,"column":34}},"126":{"start":{"line":345,"column":6},"end":{"line":345,"column":17}},"127":{"start":{"line":350,"column":0},"end":{"line":350,"column":32}}},"fnMap":{"0":{"name":"(anonymous_0)","decl":{"start":{"line":6,"column":2},"end":{"line":6,"column":3}},"loc":{"start":{"line":6,"column":45},"end":{"line":17,"column":3}},"line":6},"1":{"name":"(anonymous_1)","decl":{"start":{"line":19,"column":2},"end":{"line":19,"column":3}},"loc":{"start":{"line":19,"column":43},"end":{"line":64,"column":3}},"line":19},"2":{"name":"(anonymous_2)","decl":{"start":{"line":66,"column":2},"end":{"line":66,"column":3}},"loc":{"start":{"line":66,"column":44},"end":{"line":88,"column":3}},"line":66},"3":{"name":"(anonymous_3)","decl":{"start":{"line":90,"column":2},"end":{"line":90,"column":3}},"loc":{"start":{"line":90,"column":42},"end":{"line":113,"column":3}},"line":90},"4":{"name":"(anonymous_4)","decl":{"start":{"line":115,"column":2},"end":{"line":115,"column":3}},"loc":{"start":{"line":115,"column":41},"end":{"line":138,"column":3}},"line":115},"5":{"name":"(anonymous_5)","decl":{"start":{"line":140,"column":2},"end":{"line":140,"column":3}},"loc":{"start":{"line":140,"column":44},"end":{"line":155,"column":3}},"line":140},"6":{"name":"(anonymous_6)","decl":{"start":{"line":157,"column":2},"end":{"line":157,"column":3}},"loc":{"start":{"line":157,"column":45},"end":{"line":168,"column":3}},"line":157},"7":{"name":"(anonymous_7)","decl":{"start":{"line":170,"column":2},"end":{"line":170,"column":3}},"loc":{"start":{"line":170,"column":42},"end":{"line":184,"column":3}},"line":170},"8":{"name":"(anonymous_8)","decl":{"start":{"line":186,"column":2},"end":{"line":186,"column":3}},"loc":{"start":{"line":186,"column":43},"end":{"line":198,"column":3}},"line":186},"9":{"name":"(anonymous_9)","decl":{"start":{"line":200,"column":2},"end":{"line":200,"column":3}},"loc":{"start":{"line":200,"column":45},"end":{"line":215,"column":3}},"line":200},"10":{"name":"(anonymous_10)","decl":{"start":{"line":217,"column":2},"end":{"line":217,"column":3}},"loc":{"start":{"line":217,"column":38},"end":{"line":236,"column":3}},"line":217},"11":{"name":"(anonymous_11)","decl":{"start":{"line":223,"column":14},"end":{"line":223,"column":15}},"loc":{"start":{"line":223,"column":22},"end":{"line":232,"column":9}},"line":223},"12":{"name":"(anonymous_12)","decl":{"start":{"line":233,"column":15},"end":{"line":233,"column":16}},"loc":{"start":{"line":233,"column":22},"end":{"line":235,"column":9}},"line":233},"13":{"name":"(anonymous_13)","decl":{"start":{"line":238,"column":2},"end":{"line":238,"column":3}},"loc":{"start":{"line":238,"column":46},"end":{"line":253,"column":3}},"line":238},"14":{"name":"(anonymous_14)","decl":{"start":{"line":255,"column":2},"end":{"line":255,"column":3}},"loc":{"start":{"line":255,"column":48},"end":{"line":265,"column":3}},"line":255},"15":{"name":"(anonymous_15)","decl":{"start":{"line":267,"column":2},"end":{"line":267,"column":3}},"loc":{"start":{"line":267,"column":45},"end":{"line":281,"column":3}},"line":267},"16":{"name":"(anonymous_16)","decl":{"start":{"line":283,"column":2},"end":{"line":283,"column":3}},"loc":{"start":{"line":283,"column":46},"end":{"line":301,"column":3}},"line":283},"17":{"name":"(anonymous_17)","decl":{"start":{"line":303,"column":2},"end":{"line":303,"column":3}},"loc":{"start":{"line":303,"column":48},"end":{"line":318,"column":3}},"line":303},"18":{"name":"(anonymous_18)","decl":{"start":{"line":320,"column":2},"end":{"line":320,"column":3}},"loc":{"start":{"line":320,"column":49},"end":{"line":335,"column":3}},"line":320},"19":{"name":"(anonymous_19)","decl":{"start":{"line":337,"column":2},"end":{"line":337,"column":3}},"loc":{"start":{"line":337,"column":46},"end":{"line":347,"column":3}},"line":337}},"branchMap":{"0":{"loc":{"start":{"line":25,"column":6},"end":{"line":60,"column":7}},"type":"if","locations":[{"start":{"line":25,"column":6},"end":{"line":60,"column":7}},{"start":{"line":25,"column":6},"end":{"line":60,"column":7}}],"line":25},"1":{"loc":{"start":{"line":25,"column":10},"end":{"line":25,"column":37}},"type":"binary-expr","locations":[{"start":{"line":25,"column":10},"end":{"line":25,"column":20}},{"start":{"line":25,"column":24},"end":{"line":25,"column":37}}],"line":25},"2":{"loc":{"start":{"line":30,"column":13},"end":{"line":60,"column":7}},"type":"if","locations":[{"start":{"line":30,"column":13},"end":{"line":60,"column":7}},{"start":{"line":30,"column":13},"end":{"line":60,"column":7}}],"line":30},"3":{"loc":{"start":{"line":35,"column":13},"end":{"line":60,"column":7}},"type":"if","locations":[{"start":{"line":35,"column":13},"end":{"line":60,"column":7}},{"start":{"line":35,"column":13},"end":{"line":60,"column":7}}],"line":35},"4":{"loc":{"start":{"line":42,"column":8},"end":{"line":59,"column":9}},"type":"if","locations":[{"start":{"line":42,"column":8},"end":{"line":59,"column":9}},{"start":{"line":42,"column":8},"end":{"line":59,"column":9}}],"line":42},"5":{"loc":{"start":{"line":44,"column":10},"end":{"line":53,"column":11}},"type":"if","locations":[{"start":{"line":44,"column":10},"end":{"line":53,"column":11}},{"start":{"line":44,"column":10},"end":{"line":53,"column":11}}],"line":44},"6":{"loc":{"start":{"line":123,"column":8},"end":{"line":125,"column":9}},"type":"if","locations":[{"start":{"line":123,"column":8},"end":{"line":125,"column":9}},{"start":{"line":123,"column":8},"end":{"line":125,"column":9}}],"line":123},"7":{"loc":{"start":{"line":127,"column":6},"end":{"line":134,"column":7}},"type":"if","locations":[{"start":{"line":127,"column":6},"end":{"line":134,"column":7}},{"start":{"line":127,"column":6},"end":{"line":134,"column":7}}],"line":127},"8":{"loc":{"start":{"line":144,"column":6},"end":{"line":151,"column":7}},"type":"if","locations":[{"start":{"line":144,"column":6},"end":{"line":151,"column":7}},{"start":{"line":144,"column":6},"end":{"line":151,"column":7}}],"line":144},"9":{"loc":{"start":{"line":173,"column":6},"end":{"line":180,"column":7}},"type":"if","locations":[{"start":{"line":173,"column":6},"end":{"line":180,"column":7}},{"start":{"line":173,"column":6},"end":{"line":180,"column":7}}],"line":173},"10":{"loc":{"start":{"line":204,"column":6},"end":{"line":211,"column":7}},"type":"if","locations":[{"start":{"line":204,"column":6},"end":{"line":211,"column":7}},{"start":{"line":204,"column":6},"end":{"line":211,"column":7}}],"line":204},"11":{"loc":{"start":{"line":224,"column":10},"end":{"line":231,"column":11}},"type":"if","locations":[{"start":{"line":224,"column":10},"end":{"line":231,"column":11}},{"start":{"line":224,"column":10},"end":{"line":231,"column":11}}],"line":224},"12":{"loc":{"start":{"line":242,"column":6},"end":{"line":249,"column":7}},"type":"if","locations":[{"start":{"line":242,"column":6},"end":{"line":249,"column":7}},{"start":{"line":242,"column":6},"end":{"line":249,"column":7}}],"line":242},"13":{"loc":{"start":{"line":270,"column":6},"end":{"line":277,"column":7}},"type":"if","locations":[{"start":{"line":270,"column":6},"end":{"line":277,"column":7}},{"start":{"line":270,"column":6},"end":{"line":277,"column":7}}],"line":270},"14":{"loc":{"start":{"line":290,"column":6},"end":{"line":295,"column":7}},"type":"if","locations":[{"start":{"line":290,"column":6},"end":{"line":295,"column":7}},{"start":{"line":290,"column":6},"end":{"line":295,"column":7}}],"line":290},"15":{"loc":{"start":{"line":307,"column":6},"end":{"line":314,"column":7}},"type":"if","locations":[{"start":{"line":307,"column":6},"end":{"line":314,"column":7}},{"start":{"line":307,"column":6},"end":{"line":314,"column":7}}],"line":307},"16":{"loc":{"start":{"line":324,"column":6},"end":{"line":331,"column":7}},"type":"if","locations":[{"start":{"line":324,"column":6},"end":{"line":331,"column":7}},{"start":{"line":324,"column":6},"end":{"line":331,"column":7}}],"line":324}},"s":{"0":3,"1":3,"2":3,"3":7,"4":7,"5":7,"6":1,"7":6,"8":6,"9":6,"10":6,"11":1,"12":5,"13":1,"14":4,"15":1,"16":3,"17":3,"18":2,"19":2,"20":1,"21":1,"22":1,"23":1,"24":1,"25":5,"26":4,"27":4,"28":4,"29":1,"30":3,"31":2,"32":2,"33":2,"34":1,"35":1,"36":2,"37":2,"38":2,"39":2,"40":2,"41":6,"42":1,"43":2,"44":1,"45":1,"46":1,"47":2,"48":2,"49":2,"50":2,"51":1,"52":1,"53":1,"54":2,"55":2,"56":2,"57":1,"58":1,"59":2,"60":2,"61":2,"62":1,"63":1,"64":1,"65":2,"66":2,"67":2,"68":1,"69":1,"70":2,"71":2,"72":2,"73":2,"74":1,"75":1,"76":1,"77":2,"78":2,"79":2,"80":1,"81":1,"82":1,"83":2,"84":2,"85":2,"86":2,"87":1,"88":1,"89":1,"90":2,"91":2,"92":2,"93":1,"94":1,"95":2,"96":2,"97":2,"98":1,"99":1,"100":1,"101":2,"102":2,"103":2,"104":2,"105":1,"106":1,"107":1,"108":1,"109":3,"110":3,"111":3,"112":3,"113":2,"114":1,"115":1,"116":2,"117":2,"118":2,"119":2,"120":1,"121":1,"122":1,"123":1,"124":1,"125":1,"126":0,"127":3},"f":{"0":7,"1":6,"2":4,"3":2,"4":2,"5":2,"6":2,"7":2,"8":2,"9":2,"10":2,"11":2,"12":1,"13":2,"14":2,"15":2,"16":2,"17":3,"18":2,"19":1},"b":{"0":[1,5],"1":[6,2],"2":[1,4],"3":[1,3],"4":[2,1],"5":[1,1],"6":[1,5],"7":[1,1],"8":[1,1],"9":[1,1],"10":[1,1],"11":[1,1],"12":[1,1],"13":[1,1],"14":[1,1],"15":[2,1],"16":[1,1]},"_coverageSchema":"1a1c01bbd47fc00a2c39e90264f33305004495a9","hash":"5f6995afcb949c07f441c2c9f859a4109ab545f2"}
,"/home/taufiq/Project/Hacktiv8/server/src/controllers/OrganizerController.js": {"path":"/home/taufiq/Project/Hacktiv8/server/src/controllers/OrganizerController.js","statementMap":{"0":{"start":{"line":1,"column":56},"end":{"line":1,"column":76}},"1":{"start":{"line":2,"column":20},"end":{"line":2,"column":57}},"2":{"start":{"line":3,"column":17},"end":{"line":3,"column":51}},"3":{"start":{"line":7,"column":16},"end":{"line":13,"column":5}},"4":{"start":{"line":14,"column":4},"end":{"line":19,"column":5}},"5":{"start":{"line":15,"column":19},"end":{"line":15,"column":46}},"6":{"start":{"line":16,"column":6},"end":{"line":16,"column":63}},"7":{"start":{"line":18,"column":6},"end":{"line":18,"column":18}},"8":{"start":{"line":23,"column":26},"end":{"line":23,"column":73}},"9":{"start":{"line":24,"column":29},"end":{"line":24,"column":82}},"10":{"start":{"line":26,"column":4},"end":{"line":65,"column":5}},"11":{"start":{"line":27,"column":6},"end":{"line":62,"column":7}},"12":{"start":{"line":28,"column":8},"end":{"line":31,"column":9}},"13":{"start":{"line":32,"column":13},"end":{"line":62,"column":7}},"14":{"start":{"line":33,"column":8},"end":{"line":36,"column":9}},"15":{"start":{"line":37,"column":13},"end":{"line":62,"column":7}},"16":{"start":{"line":38,"column":8},"end":{"line":41,"column":9}},"17":{"start":{"line":43,"column":21},"end":{"line":47,"column":10}},"18":{"start":{"line":48,"column":8},"end":{"line":61,"column":9}},"19":{"start":{"line":49,"column":10},"end":{"line":52,"column":12}},"20":{"start":{"line":53,"column":15},"end":{"line":61,"column":9}},"21":{"start":{"line":54,"column":33},"end":{"line":54,"column":69}},"22":{"start":{"line":55,"column":12},"end":{"line":55,"column":51}},"23":{"start":{"line":57,"column":12},"end":{"line":60,"column":14}},"24":{"start":{"line":64,"column":6},"end":{"line":64,"column":18}},"25":{"start":{"line":69,"column":4},"end":{"line":79,"column":7}},"26":{"start":{"line":75,"column":6},"end":{"line":75,"column":109}},"27":{"start":{"line":78,"column":8},"end":{"line":78,"column":20}},"28":{"start":{"line":83,"column":4},"end":{"line":100,"column":5}},"29":{"start":{"line":84,"column":19},"end":{"line":88,"column":9}},"30":{"start":{"line":89,"column":6},"end":{"line":93,"column":7}},"31":{"start":{"line":89,"column":19},"end":{"line":89,"column":20}},"32":{"start":{"line":90,"column":8},"end":{"line":92,"column":9}},"33":{"start":{"line":91,"column":10},"end":{"line":91,"column":36}},"34":{"start":{"line":94,"column":6},"end":{"line":97,"column":7}},"35":{"start":{"line":99,"column":6},"end":{"line":99,"column":17}},"36":{"start":{"line":104,"column":21},"end":{"line":104,"column":29}},"37":{"start":{"line":105,"column":4},"end":{"line":105,"column":46}},"38":{"start":{"line":106,"column":4},"end":{"line":112,"column":9}},"39":{"start":{"line":108,"column":8},"end":{"line":108,"column":35}},"40":{"start":{"line":111,"column":8},"end":{"line":111,"column":20}},"41":{"start":{"line":116,"column":25},"end":{"line":116,"column":33}},"42":{"start":{"line":117,"column":15},"end":{"line":117,"column":28}},"43":{"start":{"line":118,"column":4},"end":{"line":118,"column":51}},"44":{"start":{"line":119,"column":4},"end":{"line":130,"column":9}},"45":{"start":{"line":126,"column":8},"end":{"line":126,"column":41}},"46":{"start":{"line":129,"column":8},"end":{"line":129,"column":20}},"47":{"start":{"line":134,"column":15},"end":{"line":134,"column":28}},"48":{"start":{"line":135,"column":4},"end":{"line":145,"column":9}},"49":{"start":{"line":141,"column":8},"end":{"line":141,"column":66}},"50":{"start":{"line":144,"column":8},"end":{"line":144,"column":20}},"51":{"start":{"line":149,"column":15},"end":{"line":149,"column":28}},"52":{"start":{"line":151,"column":4},"end":{"line":159,"column":10}},"53":{"start":{"line":155,"column":12},"end":{"line":155,"column":38}},"54":{"start":{"line":158,"column":12},"end":{"line":158,"column":21}},"55":{"start":{"line":163,"column":0},"end":{"line":163,"column":37}}},"fnMap":{"0":{"name":"(anonymous_0)","decl":{"start":{"line":6,"column":2},"end":{"line":6,"column":3}},"loc":{"start":{"line":6,"column":49},"end":{"line":20,"column":3}},"line":6},"1":{"name":"(anonymous_1)","decl":{"start":{"line":22,"column":2},"end":{"line":22,"column":3}},"loc":{"start":{"line":22,"column":46},"end":{"line":66,"column":3}},"line":22},"2":{"name":"(anonymous_2)","decl":{"start":{"line":68,"column":2},"end":{"line":68,"column":3}},"loc":{"start":{"line":68,"column":36},"end":{"line":80,"column":3}},"line":68},"3":{"name":"(anonymous_3)","decl":{"start":{"line":74,"column":10},"end":{"line":74,"column":11}},"loc":{"start":{"line":74,"column":20},"end":{"line":76,"column":5}},"line":74},"4":{"name":"(anonymous_4)","decl":{"start":{"line":77,"column":11},"end":{"line":77,"column":12}},"loc":{"start":{"line":77,"column":22},"end":{"line":79,"column":5}},"line":77},"5":{"name":"(anonymous_5)","decl":{"start":{"line":82,"column":2},"end":{"line":82,"column":3}},"loc":{"start":{"line":82,"column":42},"end":{"line":101,"column":3}},"line":82},"6":{"name":"(anonymous_6)","decl":{"start":{"line":103,"column":2},"end":{"line":103,"column":3}},"loc":{"start":{"line":103,"column":37},"end":{"line":113,"column":3}},"line":103},"7":{"name":"(anonymous_7)","decl":{"start":{"line":107,"column":12},"end":{"line":107,"column":13}},"loc":{"start":{"line":107,"column":22},"end":{"line":109,"column":7}},"line":107},"8":{"name":"(anonymous_8)","decl":{"start":{"line":110,"column":13},"end":{"line":110,"column":14}},"loc":{"start":{"line":110,"column":24},"end":{"line":112,"column":7}},"line":110},"9":{"name":"(anonymous_9)","decl":{"start":{"line":115,"column":2},"end":{"line":115,"column":3}},"loc":{"start":{"line":115,"column":37},"end":{"line":131,"column":3}},"line":115},"10":{"name":"(anonymous_10)","decl":{"start":{"line":125,"column":12},"end":{"line":125,"column":13}},"loc":{"start":{"line":125,"column":22},"end":{"line":127,"column":7}},"line":125},"11":{"name":"(anonymous_11)","decl":{"start":{"line":128,"column":13},"end":{"line":128,"column":14}},"loc":{"start":{"line":128,"column":24},"end":{"line":130,"column":7}},"line":128},"12":{"name":"(anonymous_12)","decl":{"start":{"line":133,"column":2},"end":{"line":133,"column":3}},"loc":{"start":{"line":133,"column":37},"end":{"line":146,"column":3}},"line":133},"13":{"name":"(anonymous_13)","decl":{"start":{"line":140,"column":12},"end":{"line":140,"column":13}},"loc":{"start":{"line":140,"column":22},"end":{"line":142,"column":7}},"line":140},"14":{"name":"(anonymous_14)","decl":{"start":{"line":143,"column":13},"end":{"line":143,"column":14}},"loc":{"start":{"line":143,"column":24},"end":{"line":145,"column":7}},"line":143},"15":{"name":"(anonymous_15)","decl":{"start":{"line":148,"column":2},"end":{"line":148,"column":3}},"loc":{"start":{"line":148,"column":38},"end":{"line":160,"column":3}},"line":148},"16":{"name":"(anonymous_16)","decl":{"start":{"line":154,"column":14},"end":{"line":154,"column":15}},"loc":{"start":{"line":154,"column":22},"end":{"line":156,"column":9}},"line":154},"17":{"name":"(anonymous_17)","decl":{"start":{"line":157,"column":15},"end":{"line":157,"column":16}},"loc":{"start":{"line":157,"column":22},"end":{"line":159,"column":9}},"line":157}},"branchMap":{"0":{"loc":{"start":{"line":23,"column":26},"end":{"line":23,"column":73}},"type":"binary-expr","locations":[{"start":{"line":23,"column":26},"end":{"line":23,"column":41}},{"start":{"line":23,"column":45},"end":{"line":23,"column":73}}],"line":23},"1":{"loc":{"start":{"line":24,"column":29},"end":{"line":24,"column":82}},"type":"binary-expr","locations":[{"start":{"line":24,"column":29},"end":{"line":24,"column":47}},{"start":{"line":24,"column":51},"end":{"line":24,"column":82}}],"line":24},"2":{"loc":{"start":{"line":27,"column":6},"end":{"line":62,"column":7}},"type":"if","locations":[{"start":{"line":27,"column":6},"end":{"line":62,"column":7}},{"start":{"line":27,"column":6},"end":{"line":62,"column":7}}],"line":27},"3":{"loc":{"start":{"line":27,"column":10},"end":{"line":27,"column":41}},"type":"binary-expr","locations":[{"start":{"line":27,"column":10},"end":{"line":27,"column":22}},{"start":{"line":27,"column":26},"end":{"line":27,"column":41}}],"line":27},"4":{"loc":{"start":{"line":32,"column":13},"end":{"line":62,"column":7}},"type":"if","locations":[{"start":{"line":32,"column":13},"end":{"line":62,"column":7}},{"start":{"line":32,"column":13},"end":{"line":62,"column":7}}],"line":32},"5":{"loc":{"start":{"line":37,"column":13},"end":{"line":62,"column":7}},"type":"if","locations":[{"start":{"line":37,"column":13},"end":{"line":62,"column":7}},{"start":{"line":37,"column":13},"end":{"line":62,"column":7}}],"line":37},"6":{"loc":{"start":{"line":48,"column":8},"end":{"line":61,"column":9}},"type":"if","locations":[{"start":{"line":48,"column":8},"end":{"line":61,"column":9}},{"start":{"line":48,"column":8},"end":{"line":61,"column":9}}],"line":48},"7":{"loc":{"start":{"line":53,"column":15},"end":{"line":61,"column":9}},"type":"if","locations":[{"start":{"line":53,"column":15},"end":{"line":61,"column":9}},{"start":{"line":53,"column":15},"end":{"line":61,"column":9}}],"line":53},"8":{"loc":{"start":{"line":90,"column":8},"end":{"line":92,"column":9}},"type":"if","locations":[{"start":{"line":90,"column":8},"end":{"line":92,"column":9}},{"start":{"line":90,"column":8},"end":{"line":92,"column":9}}],"line":90}},"s":{"0":3,"1":3,"2":3,"3":11,"4":11,"5":11,"6":3,"7":8,"8":7,"9":7,"10":7,"11":7,"12":1,"13":6,"14":1,"15":5,"16":1,"17":4,"18":4,"19":1,"20":3,"21":2,"22":2,"23":1,"24":5,"25":1,"26":1,"27":0,"28":2,"29":2,"30":2,"31":2,"32":1,"33":1,"34":2,"35":2,"36":17,"37":17,"38":17,"39":1,"40":16,"41":11,"42":11,"43":11,"44":11,"45":1,"46":10,"47":1,"48":1,"49":1,"50":0,"51":1,"52":1,"53":1,"54":0,"55":3},"f":{"0":11,"1":7,"2":1,"3":1,"4":0,"5":2,"6":17,"7":1,"8":16,"9":11,"10":1,"11":10,"12":1,"13":1,"14":0,"15":1,"16":1,"17":0},"b":{"0":[7,5],"1":[7,5],"2":[1,6],"3":[7,2],"4":[1,5],"5":[1,4],"6":[1,3],"7":[2,1],"8":[1,0]},"_coverageSchema":"1a1c01bbd47fc00a2c39e90264f33305004495a9","hash":"1e6f80b9e1f3142df06656cbe37d45b17321a839"}
,"/home/taufiq/Project/Hacktiv8/server/src/controllers/UserController.js": {"path":"/home/taufiq/Project/Hacktiv8/server/src/controllers/UserController.js","statementMap":{"0":{"start":{"line":1,"column":76},"end":{"line":1,"column":96}},"1":{"start":{"line":2,"column":15},"end":{"line":2,"column":34}},"2":{"start":{"line":3,"column":26},"end":{"line":3,"column":74}},"3":{"start":{"line":4,"column":15},"end":{"line":4,"column":32}},"4":{"start":{"line":8,"column":27},"end":{"line":13,"column":9}},"5":{"start":{"line":14,"column":8},"end":{"line":20,"column":14}},"6":{"start":{"line":16,"column":16},"end":{"line":16,"column":128}},"7":{"start":{"line":19,"column":16},"end":{"line":19,"column":25}},"8":{"start":{"line":24,"column":22},"end":{"line":24,"column":36}},"9":{"start":{"line":25,"column":25},"end":{"line":25,"column":42}},"10":{"start":{"line":27,"column":8},"end":{"line":66,"column":9}},"11":{"start":{"line":28,"column":12},"end":{"line":31,"column":13}},"12":{"start":{"line":32,"column":14},"end":{"line":66,"column":9}},"13":{"start":{"line":33,"column":12},"end":{"line":36,"column":13}},"14":{"start":{"line":37,"column":14},"end":{"line":66,"column":9}},"15":{"start":{"line":38,"column":12},"end":{"line":41,"column":13}},"16":{"start":{"line":43,"column":12},"end":{"line":64,"column":18}},"17":{"start":{"line":49,"column":20},"end":{"line":59,"column":21}},"18":{"start":{"line":50,"column":24},"end":{"line":50,"column":82}},"19":{"start":{"line":52,"column":49},"end":{"line":52,"column":62}},"20":{"start":{"line":53,"column":24},"end":{"line":58,"column":25}},"21":{"start":{"line":54,"column":47},"end":{"line":54,"column":118}},"22":{"start":{"line":55,"column":28},"end":{"line":55,"column":76}},"23":{"start":{"line":57,"column":28},"end":{"line":57,"column":93}},"24":{"start":{"line":63,"column":20},"end":{"line":63,"column":29}},"25":{"start":{"line":71,"column":8},"end":{"line":80,"column":14}},"26":{"start":{"line":75,"column":16},"end":{"line":75,"column":42}},"27":{"start":{"line":79,"column":16},"end":{"line":79,"column":25}},"28":{"start":{"line":84,"column":26},"end":{"line":84,"column":54}},"29":{"start":{"line":86,"column":8},"end":{"line":103,"column":11}},"30":{"start":{"line":87,"column":25},"end":{"line":87,"column":58}},"31":{"start":{"line":88,"column":33},"end":{"line":96,"column":13}},"32":{"start":{"line":98,"column":28},"end":{"line":98,"column":61}},"33":{"start":{"line":99,"column":12},"end":{"line":99,"column":41}},"34":{"start":{"line":102,"column":12},"end":{"line":102,"column":21}},"35":{"start":{"line":107,"column":27},"end":{"line":107,"column":42}},"36":{"start":{"line":109,"column":8},"end":{"line":126,"column":14}},"37":{"start":{"line":115,"column":16},"end":{"line":122,"column":17}},"38":{"start":{"line":116,"column":20},"end":{"line":116,"column":46}},"39":{"start":{"line":118,"column":20},"end":{"line":121,"column":21}},"40":{"start":{"line":125,"column":16},"end":{"line":125,"column":25}},"41":{"start":{"line":132,"column":26},"end":{"line":135,"column":9}},"42":{"start":{"line":136,"column":19},"end":{"line":136,"column":32}},"43":{"start":{"line":139,"column":8},"end":{"line":152,"column":14}},"44":{"start":{"line":147,"column":16},"end":{"line":147,"column":48}},"45":{"start":{"line":151,"column":16},"end":{"line":151,"column":25}},"46":{"start":{"line":156,"column":26},"end":{"line":159,"column":9}},"47":{"start":{"line":160,"column":19},"end":{"line":160,"column":32}},"48":{"start":{"line":162,"column":8},"end":{"line":173,"column":14}},"49":{"start":{"line":169,"column":16},"end":{"line":169,"column":48}},"50":{"start":{"line":172,"column":16},"end":{"line":172,"column":25}},"51":{"start":{"line":177,"column":27},"end":{"line":177,"column":42}},"52":{"start":{"line":179,"column":8},"end":{"line":198,"column":14}},"53":{"start":{"line":185,"column":16},"end":{"line":192,"column":17}},"54":{"start":{"line":186,"column":20},"end":{"line":186,"column":46}},"55":{"start":{"line":188,"column":20},"end":{"line":191,"column":21}},"56":{"start":{"line":197,"column":16},"end":{"line":197,"column":25}},"57":{"start":{"line":202,"column":26},"end":{"line":205,"column":9}},"58":{"start":{"line":208,"column":8},"end":{"line":217,"column":14}},"59":{"start":{"line":211,"column":16},"end":{"line":211,"column":42}},"60":{"start":{"line":214,"column":16},"end":{"line":214,"column":25}},"61":{"start":{"line":222,"column":19},"end":{"line":222,"column":32}},"62":{"start":{"line":224,"column":8},"end":{"line":234,"column":14}},"63":{"start":{"line":230,"column":16},"end":{"line":230,"column":81}},"64":{"start":{"line":233,"column":16},"end":{"line":233,"column":25}},"65":{"start":{"line":238,"column":27},"end":{"line":238,"column":42}},"66":{"start":{"line":240,"column":8},"end":{"line":258,"column":14}},"67":{"start":{"line":247,"column":16},"end":{"line":254,"column":17}},"68":{"start":{"line":248,"column":20},"end":{"line":248,"column":46}},"69":{"start":{"line":250,"column":20},"end":{"line":253,"column":21}},"70":{"start":{"line":257,"column":16},"end":{"line":257,"column":25}},"71":{"start":{"line":262,"column":19},"end":{"line":262,"column":32}},"72":{"start":{"line":264,"column":8},"end":{"line":275,"column":14}},"73":{"start":{"line":271,"column":16},"end":{"line":271,"column":42}},"74":{"start":{"line":274,"column":16},"end":{"line":274,"column":25}},"75":{"start":{"line":279,"column":19},"end":{"line":279,"column":32}},"76":{"start":{"line":281,"column":8},"end":{"line":289,"column":14}},"77":{"start":{"line":285,"column":16},"end":{"line":285,"column":42}},"78":{"start":{"line":288,"column":16},"end":{"line":288,"column":25}},"79":{"start":{"line":294,"column":0},"end":{"line":294,"column":31}}},"fnMap":{"0":{"name":"(anonymous_0)","decl":{"start":{"line":7,"column":4},"end":{"line":7,"column":5}},"loc":{"start":{"line":7,"column":44},"end":{"line":21,"column":5}},"line":7},"1":{"name":"(anonymous_1)","decl":{"start":{"line":15,"column":18},"end":{"line":15,"column":19}},"loc":{"start":{"line":15,"column":26},"end":{"line":17,"column":13}},"line":15},"2":{"name":"(anonymous_2)","decl":{"start":{"line":18,"column":19},"end":{"line":18,"column":20}},"loc":{"start":{"line":18,"column":26},"end":{"line":20,"column":13}},"line":18},"3":{"name":"(anonymous_3)","decl":{"start":{"line":23,"column":4},"end":{"line":23,"column":5}},"loc":{"start":{"line":23,"column":41},"end":{"line":67,"column":5}},"line":23},"4":{"name":"(anonymous_4)","decl":{"start":{"line":48,"column":22},"end":{"line":48,"column":23}},"loc":{"start":{"line":48,"column":30},"end":{"line":60,"column":17}},"line":48},"5":{"name":"(anonymous_5)","decl":{"start":{"line":61,"column":23},"end":{"line":61,"column":24}},"loc":{"start":{"line":61,"column":30},"end":{"line":64,"column":17}},"line":61},"6":{"name":"(anonymous_6)","decl":{"start":{"line":69,"column":4},"end":{"line":69,"column":5}},"loc":{"start":{"line":69,"column":44},"end":{"line":81,"column":5}},"line":69},"7":{"name":"(anonymous_7)","decl":{"start":{"line":74,"column":18},"end":{"line":74,"column":19}},"loc":{"start":{"line":74,"column":26},"end":{"line":76,"column":13}},"line":74},"8":{"name":"(anonymous_8)","decl":{"start":{"line":77,"column":19},"end":{"line":77,"column":20}},"loc":{"start":{"line":77,"column":26},"end":{"line":80,"column":13}},"line":77},"9":{"name":"(anonymous_9)","decl":{"start":{"line":83,"column":4},"end":{"line":83,"column":5}},"loc":{"start":{"line":83,"column":48},"end":{"line":104,"column":5}},"line":83},"10":{"name":"(anonymous_10)","decl":{"start":{"line":106,"column":4},"end":{"line":106,"column":5}},"loc":{"start":{"line":106,"column":50},"end":{"line":127,"column":5}},"line":106},"11":{"name":"(anonymous_11)","decl":{"start":{"line":114,"column":18},"end":{"line":114,"column":19}},"loc":{"start":{"line":114,"column":26},"end":{"line":123,"column":13}},"line":114},"12":{"name":"(anonymous_12)","decl":{"start":{"line":124,"column":19},"end":{"line":124,"column":20}},"loc":{"start":{"line":124,"column":26},"end":{"line":126,"column":13}},"line":124},"13":{"name":"(anonymous_13)","decl":{"start":{"line":129,"column":4},"end":{"line":129,"column":5}},"loc":{"start":{"line":129,"column":41},"end":{"line":153,"column":5}},"line":129},"14":{"name":"(anonymous_14)","decl":{"start":{"line":145,"column":18},"end":{"line":145,"column":19}},"loc":{"start":{"line":145,"column":26},"end":{"line":148,"column":13}},"line":145},"15":{"name":"(anonymous_15)","decl":{"start":{"line":149,"column":19},"end":{"line":149,"column":20}},"loc":{"start":{"line":149,"column":26},"end":{"line":152,"column":13}},"line":149},"16":{"name":"(anonymous_16)","decl":{"start":{"line":155,"column":4},"end":{"line":155,"column":5}},"loc":{"start":{"line":155,"column":51},"end":{"line":174,"column":5}},"line":155},"17":{"name":"(anonymous_17)","decl":{"start":{"line":168,"column":18},"end":{"line":168,"column":19}},"loc":{"start":{"line":168,"column":26},"end":{"line":170,"column":13}},"line":168},"18":{"name":"(anonymous_18)","decl":{"start":{"line":171,"column":19},"end":{"line":171,"column":20}},"loc":{"start":{"line":171,"column":26},"end":{"line":173,"column":13}},"line":171},"19":{"name":"(anonymous_19)","decl":{"start":{"line":176,"column":4},"end":{"line":176,"column":5}},"loc":{"start":{"line":176,"column":46},"end":{"line":199,"column":5}},"line":176},"20":{"name":"(anonymous_20)","decl":{"start":{"line":184,"column":18},"end":{"line":184,"column":19}},"loc":{"start":{"line":184,"column":26},"end":{"line":193,"column":13}},"line":184},"21":{"name":"(anonymous_21)","decl":{"start":{"line":194,"column":19},"end":{"line":194,"column":20}},"loc":{"start":{"line":194,"column":26},"end":{"line":198,"column":13}},"line":194},"22":{"name":"(anonymous_22)","decl":{"start":{"line":201,"column":4},"end":{"line":201,"column":5}},"loc":{"start":{"line":201,"column":39},"end":{"line":218,"column":5}},"line":201},"23":{"name":"(anonymous_23)","decl":{"start":{"line":209,"column":18},"end":{"line":209,"column":19}},"loc":{"start":{"line":209,"column":26},"end":{"line":212,"column":13}},"line":209},"24":{"name":"(anonymous_24)","decl":{"start":{"line":213,"column":19},"end":{"line":213,"column":20}},"loc":{"start":{"line":213,"column":26},"end":{"line":217,"column":13}},"line":213},"25":{"name":"(anonymous_25)","decl":{"start":{"line":220,"column":4},"end":{"line":220,"column":5}},"loc":{"start":{"line":220,"column":42},"end":{"line":235,"column":5}},"line":220},"26":{"name":"(anonymous_26)","decl":{"start":{"line":229,"column":18},"end":{"line":229,"column":19}},"loc":{"start":{"line":229,"column":26},"end":{"line":231,"column":13}},"line":229},"27":{"name":"(anonymous_27)","decl":{"start":{"line":232,"column":19},"end":{"line":232,"column":20}},"loc":{"start":{"line":232,"column":26},"end":{"line":234,"column":13}},"line":232},"28":{"name":"(anonymous_28)","decl":{"start":{"line":237,"column":4},"end":{"line":237,"column":5}},"loc":{"start":{"line":237,"column":49},"end":{"line":259,"column":5}},"line":237},"29":{"name":"(anonymous_29)","decl":{"start":{"line":246,"column":18},"end":{"line":246,"column":19}},"loc":{"start":{"line":246,"column":26},"end":{"line":255,"column":13}},"line":246},"30":{"name":"(anonymous_30)","decl":{"start":{"line":256,"column":19},"end":{"line":256,"column":20}},"loc":{"start":{"line":256,"column":26},"end":{"line":258,"column":13}},"line":256},"31":{"name":"(anonymous_31)","decl":{"start":{"line":261,"column":4},"end":{"line":261,"column":5}},"loc":{"start":{"line":261,"column":41},"end":{"line":276,"column":5}},"line":261},"32":{"name":"(anonymous_32)","decl":{"start":{"line":270,"column":18},"end":{"line":270,"column":19}},"loc":{"start":{"line":270,"column":26},"end":{"line":272,"column":13}},"line":270},"33":{"name":"(anonymous_33)","decl":{"start":{"line":273,"column":19},"end":{"line":273,"column":20}},"loc":{"start":{"line":273,"column":26},"end":{"line":275,"column":13}},"line":273},"34":{"name":"(anonymous_34)","decl":{"start":{"line":278,"column":4},"end":{"line":278,"column":5}},"loc":{"start":{"line":278,"column":40},"end":{"line":290,"column":7}},"line":278},"35":{"name":"(anonymous_35)","decl":{"start":{"line":284,"column":18},"end":{"line":284,"column":19}},"loc":{"start":{"line":284,"column":26},"end":{"line":286,"column":13}},"line":284},"36":{"name":"(anonymous_36)","decl":{"start":{"line":287,"column":19},"end":{"line":287,"column":20}},"loc":{"start":{"line":287,"column":26},"end":{"line":289,"column":13}},"line":287}},"branchMap":{"0":{"loc":{"start":{"line":27,"column":8},"end":{"line":66,"column":9}},"type":"if","locations":[{"start":{"line":27,"column":8},"end":{"line":66,"column":9}},{"start":{"line":27,"column":8},"end":{"line":66,"column":9}}],"line":27},"1":{"loc":{"start":{"line":27,"column":11},"end":{"line":27,"column":42}},"type":"binary-expr","locations":[{"start":{"line":27,"column":11},"end":{"line":27,"column":23}},{"start":{"line":27,"column":27},"end":{"line":27,"column":42}}],"line":27},"2":{"loc":{"start":{"line":32,"column":14},"end":{"line":66,"column":9}},"type":"if","locations":[{"start":{"line":32,"column":14},"end":{"line":66,"column":9}},{"start":{"line":32,"column":14},"end":{"line":66,"column":9}}],"line":32},"3":{"loc":{"start":{"line":37,"column":14},"end":{"line":66,"column":9}},"type":"if","locations":[{"start":{"line":37,"column":14},"end":{"line":66,"column":9}},{"start":{"line":37,"column":14},"end":{"line":66,"column":9}}],"line":37},"4":{"loc":{"start":{"line":49,"column":20},"end":{"line":59,"column":21}},"type":"if","locations":[{"start":{"line":49,"column":20},"end":{"line":59,"column":21}},{"start":{"line":49,"column":20},"end":{"line":59,"column":21}}],"line":49},"5":{"loc":{"start":{"line":53,"column":24},"end":{"line":58,"column":25}},"type":"if","locations":[{"start":{"line":53,"column":24},"end":{"line":58,"column":25}},{"start":{"line":53,"column":24},"end":{"line":58,"column":25}}],"line":53},"6":{"loc":{"start":{"line":115,"column":16},"end":{"line":122,"column":17}},"type":"if","locations":[{"start":{"line":115,"column":16},"end":{"line":122,"column":17}},{"start":{"line":115,"column":16},"end":{"line":122,"column":17}}],"line":115},"7":{"loc":{"start":{"line":185,"column":16},"end":{"line":192,"column":17}},"type":"if","locations":[{"start":{"line":185,"column":16},"end":{"line":192,"column":17}},{"start":{"line":185,"column":16},"end":{"line":192,"column":17}}],"line":185},"8":{"loc":{"start":{"line":204,"column":21},"end":{"line":204,"column":53}},"type":"binary-expr","locations":[{"start":{"line":204,"column":21},"end":{"line":204,"column":45}},{"start":{"line":204,"column":49},"end":{"line":204,"column":53}}],"line":204},"9":{"loc":{"start":{"line":247,"column":16},"end":{"line":254,"column":17}},"type":"if","locations":[{"start":{"line":247,"column":16},"end":{"line":254,"column":17}},{"start":{"line":247,"column":16},"end":{"line":254,"column":17}}],"line":247}},"s":{"0":3,"1":3,"2":3,"3":3,"4":7,"5":7,"6":2,"7":5,"8":7,"9":7,"10":7,"11":1,"12":6,"13":1,"14":5,"15":1,"16":4,"17":4,"18":1,"19":3,"20":3,"21":2,"22":2,"23":1,"24":0,"25":1,"26":1,"27":0,"28":4,"29":4,"30":4,"31":4,"32":4,"33":1,"34":3,"35":2,"36":2,"37":2,"38":1,"39":1,"40":1,"41":1,"42":1,"43":1,"44":1,"45":0,"46":1,"47":1,"48":1,"49":1,"50":0,"51":2,"52":2,"53":2,"54":1,"55":1,"56":1,"57":1,"58":1,"59":1,"60":0,"61":1,"62":1,"63":1,"64":0,"65":2,"66":2,"67":2,"68":1,"69":1,"70":1,"71":1,"72":1,"73":1,"74":0,"75":1,"76":1,"77":1,"78":0,"79":3},"f":{"0":7,"1":2,"2":5,"3":7,"4":4,"5":0,"6":1,"7":1,"8":0,"9":4,"10":2,"11":2,"12":1,"13":1,"14":1,"15":0,"16":1,"17":1,"18":0,"19":2,"20":2,"21":1,"22":1,"23":1,"24":0,"25":1,"26":1,"27":0,"28":2,"29":2,"30":1,"31":1,"32":1,"33":0,"34":1,"35":1,"36":0},"b":{"0":[1,6],"1":[7,2],"2":[1,5],"3":[1,4],"4":[1,3],"5":[2,1],"6":[1,1],"7":[1,1],"8":[1,0],"9":[1,1]},"_coverageSchema":"1a1c01bbd47fc00a2c39e90264f33305004495a9","hash":"bba2ffc1cc7148b2e6f95833d8b309eb12edf3ab"}
,"/home/taufiq/Project/Hacktiv8/server/src/helpers/bcrypt.js": {"path":"/home/taufiq/Project/Hacktiv8/server/src/helpers/bcrypt.js","statementMap":{"0":{"start":{"line":1,"column":15},"end":{"line":1,"column":34}},"1":{"start":{"line":4,"column":2},"end":{"line":4,"column":38}},"2":{"start":{"line":8,"column":2},"end":{"line":8,"column":45}},"3":{"start":{"line":11,"column":0},"end":{"line":11,"column":34}}},"fnMap":{"0":{"name":"hash","decl":{"start":{"line":3,"column":9},"end":{"line":3,"column":13}},"loc":{"start":{"line":3,"column":24},"end":{"line":5,"column":1}},"line":3},"1":{"name":"compare","decl":{"start":{"line":7,"column":9},"end":{"line":7,"column":16}},"loc":{"start":{"line":7,"column":35},"end":{"line":9,"column":1}},"line":7}},"branchMap":{},"s":{"0":3,"1":2,"2":2,"3":3},"f":{"0":2,"1":2},"b":{},"_coverageSchema":"1a1c01bbd47fc00a2c39e90264f33305004495a9","hash":"2a9dd4374b651a3bc5c29de44ed8e919ea4ed836"}
,"/home/taufiq/Project/Hacktiv8/server/src/helpers/jwt.js": {"path":"/home/taufiq/Project/Hacktiv8/server/src/helpers/jwt.js","statementMap":{"0":{"start":{"line":1,"column":12},"end":{"line":1,"column":35}},"1":{"start":{"line":4,"column":2},"end":{"line":4,"column":78}},"2":{"start":{"line":16,"column":2},"end":{"line":16,"column":37}},"3":{"start":{"line":19,"column":0},"end":{"line":19,"column":42}}},"fnMap":{"0":{"name":"getTokenAdmin","decl":{"start":{"line":3,"column":9},"end":{"line":3,"column":22}},"loc":{"start":{"line":3,"column":28},"end":{"line":5,"column":1}},"line":3},"1":{"name":"verify","decl":{"start":{"line":15,"column":9},"end":{"line":15,"column":15}},"loc":{"start":{"line":15,"column":23},"end":{"line":17,"column":1}},"line":15}},"branchMap":{},"s":{"0":3,"1":1,"2":37,"3":3},"f":{"0":1,"1":37},"b":{},"_coverageSchema":"1a1c01bbd47fc00a2c39e90264f33305004495a9","hash":"72d72c98293bbf240b8eeea6f640dea100b28c9a"}
,"/home/taufiq/Project/Hacktiv8/server/src/middlewares/authentication.js": {"path":"/home/taufiq/Project/Hacktiv8/server/src/middlewares/authentication.js","statementMap":{"0":{"start":{"line":1,"column":19},"end":{"line":1,"column":44}},"1":{"start":{"line":2,"column":18},"end":{"line":2,"column":44}},"2":{"start":{"line":4,"column":0},"end":{"line":28,"column":1}},"3":{"start":{"line":5,"column":2},"end":{"line":27,"column":3}},"4":{"start":{"line":6,"column":25},"end":{"line":6,"column":49}},"5":{"start":{"line":7,"column":4},"end":{"line":24,"column":5}},"6":{"start":{"line":8,"column":6},"end":{"line":11,"column":7}},"7":{"start":{"line":13,"column":27},"end":{"line":13,"column":47}},"8":{"start":{"line":14,"column":19},"end":{"line":14,"column":56}},"9":{"start":{"line":15,"column":6},"end":{"line":23,"column":7}},"10":{"start":{"line":16,"column":8},"end":{"line":16,"column":31}},"11":{"start":{"line":17,"column":8},"end":{"line":17,"column":14}},"12":{"start":{"line":19,"column":8},"end":{"line":22,"column":9}},"13":{"start":{"line":26,"column":4},"end":{"line":26,"column":15}}},"fnMap":{"0":{"name":"(anonymous_0)","decl":{"start":{"line":4,"column":17},"end":{"line":4,"column":18}},"loc":{"start":{"line":4,"column":43},"end":{"line":28,"column":1}},"line":4}},"branchMap":{"0":{"loc":{"start":{"line":7,"column":4},"end":{"line":24,"column":5}},"type":"if","locations":[{"start":{"line":7,"column":4},"end":{"line":24,"column":5}},{"start":{"line":7,"column":4},"end":{"line":24,"column":5}}],"line":7},"1":{"loc":{"start":{"line":15,"column":6},"end":{"line":23,"column":7}},"type":"if","locations":[{"start":{"line":15,"column":6},"end":{"line":23,"column":7}},{"start":{"line":15,"column":6},"end":{"line":23,"column":7}}],"line":15}},"s":{"0":3,"1":3,"2":3,"3":46,"4":46,"5":46,"6":9,"7":37,"8":34,"9":34,"10":34,"11":34,"12":0,"13":12},"f":{"0":46},"b":{"0":[9,37],"1":[34,0]},"_coverageSchema":"1a1c01bbd47fc00a2c39e90264f33305004495a9","hash":"f05da2c0c51d75c54b6711bf4d7c179d8cd4caf0"}
,"/home/taufiq/Project/Hacktiv8/server/src/middlewares/errorhandler.js": {"path":"/home/taufiq/Project/Hacktiv8/server/src/middlewares/errorhandler.js","statementMap":{"0":{"start":{"line":2,"column":2},"end":{"line":207,"column":3}},"1":{"start":{"line":3,"column":6},"end":{"line":3,"column":60}},"2":{"start":{"line":4,"column":9},"end":{"line":207,"column":3}},"3":{"start":{"line":5,"column":19},"end":{"line":5,"column":21}},"4":{"start":{"line":6,"column":24},"end":{"line":6,"column":63}},"5":{"start":{"line":7,"column":6},"end":{"line":203,"column":7}},"6":{"start":{"line":7,"column":19},"end":{"line":7,"column":20}},"7":{"start":{"line":8,"column":8},"end":{"line":202,"column":9}},"8":{"start":{"line":9,"column":10},"end":{"line":9,"column":45}},"9":{"start":{"line":12,"column":15},"end":{"line":202,"column":9}},"10":{"start":{"line":13,"column":12},"end":{"line":29,"column":13}},"11":{"start":{"line":14,"column":14},"end":{"line":16,"column":15}},"12":{"start":{"line":15,"column":18},"end":{"line":15,"column":53}},"13":{"start":{"line":17,"column":19},"end":{"line":29,"column":13}},"14":{"start":{"line":18,"column":16},"end":{"line":20,"column":17}},"15":{"start":{"line":19,"column":20},"end":{"line":19,"column":55}},"16":{"start":{"line":21,"column":19},"end":{"line":29,"column":13}},"17":{"start":{"line":22,"column":14},"end":{"line":24,"column":15}},"18":{"start":{"line":23,"column":18},"end":{"line":23,"column":53}},"19":{"start":{"line":25,"column":19},"end":{"line":29,"column":13}},"20":{"start":{"line":26,"column":16},"end":{"line":28,"column":17}},"21":{"start":{"line":27,"column":20},"end":{"line":27,"column":55}},"22":{"start":{"line":32,"column":15},"end":{"line":202,"column":9}},"23":{"start":{"line":33,"column":12},"end":{"line":61,"column":13}},"24":{"start":{"line":34,"column":14},"end":{"line":36,"column":15}},"25":{"start":{"line":35,"column":18},"end":{"line":35,"column":53}},"26":{"start":{"line":37,"column":19},"end":{"line":61,"column":13}},"27":{"start":{"line":38,"column":14},"end":{"line":40,"column":15}},"28":{"start":{"line":39,"column":18},"end":{"line":39,"column":53}},"29":{"start":{"line":41,"column":19},"end":{"line":61,"column":13}},"30":{"start":{"line":42,"column":16},"end":{"line":44,"column":17}},"31":{"start":{"line":43,"column":20},"end":{"line":43,"column":55}},"32":{"start":{"line":45,"column":19},"end":{"line":61,"column":13}},"33":{"start":{"line":46,"column":14},"end":{"line":48,"column":15}},"34":{"start":{"line":47,"column":18},"end":{"line":47,"column":53}},"35":{"start":{"line":49,"column":19},"end":{"line":61,"column":13}},"36":{"start":{"line":50,"column":16},"end":{"line":52,"column":17}},"37":{"start":{"line":51,"column":20},"end":{"line":51,"column":55}},"38":{"start":{"line":53,"column":19},"end":{"line":61,"column":13}},"39":{"start":{"line":54,"column":14},"end":{"line":56,"column":15}},"40":{"start":{"line":55,"column":18},"end":{"line":55,"column":53}},"41":{"start":{"line":57,"column":19},"end":{"line":61,"column":13}},"42":{"start":{"line":58,"column":14},"end":{"line":60,"column":15}},"43":{"start":{"line":59,"column":18},"end":{"line":59,"column":53}},"44":{"start":{"line":64,"column":15},"end":{"line":202,"column":9}},"45":{"start":{"line":65,"column":12},"end":{"line":85,"column":13}},"46":{"start":{"line":66,"column":14},"end":{"line":68,"column":15}},"47":{"start":{"line":67,"column":18},"end":{"line":67,"column":53}},"48":{"start":{"line":69,"column":19},"end":{"line":85,"column":13}},"49":{"start":{"line":70,"column":14},"end":{"line":72,"column":15}},"50":{"start":{"line":71,"column":18},"end":{"line":71,"column":53}},"51":{"start":{"line":73,"column":19},"end":{"line":85,"column":13}},"52":{"start":{"line":74,"column":16},"end":{"line":76,"column":17}},"53":{"start":{"line":75,"column":20},"end":{"line":75,"column":55}},"54":{"start":{"line":77,"column":19},"end":{"line":85,"column":13}},"55":{"start":{"line":78,"column":14},"end":{"line":80,"column":15}},"56":{"start":{"line":79,"column":18},"end":{"line":79,"column":53}},"57":{"start":{"line":81,"column":19},"end":{"line":85,"column":13}},"58":{"start":{"line":82,"column":16},"end":{"line":84,"column":17}},"59":{"start":{"line":83,"column":20},"end":{"line":83,"column":55}},"60":{"start":{"line":88,"column":15},"end":{"line":202,"column":9}},"61":{"start":{"line":89,"column":12},"end":{"line":145,"column":13}},"62":{"start":{"line":90,"column":14},"end":{"line":92,"column":15}},"63":{"start":{"line":91,"column":16},"end":{"line":91,"column":51}},"64":{"start":{"line":93,"column":19},"end":{"line":145,"column":13}},"65":{"start":{"line":94,"column":14},"end":{"line":96,"column":15}},"66":{"start":{"line":95,"column":16},"end":{"line":95,"column":51}},"67":{"start":{"line":97,"column":19},"end":{"line":145,"column":13}},"68":{"start":{"line":98,"column":14},"end":{"line":100,"column":15}},"69":{"start":{"line":99,"column":16},"end":{"line":99,"column":51}},"70":{"start":{"line":101,"column":19},"end":{"line":145,"column":13}},"71":{"start":{"line":102,"column":14},"end":{"line":104,"column":15}},"72":{"start":{"line":103,"column":16},"end":{"line":103,"column":51}},"73":{"start":{"line":105,"column":19},"end":{"line":145,"column":13}},"74":{"start":{"line":106,"column":14},"end":{"line":108,"column":15}},"75":{"start":{"line":107,"column":16},"end":{"line":107,"column":51}},"76":{"start":{"line":109,"column":19},"end":{"line":145,"column":13}},"77":{"start":{"line":110,"column":16},"end":{"line":110,"column":51}},"78":{"start":{"line":111,"column":19},"end":{"line":145,"column":13}},"79":{"start":{"line":112,"column":14},"end":{"line":114,"column":15}},"80":{"start":{"line":113,"column":16},"end":{"line":113,"column":51}},"81":{"start":{"line":115,"column":19},"end":{"line":145,"column":13}},"82":{"start":{"line":116,"column":16},"end":{"line":116,"column":51}},"83":{"start":{"line":117,"column":19},"end":{"line":145,"column":13}},"84":{"start":{"line":118,"column":14},"end":{"line":120,"column":15}},"85":{"start":{"line":119,"column":16},"end":{"line":119,"column":51}},"86":{"start":{"line":121,"column":19},"end":{"line":145,"column":13}},"87":{"start":{"line":122,"column":16},"end":{"line":122,"column":51}},"88":{"start":{"line":123,"column":19},"end":{"line":145,"column":13}},"89":{"start":{"line":124,"column":14},"end":{"line":126,"column":15}},"90":{"start":{"line":125,"column":16},"end":{"line":125,"column":51}},"91":{"start":{"line":127,"column":19},"end":{"line":145,"column":13}},"92":{"start":{"line":128,"column":16},"end":{"line":128,"column":51}},"93":{"start":{"line":129,"column":19},"end":{"line":145,"column":13}},"94":{"start":{"line":130,"column":14},"end":{"line":132,"column":15}},"95":{"start":{"line":131,"column":16},"end":{"line":131,"column":51}},"96":{"start":{"line":133,"column":19},"end":{"line":145,"column":13}},"97":{"start":{"line":134,"column":16},"end":{"line":134,"column":51}},"98":{"start":{"line":135,"column":19},"end":{"line":145,"column":13}},"99":{"start":{"line":136,"column":14},"end":{"line":138,"column":15}},"100":{"start":{"line":137,"column":16},"end":{"line":137,"column":51}},"101":{"start":{"line":139,"column":19},"end":{"line":145,"column":13}},"102":{"start":{"line":140,"column":16},"end":{"line":140,"column":51}},"103":{"start":{"line":141,"column":19},"end":{"line":145,"column":13}},"104":{"start":{"line":142,"column":14},"end":{"line":144,"column":15}},"105":{"start":{"line":143,"column":16},"end":{"line":143,"column":51}},"106":{"start":{"line":148,"column":15},"end":{"line":202,"column":9}},"107":{"start":{"line":149,"column":12},"end":{"line":177,"column":13}},"108":{"start":{"line":150,"column":14},"end":{"line":152,"column":15}},"109":{"start":{"line":151,"column":16},"end":{"line":151,"column":51}},"110":{"start":{"line":153,"column":19},"end":{"line":177,"column":13}},"111":{"start":{"line":154,"column":14},"end":{"line":156,"column":15}},"112":{"start":{"line":155,"column":16},"end":{"line":155,"column":51}},"113":{"start":{"line":171,"column":19},"end":{"line":177,"column":13}},"114":{"start":{"line":172,"column":16},"end":{"line":172,"column":51}},"115":{"start":{"line":173,"column":19},"end":{"line":177,"column":13}},"116":{"start":{"line":174,"column":14},"end":{"line":176,"column":15}},"117":{"start":{"line":175,"column":16},"end":{"line":175,"column":51}},"118":{"start":{"line":180,"column":15},"end":{"line":202,"column":9}},"119":{"start":{"line":181,"column":12},"end":{"line":185,"column":13}},"120":{"start":{"line":182,"column":14},"end":{"line":184,"column":15}},"121":{"start":{"line":183,"column":16},"end":{"line":183,"column":51}},"122":{"start":{"line":188,"column":15},"end":{"line":202,"column":9}},"123":{"start":{"line":189,"column":10},"end":{"line":193,"column":11}},"124":{"start":{"line":190,"column":12},"end":{"line":192,"column":13}},"125":{"start":{"line":191,"column":14},"end":{"line":191,"column":49}},"126":{"start":{"line":196,"column":15},"end":{"line":202,"column":9}},"127":{"start":{"line":197,"column":10},"end":{"line":201,"column":11}},"128":{"start":{"line":198,"column":12},"end":{"line":200,"column":13}},"129":{"start":{"line":199,"column":14},"end":{"line":199,"column":49}},"130":{"start":{"line":204,"column":6},"end":{"line":204,"column":48}},"131":{"start":{"line":206,"column":6},"end":{"line":206,"column":65}},"132":{"start":{"line":210,"column":0},"end":{"line":210,"column":30}}},"fnMap":{"0":{"name":"errorHandler","decl":{"start":{"line":1,"column":9},"end":{"line":1,"column":21}},"loc":{"start":{"line":1,"column":43},"end":{"line":208,"column":1}},"line":1}},"branchMap":{"0":{"loc":{"start":{"line":2,"column":2},"end":{"line":207,"column":3}},"type":"if","locations":[{"start":{"line":2,"column":2},"end":{"line":207,"column":3}},{"start":{"line":2,"column":2},"end":{"line":207,"column":3}}],"line":2},"1":{"loc":{"start":{"line":4,"column":9},"end":{"line":207,"column":3}},"type":"if","locations":[{"start":{"line":4,"column":9},"end":{"line":207,"column":3}},{"start":{"line":4,"column":9},"end":{"line":207,"column":3}}],"line":4},"2":{"loc":{"start":{"line":4,"column":13},"end":{"line":4,"column":101}},"type":"binary-expr","locations":[{"start":{"line":4,"column":13},"end":{"line":4,"column":52}},{"start":{"line":4,"column":56},"end":{"line":4,"column":101}}],"line":4},"3":{"loc":{"start":{"line":8,"column":8},"end":{"line":202,"column":9}},"type":"if","locations":[{"start":{"line":8,"column":8},"end":{"line":202,"column":9}},{"start":{"line":8,"column":8},"end":{"line":202,"column":9}}],"line":8},"4":{"loc":{"start":{"line":12,"column":15},"end":{"line":202,"column":9}},"type":"if","locations":[{"start":{"line":12,"column":15},"end":{"line":202,"column":9}},{"start":{"line":12,"column":15},"end":{"line":202,"column":9}}],"line":12},"5":{"loc":{"start":{"line":13,"column":12},"end":{"line":29,"column":13}},"type":"if","locations":[{"start":{"line":13,"column":12},"end":{"line":29,"column":13}},{"start":{"line":13,"column":12},"end":{"line":29,"column":13}}],"line":13},"6":{"loc":{"start":{"line":14,"column":14},"end":{"line":16,"column":15}},"type":"if","locations":[{"start":{"line":14,"column":14},"end":{"line":16,"column":15}},{"start":{"line":14,"column":14},"end":{"line":16,"column":15}}],"line":14},"7":{"loc":{"start":{"line":17,"column":19},"end":{"line":29,"column":13}},"type":"if","locations":[{"start":{"line":17,"column":19},"end":{"line":29,"column":13}},{"start":{"line":17,"column":19},"end":{"line":29,"column":13}}],"line":17},"8":{"loc":{"start":{"line":18,"column":16},"end":{"line":20,"column":17}},"type":"if","locations":[{"start":{"line":18,"column":16},"end":{"line":20,"column":17}},{"start":{"line":18,"column":16},"end":{"line":20,"column":17}}],"line":18},"9":{"loc":{"start":{"line":21,"column":19},"end":{"line":29,"column":13}},"type":"if","locations":[{"start":{"line":21,"column":19},"end":{"line":29,"column":13}},{"start":{"line":21,"column":19},"end":{"line":29,"column":13}}],"line":21},"10":{"loc":{"start":{"line":22,"column":14},"end":{"line":24,"column":15}},"type":"if","locations":[{"start":{"line":22,"column":14},"end":{"line":24,"column":15}},{"start":{"line":22,"column":14},"end":{"line":24,"column":15}}],"line":22},"11":{"loc":{"start":{"line":25,"column":19},"end":{"line":29,"column":13}},"type":"if","locations":[{"start":{"line":25,"column":19},"end":{"line":29,"column":13}},{"start":{"line":25,"column":19},"end":{"line":29,"column":13}}],"line":25},"12":{"loc":{"start":{"line":26,"column":16},"end":{"line":28,"column":17}},"type":"if","locations":[{"start":{"line":26,"column":16},"end":{"line":28,"column":17}},{"start":{"line":26,"column":16},"end":{"line":28,"column":17}}],"line":26},"13":{"loc":{"start":{"line":32,"column":15},"end":{"line":202,"column":9}},"type":"if","locations":[{"start":{"line":32,"column":15},"end":{"line":202,"column":9}},{"start":{"line":32,"column":15},"end":{"line":202,"column":9}}],"line":32},"14":{"loc":{"start":{"line":33,"column":12},"end":{"line":61,"column":13}},"type":"if","locations":[{"start":{"line":33,"column":12},"end":{"line":61,"column":13}},{"start":{"line":33,"column":12},"end":{"line":61,"column":13}}],"line":33},"15":{"loc":{"start":{"line":34,"column":14},"end":{"line":36,"column":15}},"type":"if","locations":[{"start":{"line":34,"column":14},"end":{"line":36,"column":15}},{"start":{"line":34,"column":14},"end":{"line":36,"column":15}}],"line":34},"16":{"loc":{"start":{"line":37,"column":19},"end":{"line":61,"column":13}},"type":"if","locations":[{"start":{"line":37,"column":19},"end":{"line":61,"column":13}},{"start":{"line":37,"column":19},"end":{"line":61,"column":13}}],"line":37},"17":{"loc":{"start":{"line":38,"column":14},"end":{"line":40,"column":15}},"type":"if","locations":[{"start":{"line":38,"column":14},"end":{"line":40,"column":15}},{"start":{"line":38,"column":14},"end":{"line":40,"column":15}}],"line":38},"18":{"loc":{"start":{"line":41,"column":19},"end":{"line":61,"column":13}},"type":"if","locations":[{"start":{"line":41,"column":19},"end":{"line":61,"column":13}},{"start":{"line":41,"column":19},"end":{"line":61,"column":13}}],"line":41},"19":{"loc":{"start":{"line":42,"column":16},"end":{"line":44,"column":17}},"type":"if","locations":[{"start":{"line":42,"column":16},"end":{"line":44,"column":17}},{"start":{"line":42,"column":16},"end":{"line":44,"column":17}}],"line":42},"20":{"loc":{"start":{"line":45,"column":19},"end":{"line":61,"column":13}},"type":"if","locations":[{"start":{"line":45,"column":19},"end":{"line":61,"column":13}},{"start":{"line":45,"column":19},"end":{"line":61,"column":13}}],"line":45},"21":{"loc":{"start":{"line":46,"column":14},"end":{"line":48,"column":15}},"type":"if","locations":[{"start":{"line":46,"column":14},"end":{"line":48,"column":15}},{"start":{"line":46,"column":14},"end":{"line":48,"column":15}}],"line":46},"22":{"loc":{"start":{"line":49,"column":19},"end":{"line":61,"column":13}},"type":"if","locations":[{"start":{"line":49,"column":19},"end":{"line":61,"column":13}},{"start":{"line":49,"column":19},"end":{"line":61,"column":13}}],"line":49},"23":{"loc":{"start":{"line":50,"column":16},"end":{"line":52,"column":17}},"type":"if","locations":[{"start":{"line":50,"column":16},"end":{"line":52,"column":17}},{"start":{"line":50,"column":16},"end":{"line":52,"column":17}}],"line":50},"24":{"loc":{"start":{"line":53,"column":19},"end":{"line":61,"column":13}},"type":"if","locations":[{"start":{"line":53,"column":19},"end":{"line":61,"column":13}},{"start":{"line":53,"column":19},"end":{"line":61,"column":13}}],"line":53},"25":{"loc":{"start":{"line":54,"column":14},"end":{"line":56,"column":15}},"type":"if","locations":[{"start":{"line":54,"column":14},"end":{"line":56,"column":15}},{"start":{"line":54,"column":14},"end":{"line":56,"column":15}}],"line":54},"26":{"loc":{"start":{"line":57,"column":19},"end":{"line":61,"column":13}},"type":"if","locations":[{"start":{"line":57,"column":19},"end":{"line":61,"column":13}},{"start":{"line":57,"column":19},"end":{"line":61,"column":13}}],"line":57},"27":{"loc":{"start":{"line":58,"column":14},"end":{"line":60,"column":15}},"type":"if","locations":[{"start":{"line":58,"column":14},"end":{"line":60,"column":15}},{"start":{"line":58,"column":14},"end":{"line":60,"column":15}}],"line":58},"28":{"loc":{"start":{"line":64,"column":15},"end":{"line":202,"column":9}},"type":"if","locations":[{"start":{"line":64,"column":15},"end":{"line":202,"column":9}},{"start":{"line":64,"column":15},"end":{"line":202,"column":9}}],"line":64},"29":{"loc":{"start":{"line":65,"column":12},"end":{"line":85,"column":13}},"type":"if","locations":[{"start":{"line":65,"column":12},"end":{"line":85,"column":13}},{"start":{"line":65,"column":12},"end":{"line":85,"column":13}}],"line":65},"30":{"loc":{"start":{"line":66,"column":14},"end":{"line":68,"column":15}},"type":"if","locations":[{"start":{"line":66,"column":14},"end":{"line":68,"column":15}},{"start":{"line":66,"column":14},"end":{"line":68,"column":15}}],"line":66},"31":{"loc":{"start":{"line":69,"column":19},"end":{"line":85,"column":13}},"type":"if","locations":[{"start":{"line":69,"column":19},"end":{"line":85,"column":13}},{"start":{"line":69,"column":19},"end":{"line":85,"column":13}}],"line":69},"32":{"loc":{"start":{"line":70,"column":14},"end":{"line":72,"column":15}},"type":"if","locations":[{"start":{"line":70,"column":14},"end":{"line":72,"column":15}},{"start":{"line":70,"column":14},"end":{"line":72,"column":15}}],"line":70},"33":{"loc":{"start":{"line":73,"column":19},"end":{"line":85,"column":13}},"type":"if","locations":[{"start":{"line":73,"column":19},"end":{"line":85,"column":13}},{"start":{"line":73,"column":19},"end":{"line":85,"column":13}}],"line":73},"34":{"loc":{"start":{"line":74,"column":16},"end":{"line":76,"column":17}},"type":"if","locations":[{"start":{"line":74,"column":16},"end":{"line":76,"column":17}},{"start":{"line":74,"column":16},"end":{"line":76,"column":17}}],"line":74},"35":{"loc":{"start":{"line":77,"column":19},"end":{"line":85,"column":13}},"type":"if","locations":[{"start":{"line":77,"column":19},"end":{"line":85,"column":13}},{"start":{"line":77,"column":19},"end":{"line":85,"column":13}}],"line":77},"36":{"loc":{"start":{"line":78,"column":14},"end":{"line":80,"column":15}},"type":"if","locations":[{"start":{"line":78,"column":14},"end":{"line":80,"column":15}},{"start":{"line":78,"column":14},"end":{"line":80,"column":15}}],"line":78},"37":{"loc":{"start":{"line":81,"column":19},"end":{"line":85,"column":13}},"type":"if","locations":[{"start":{"line":81,"column":19},"end":{"line":85,"column":13}},{"start":{"line":81,"column":19},"end":{"line":85,"column":13}}],"line":81},"38":{"loc":{"start":{"line":82,"column":16},"end":{"line":84,"column":17}},"type":"if","locations":[{"start":{"line":82,"column":16},"end":{"line":84,"column":17}},{"start":{"line":82,"column":16},"end":{"line":84,"column":17}}],"line":82},"39":{"loc":{"start":{"line":88,"column":15},"end":{"line":202,"column":9}},"type":"if","locations":[{"start":{"line":88,"column":15},"end":{"line":202,"column":9}},{"start":{"line":88,"column":15},"end":{"line":202,"column":9}}],"line":88},"40":{"loc":{"start":{"line":89,"column":12},"end":{"line":145,"column":13}},"type":"if","locations":[{"start":{"line":89,"column":12},"end":{"line":145,"column":13}},{"start":{"line":89,"column":12},"end":{"line":145,"column":13}}],"line":89},"41":{"loc":{"start":{"line":90,"column":14},"end":{"line":92,"column":15}},"type":"if","locations":[{"start":{"line":90,"column":14},"end":{"line":92,"column":15}},{"start":{"line":90,"column":14},"end":{"line":92,"column":15}}],"line":90},"42":{"loc":{"start":{"line":93,"column":19},"end":{"line":145,"column":13}},"type":"if","locations":[{"start":{"line":93,"column":19},"end":{"line":145,"column":13}},{"start":{"line":93,"column":19},"end":{"line":145,"column":13}}],"line":93},"43":{"loc":{"start":{"line":94,"column":14},"end":{"line":96,"column":15}},"type":"if","locations":[{"start":{"line":94,"column":14},"end":{"line":96,"column":15}},{"start":{"line":94,"column":14},"end":{"line":96,"column":15}}],"line":94},"44":{"loc":{"start":{"line":97,"column":19},"end":{"line":145,"column":13}},"type":"if","locations":[{"start":{"line":97,"column":19},"end":{"line":145,"column":13}},{"start":{"line":97,"column":19},"end":{"line":145,"column":13}}],"line":97},"45":{"loc":{"start":{"line":98,"column":14},"end":{"line":100,"column":15}},"type":"if","locations":[{"start":{"line":98,"column":14},"end":{"line":100,"column":15}},{"start":{"line":98,"column":14},"end":{"line":100,"column":15}}],"line":98},"46":{"loc":{"start":{"line":101,"column":19},"end":{"line":145,"column":13}},"type":"if","locations":[{"start":{"line":101,"column":19},"end":{"line":145,"column":13}},{"start":{"line":101,"column":19},"end":{"line":145,"column":13}}],"line":101},"47":{"loc":{"start":{"line":102,"column":14},"end":{"line":104,"column":15}},"type":"if","locations":[{"start":{"line":102,"column":14},"end":{"line":104,"column":15}},{"start":{"line":102,"column":14},"end":{"line":104,"column":15}}],"line":102},"48":{"loc":{"start":{"line":105,"column":19},"end":{"line":145,"column":13}},"type":"if","locations":[{"start":{"line":105,"column":19},"end":{"line":145,"column":13}},{"start":{"line":105,"column":19},"end":{"line":145,"column":13}}],"line":105},"49":{"loc":{"start":{"line":106,"column":14},"end":{"line":108,"column":15}},"type":"if","locations":[{"start":{"line":106,"column":14},"end":{"line":108,"column":15}},{"start":{"line":106,"column":14},"end":{"line":108,"column":15}}],"line":106},"50":{"loc":{"start":{"line":109,"column":19},"end":{"line":145,"column":13}},"type":"if","locations":[{"start":{"line":109,"column":19},"end":{"line":145,"column":13}},{"start":{"line":109,"column":19},"end":{"line":145,"column":13}}],"line":109},"51":{"loc":{"start":{"line":111,"column":19},"end":{"line":145,"column":13}},"type":"if","locations":[{"start":{"line":111,"column":19},"end":{"line":145,"column":13}},{"start":{"line":111,"column":19},"end":{"line":145,"column":13}}],"line":111},"52":{"loc":{"start":{"line":112,"column":14},"end":{"line":114,"column":15}},"type":"if","locations":[{"start":{"line":112,"column":14},"end":{"line":114,"column":15}},{"start":{"line":112,"column":14},"end":{"line":114,"column":15}}],"line":112},"53":{"loc":{"start":{"line":115,"column":19},"end":{"line":145,"column":13}},"type":"if","locations":[{"start":{"line":115,"column":19},"end":{"line":145,"column":13}},{"start":{"line":115,"column":19},"end":{"line":145,"column":13}}],"line":115},"54":{"loc":{"start":{"line":117,"column":19},"end":{"line":145,"column":13}},"type":"if","locations":[{"start":{"line":117,"column":19},"end":{"line":145,"column":13}},{"start":{"line":117,"column":19},"end":{"line":145,"column":13}}],"line":117},"55":{"loc":{"start":{"line":118,"column":14},"end":{"line":120,"column":15}},"type":"if","locations":[{"start":{"line":118,"column":14},"end":{"line":120,"column":15}},{"start":{"line":118,"column":14},"end":{"line":120,"column":15}}],"line":118},"56":{"loc":{"start":{"line":121,"column":19},"end":{"line":145,"column":13}},"type":"if","locations":[{"start":{"line":121,"column":19},"end":{"line":145,"column":13}},{"start":{"line":121,"column":19},"end":{"line":145,"column":13}}],"line":121},"57":{"loc":{"start":{"line":123,"column":19},"end":{"line":145,"column":13}},"type":"if","locations":[{"start":{"line":123,"column":19},"end":{"line":145,"column":13}},{"start":{"line":123,"column":19},"end":{"line":145,"column":13}}],"line":123},"58":{"loc":{"start":{"line":124,"column":14},"end":{"line":126,"column":15}},"type":"if","locations":[{"start":{"line":124,"column":14},"end":{"line":126,"column":15}},{"start":{"line":124,"column":14},"end":{"line":126,"column":15}}],"line":124},"59":{"loc":{"start":{"line":127,"column":19},"end":{"line":145,"column":13}},"type":"if","locations":[{"start":{"line":127,"column":19},"end":{"line":145,"column":13}},{"start":{"line":127,"column":19},"end":{"line":145,"column":13}}],"line":127},"60":{"loc":{"start":{"line":129,"column":19},"end":{"line":145,"column":13}},"type":"if","locations":[{"start":{"line":129,"column":19},"end":{"line":145,"column":13}},{"start":{"line":129,"column":19},"end":{"line":145,"column":13}}],"line":129},"61":{"loc":{"start":{"line":130,"column":14},"end":{"line":132,"column":15}},"type":"if","locations":[{"start":{"line":130,"column":14},"end":{"line":132,"column":15}},{"start":{"line":130,"column":14},"end":{"line":132,"column":15}}],"line":130},"62":{"loc":{"start":{"line":133,"column":19},"end":{"line":145,"column":13}},"type":"if","locations":[{"start":{"line":133,"column":19},"end":{"line":145,"column":13}},{"start":{"line":133,"column":19},"end":{"line":145,"column":13}}],"line":133},"63":{"loc":{"start":{"line":135,"column":19},"end":{"line":145,"column":13}},"type":"if","locations":[{"start":{"line":135,"column":19},"end":{"line":145,"column":13}},{"start":{"line":135,"column":19},"end":{"line":145,"column":13}}],"line":135},"64":{"loc":{"start":{"line":136,"column":14},"end":{"line":138,"column":15}},"type":"if","locations":[{"start":{"line":136,"column":14},"end":{"line":138,"column":15}},{"start":{"line":136,"column":14},"end":{"line":138,"column":15}}],"line":136},"65":{"loc":{"start":{"line":139,"column":19},"end":{"line":145,"column":13}},"type":"if","locations":[{"start":{"line":139,"column":19},"end":{"line":145,"column":13}},{"start":{"line":139,"column":19},"end":{"line":145,"column":13}}],"line":139},"66":{"loc":{"start":{"line":141,"column":19},"end":{"line":145,"column":13}},"type":"if","locations":[{"start":{"line":141,"column":19},"end":{"line":145,"column":13}},{"start":{"line":141,"column":19},"end":{"line":145,"column":13}}],"line":141},"67":{"loc":{"start":{"line":142,"column":14},"end":{"line":144,"column":15}},"type":"if","locations":[{"start":{"line":142,"column":14},"end":{"line":144,"column":15}},{"start":{"line":142,"column":14},"end":{"line":144,"column":15}}],"line":142},"68":{"loc":{"start":{"line":148,"column":15},"end":{"line":202,"column":9}},"type":"if","locations":[{"start":{"line":148,"column":15},"end":{"line":202,"column":9}},{"start":{"line":148,"column":15},"end":{"line":202,"column":9}}],"line":148},"69":{"loc":{"start":{"line":149,"column":12},"end":{"line":177,"column":13}},"type":"if","locations":[{"start":{"line":149,"column":12},"end":{"line":177,"column":13}},{"start":{"line":149,"column":12},"end":{"line":177,"column":13}}],"line":149},"70":{"loc":{"start":{"line":150,"column":14},"end":{"line":152,"column":15}},"type":"if","locations":[{"start":{"line":150,"column":14},"end":{"line":152,"column":15}},{"start":{"line":150,"column":14},"end":{"line":152,"column":15}}],"line":150},"71":{"loc":{"start":{"line":153,"column":19},"end":{"line":177,"column":13}},"type":"if","locations":[{"start":{"line":153,"column":19},"end":{"line":177,"column":13}},{"start":{"line":153,"column":19},"end":{"line":177,"column":13}}],"line":153},"72":{"loc":{"start":{"line":154,"column":14},"end":{"line":156,"column":15}},"type":"if","locations":[{"start":{"line":154,"column":14},"end":{"line":156,"column":15}},{"start":{"line":154,"column":14},"end":{"line":156,"column":15}}],"line":154},"73":{"loc":{"start":{"line":171,"column":19},"end":{"line":177,"column":13}},"type":"if","locations":[{"start":{"line":171,"column":19},"end":{"line":177,"column":13}},{"start":{"line":171,"column":19},"end":{"line":177,"column":13}}],"line":171},"74":{"loc":{"start":{"line":173,"column":19},"end":{"line":177,"column":13}},"type":"if","locations":[{"start":{"line":173,"column":19},"end":{"line":177,"column":13}},{"start":{"line":173,"column":19},"end":{"line":177,"column":13}}],"line":173},"75":{"loc":{"start":{"line":174,"column":14},"end":{"line":176,"column":15}},"type":"if","locations":[{"start":{"line":174,"column":14},"end":{"line":176,"column":15}},{"start":{"line":174,"column":14},"end":{"line":176,"column":15}}],"line":174},"76":{"loc":{"start":{"line":180,"column":15},"end":{"line":202,"column":9}},"type":"if","locations":[{"start":{"line":180,"column":15},"end":{"line":202,"column":9}},{"start":{"line":180,"column":15},"end":{"line":202,"column":9}}],"line":180},"77":{"loc":{"start":{"line":181,"column":12},"end":{"line":185,"column":13}},"type":"if","locations":[{"start":{"line":181,"column":12},"end":{"line":185,"column":13}},{"start":{"line":181,"column":12},"end":{"line":185,"column":13}}],"line":181},"78":{"loc":{"start":{"line":182,"column":14},"end":{"line":184,"column":15}},"type":"if","locations":[{"start":{"line":182,"column":14},"end":{"line":184,"column":15}},{"start":{"line":182,"column":14},"end":{"line":184,"column":15}}],"line":182},"79":{"loc":{"start":{"line":188,"column":15},"end":{"line":202,"column":9}},"type":"if","locations":[{"start":{"line":188,"column":15},"end":{"line":202,"column":9}},{"start":{"line":188,"column":15},"end":{"line":202,"column":9}}],"line":188},"80":{"loc":{"start":{"line":189,"column":10},"end":{"line":193,"column":11}},"type":"if","locations":[{"start":{"line":189,"column":10},"end":{"line":193,"column":11}},{"start":{"line":189,"column":10},"end":{"line":193,"column":11}}],"line":189},"81":{"loc":{"start":{"line":190,"column":12},"end":{"line":192,"column":13}},"type":"if","locations":[{"start":{"line":190,"column":12},"end":{"line":192,"column":13}},{"start":{"line":190,"column":12},"end":{"line":192,"column":13}}],"line":190},"82":{"loc":{"start":{"line":196,"column":15},"end":{"line":202,"column":9}},"type":"if","locations":[{"start":{"line":196,"column":15},"end":{"line":202,"column":9}},{"start":{"line":196,"column":15},"end":{"line":202,"column":9}}],"line":196},"83":{"loc":{"start":{"line":197,"column":10},"end":{"line":201,"column":11}},"type":"if","locations":[{"start":{"line":197,"column":10},"end":{"line":201,"column":11}},{"start":{"line":197,"column":10},"end":{"line":201,"column":11}}],"line":197},"84":{"loc":{"start":{"line":198,"column":12},"end":{"line":200,"column":13}},"type":"if","locations":[{"start":{"line":198,"column":12},"end":{"line":200,"column":13}},{"start":{"line":198,"column":12},"end":{"line":200,"column":13}}],"line":198}},"s":{"0":103,"1":43,"2":60,"3":55,"4":55,"5":55,"6":55,"7":73,"8":2,"9":71,"10":10,"11"
[...]
,"/home/taufiq/Project/Hacktiv8/server/src/models/event.js": {"path":"/home/taufiq/Project/Hacktiv8/server/src/models/event.js","statementMap":{"0":{"start":{"line":4,"column":4},"end":{"line":4,"column":24}},"1":{"start":{"line":5,"column":0},"end":{"line":179,"column":2}},"2":{"start":{"line":14,"column":6},"end":{"line":14,"column":39}},"3":{"start":{"line":15,"column":6},"end":{"line":15,"column":36}},"4":{"start":{"line":16,"column":6},"end":{"line":16,"column":34}},"5":{"start":{"line":17,"column":6},"end":{"line":17,"column":39}},"6":{"start":{"line":18,"column":6},"end":{"line":18,"column":36}},"7":{"start":{"line":21,"column":2},"end":{"line":172,"column":5}},"8":{"start":{"line":174,"column":2},"end":{"line":176,"column":4}},"9":{"start":{"line":175,"column":4},"end":{"line":175,"column":25}},"10":{"start":{"line":178,"column":2},"end":{"line":178,"column":15}}},"fnMap":{"0":{"name":"(anonymous_0)","decl":{"start":{"line":5,"column":17},"end":{"line":5,"column":18}},"loc":{"start":{"line":5,"column":43},"end":{"line":179,"column":1}},"line":5},"1":{"name":"(anonymous_1)","decl":{"start":{"line":12,"column":4},"end":{"line":12,"column":5}},"loc":{"start":{"line":12,"column":29},"end":{"line":19,"column":5}},"line":12},"2":{"name":"(anonymous_2)","decl":{"start":{"line":174,"column":21},"end":{"line":174,"column":22}},"loc":{"start":{"line":174,"column":43},"end":{"line":176,"column":3}},"line":174}},"branchMap":{},"s":{"0":3,"1":3,"2":3,"3":3,"4":3,"5":3,"6":3,"7":3,"8":3,"9":2,"10":3},"f":{"0":3,"1":3,"2":2},"b":{},"_coverageSchema":"1a1c01bbd47fc00a2c39e90264f33305004495a9","hash":"47b51388f6c764e346f75b35c07acdad1a3630ee"}
,"/home/taufiq/Project/Hacktiv8/server/src/models/index.js": {"path":"/home/taufiq/Project/Hacktiv8/server/src/models/index.js","statementMap":{"0":{"start":{"line":3,"column":11},"end":{"line":3,"column":24}},"1":{"start":{"line":4,"column":13},"end":{"line":4,"column":28}},"2":{"start":{"line":5,"column":18},"end":{"line":5,"column":38}},"3":{"start":{"line":6,"column":17},"end":{"line":6,"column":42}},"4":{"start":{"line":7,"column":12},"end":{"line":7,"column":49}},"5":{"start":{"line":8,"column":15},"end":{"line":8,"column":68}},"6":{"start":{"line":9,"column":11},"end":{"line":9,"column":13}},"7":{"start":{"line":12,"column":0},"end":{"line":16,"column":1}},"8":{"start":{"line":13,"column":2},"end":{"line":13,"column":94}},"9":{"start":{"line":15,"column":2},"end":{"line":15,"column":107}},"10":{"start":{"line":18,"column":0},"end":{"line":26,"column":5}},"11":{"start":{"line":21,"column":4},"end":{"line":21,"column":90}},"12":{"start":{"line":24,"column":18},"end":{"line":24,"column":85}},"13":{"start":{"line":25,"column":4},"end":{"line":25,"column":27}},"14":{"start":{"line":28,"column":0},"end":{"line":32,"column":3}},"15":{"start":{"line":29,"column":2},"end":{"line":31,"column":3}},"16":{"start":{"line":30,"column":4},"end":{"line":30,"column":32}},"17":{"start":{"line":34,"column":0},"end":{"line":34,"column":25}},"18":{"start":{"line":35,"column":0},"end":{"line":35,"column":25}},"19":{"start":{"line":37,"column":0},"end":{"line":37,"column":20}}},"fnMap":{"0":{"name":"(anonymous_0)","decl":{"start":{"line":20,"column":10},"end":{"line":20,"column":11}},"loc":{"start":{"line":20,"column":18},"end":{"line":22,"column":3}},"line":20},"1":{"name":"(anonymous_1)","decl":{"start":{"line":23,"column":11},"end":{"line":23,"column":12}},"loc":{"start":{"line":23,"column":19},"end":{"line":26,"column":3}},"line":23},"2":{"name":"(anonymous_2)","decl":{"start":{"line":28,"column":24},"end":{"line":28,"column":25}},"loc":{"start":{"line":28,"column":37},"end":{"line":32,"column":1}},"line":28}},"branchMap":{"0":{"loc":{"start":{"line":7,"column":12},"end":{"line":7,"column":49}},"type":"binary-expr","locations":[{"start":{"line":7,"column":12},"end":{"line":7,"column":32}},{"start":{"line":7,"column":36},"end":{"line":7,"column":49}}],"line":7},"1":{"loc":{"start":{"line":12,"column":0},"end":{"line":16,"column":1}},"type":"if","locations":[{"start":{"line":12,"column":0},"end":{"line":16,"column":1}},{"start":{"line":12,"column":0},"end":{"line":16,"column":1}}],"line":12},"2":{"loc":{"start":{"line":21,"column":11},"end":{"line":21,"column":89}},"type":"binary-expr","locations":[{"start":{"line":21,"column":12},"end":{"line":21,"column":35}},{"start":{"line":21,"column":41},"end":{"line":21,"column":58}},{"start":{"line":21,"column":64},"end":{"line":21,"column":88}}],"line":21},"3":{"loc":{"start":{"line":29,"column":2},"end":{"line":31,"column":3}},"type":"if","locations":[{"start":{"line":29,"column":2},"end":{"line":31,"column":3}},{"start":{"line":29,"column":2},"end":{"line":31,"column":3}}],"line":29}},"s":{"0":3,"1":3,"2":3,"3":3,"4":3,"5":3,"6":3,"7":3,"8":0,"9":3,"10":3,"11":30,"12":27,"13":27,"14":3,"15":27,"16":27,"17":3,"18":3,"19":3},"f":{"0":30,"1":27,"2":27},"b":{"0":[3,0],"1":[0,3],"2":[30,30,27],"3":[27,0]},"_coverageSchema":"1a1c01bbd47fc00a2c39e90264f33305004495a9","hash":"e5f33cae54b5d306ec0132378d14fa537da5798e"}
,"/home/taufiq/Project/Hacktiv8/server/src/models/organizer.js": {"path":"/home/taufiq/Project/Hacktiv8/server/src/models/organizer.js","statementMap":{"0":{"start":{"line":2,"column":17},"end":{"line":2,"column":54}},"1":{"start":{"line":5,"column":4},"end":{"line":5,"column":24}},"2":{"start":{"line":6,"column":0},"end":{"line":108,"column":2}},"3":{"start":{"line":15,"column":6},"end":{"line":15,"column":37}},"4":{"start":{"line":18,"column":2},"end":{"line":100,"column":5}},"5":{"start":{"line":102,"column":2},"end":{"line":105,"column":5}},"6":{"start":{"line":103,"column":17},"end":{"line":103,"column":40}},"7":{"start":{"line":104,"column":4},"end":{"line":104,"column":31}},"8":{"start":{"line":107,"column":2},"end":{"line":107,"column":19}}},"fnMap":{"0":{"name":"(anonymous_0)","decl":{"start":{"line":6,"column":17},"end":{"line":6,"column":18}},"loc":{"start":{"line":6,"column":43},"end":{"line":108,"column":1}},"line":6},"1":{"name":"(anonymous_1)","decl":{"start":{"line":13,"column":4},"end":{"line":13,"column":5}},"loc":{"start":{"line":13,"column":29},"end":{"line":16,"column":5}},"line":13},"2":{"name":"(anonymous_2)","decl":{"start":{"line":102,"column":25},"end":{"line":102,"column":26}},"loc":{"start":{"line":102,"column":48},"end":{"line":105,"column":3}},"line":102}},"branchMap":{},"s":{"0":3,"1":3,"2":3,"3":3,"4":3,"5":3,"6":3,"7":3,"8":3},"f":{"0":3,"1":3,"2":3},"b":{},"_coverageSchema":"1a1c01bbd47fc00a2c39e90264f33305004495a9","hash":"24f3b560ce8d720bd24aa69835dd5c1cc00281cb"}
,"/home/taufiq/Project/Hacktiv8/server/src/models/status.js": {"path":"/home/taufiq/Project/Hacktiv8/server/src/models/status.js","statementMap":{"0":{"start":{"line":4,"column":4},"end":{"line":4,"column":24}},"1":{"start":{"line":5,"column":0},"end":{"line":36,"column":2}},"2":{"start":{"line":14,"column":6},"end":{"line":14,"column":34}},"3":{"start":{"line":17,"column":2},"end":{"line":34,"column":5}},"4":{"start":{"line":35,"column":2},"end":{"line":35,"column":16}}},"fnMap":{"0":{"name":"(anonymous_0)","decl":{"start":{"line":5,"column":17},"end":{"line":5,"column":18}},"loc":{"start":{"line":5,"column":43},"end":{"line":36,"column":1}},"line":5},"1":{"name":"(anonymous_1)","decl":{"start":{"line":12,"column":4},"end":{"line":12,"column":5}},"loc":{"start":{"line":12,"column":29},"end":{"line":15,"column":5}},"line":12}},"branchMap":{},"s":{"0":3,"1":3,"2":3,"3":3,"4":3},"f":{"0":3,"1":3},"b":{},"_coverageSchema":"1a1c01bbd47fc00a2c39e90264f33305004495a9","hash":"ba1bded64258f6fdab050fe041c34db92c300898"}
,"/home/taufiq/Project/Hacktiv8/server/src/models/ticket.js": {"path":"/home/taufiq/Project/Hacktiv8/server/src/models/ticket.js","statementMap":{"0":{"start":{"line":4,"column":4},"end":{"line":4,"column":24}},"1":{"start":{"line":5,"column":0},"end":{"line":93,"column":2}},"2":{"start":{"line":14,"column":6},"end":{"line":14,"column":36}},"3":{"start":{"line":15,"column":6},"end":{"line":15,"column":39}},"4":{"start":{"line":18,"column":2},"end":{"line":91,"column":5}},"5":{"start":{"line":92,"column":2},"end":{"line":92,"column":16}}},"fnMap":{"0":{"name":"(anonymous_0)","decl":{"start":{"line":5,"column":17},"end":{"line":5,"column":18}},"loc":{"start":{"line":5,"column":43},"end":{"line":93,"column":1}},"line":5},"1":{"name":"(anonymous_1)","decl":{"start":{"line":12,"column":4},"end":{"line":12,"column":5}},"loc":{"start":{"line":12,"column":29},"end":{"line":16,"column":5}},"line":12}},"branchMap":{},"s":{"0":3,"1":3,"2":3,"3":3,"4":3,"5":3},"f":{"0":3,"1":3},"b":{},"_coverageSchema":"1a1c01bbd47fc00a2c39e90264f33305004495a9","hash":"0c80cc41a9a0fcd4869dad89711a6120241c65b1"}
,"/home/taufiq/Project/Hacktiv8/server/src/models/type.js": {"path":"/home/taufiq/Project/Hacktiv8/server/src/models/type.js","statementMap":{"0":{"start":{"line":4,"column":4},"end":{"line":4,"column":24}},"1":{"start":{"line":5,"column":0},"end":{"line":41,"column":2}},"2":{"start":{"line":14,"column":6},"end":{"line":14,"column":37}},"3":{"start":{"line":17,"column":2},"end":{"line":39,"column":5}},"4":{"start":{"line":40,"column":2},"end":{"line":40,"column":19}}},"fnMap":{"0":{"name":"(anonymous_0)","decl":{"start":{"line":5,"column":17},"end":{"line":5,"column":18}},"loc":{"start":{"line":5,"column":43},"end":{"line":41,"column":1}},"line":5},"1":{"name":"(anonymous_1)","decl":{"start":{"line":12,"column":4},"end":{"line":12,"column":5}},"loc":{"start":{"line":12,"column":29},"end":{"line":15,"column":5}},"line":12}},"branchMap":{},"s":{"0":3,"1":3,"2":3,"3":3,"4":3},"f":{"0":3,"1":3},"b":{},"_coverageSchema":"1a1c01bbd47fc00a2c39e90264f33305004495a9","hash":"c672553b2b79cf31c7885d521d2b60b3e66ab0da"}
,"/home/taufiq/Project/Hacktiv8/server/src/models/wishlist.js": {"path":"/home/taufiq/Project/Hacktiv8/server/src/models/wishlist.js","statementMap":{"0":{"start":{"line":4,"column":4},"end":{"line":4,"column":24}},"1":{"start":{"line":5,"column":0},"end":{"line":25,"column":2}},"2":{"start":{"line":14,"column":6},"end":{"line":14,"column":38}},"3":{"start":{"line":15,"column":6},"end":{"line":15,"column":41}},"4":{"start":{"line":18,"column":2},"end":{"line":23,"column":5}},"5":{"start":{"line":24,"column":2},"end":{"line":24,"column":18}}},"fnMap":{"0":{"name":"(anonymous_0)","decl":{"start":{"line":5,"column":17},"end":{"line":5,"column":18}},"loc":{"start":{"line":5,"column":43},"end":{"line":25,"column":1}},"line":5},"1":{"name":"(anonymous_1)","decl":{"start":{"line":12,"column":4},"end":{"line":12,"column":5}},"loc":{"start":{"line":12,"column":29},"end":{"line":16,"column":5}},"line":12}},"branchMap":{},"s":{"0":3,"1":3,"2":3,"3":3,"4":3,"5":3},"f":{"0":3,"1":3},"b":{},"_coverageSchema":"1a1c01bbd47fc00a2c39e90264f33305004495a9","hash":"8b20befe7420f6d659c94253b29b661deb7b8236"}
,"/home/taufiq/Project/Hacktiv8/server/src/organizerHelpers/bcrypt.js": {"path":"/home/taufiq/Project/Hacktiv8/server/src/organizerHelpers/bcrypt.js","statementMap":{"0":{"start":{"line":1,"column":15},"end":{"line":1,"column":34}},"1":{"start":{"line":4,"column":17},"end":{"line":4,"column":38}},"2":{"start":{"line":5,"column":4},"end":{"line":5,"column":43}},"3":{"start":{"line":9,"column":4},"end":{"line":9,"column":48}},"4":{"start":{"line":12,"column":0},"end":{"line":15,"column":1}}},"fnMap":{"0":{"name":"hash","decl":{"start":{"line":3,"column":9},"end":{"line":3,"column":13}},"loc":{"start":{"line":3,"column":24},"end":{"line":6,"column":1}},"line":3},"1":{"name":"compare","decl":{"start":{"line":8,"column":9},"end":{"line":8,"column":16}},"loc":{"start":{"line":8,"column":35},"end":{"line":10,"column":1}},"line":8}},"branchMap":{},"s":{"0":3,"1":3,"2":3,"3":3,"4":3},"f":{"0":3,"1":3},"b":{},"_coverageSchema":"1a1c01bbd47fc00a2c39e90264f33305004495a9","hash":"4340bc74ad13392cf6013d434ca884a8139865f1"}
,"/home/taufiq/Project/Hacktiv8/server/src/organizerHelpers/jwt.js": {"path":"/home/taufiq/Project/Hacktiv8/server/src/organizerHelpers/jwt.js","statementMap":{"0":{"start":{"line":1,"column":12},"end":{"line":1,"column":35}},"1":{"start":{"line":4,"column":4},"end":{"line":4,"column":55}},"2":{"start":{"line":8,"column":4},"end":{"line":8,"column":44}},"3":{"start":{"line":11,"column":0},"end":{"line":14,"column":1}}},"fnMap":{"0":{"name":"sign","decl":{"start":{"line":3,"column":9},"end":{"line":3,"column":13}},"loc":{"start":{"line":3,"column":31},"end":{"line":5,"column":1}},"line":3},"1":{"name":"verifyToken","decl":{"start":{"line":7,"column":9},"end":{"line":7,"column":20}},"loc":{"start":{"line":7,"column":28},"end":{"line":9,"column":1}},"line":7}},"branchMap":{},"s":{"0":3,"1":2,"2":36,"3":3},"f":{"0":2,"1":36},"b":{},"_coverageSchema":"1a1c01bbd47fc00a2c39e90264f33305004495a9","hash":"010434bb7299d1cb08ba46be00d23651cbfbf130"}
,"/home/taufiq/Project/Hacktiv8/server/src/routes/AdminRoute.js": {"path":"/home/taufiq/Project/Hacktiv8/server/src/routes/AdminRoute.js","statementMap":{"0":{"start":{"line":1,"column":19},"end":{"line":1,"column":46}},"1":{"start":{"line":2,"column":24},"end":{"line":2,"column":65}},"2":{"start":{"line":3,"column":23},"end":{"line":3,"column":63}},"3":{"start":{"line":5,"column":0},"end":{"line":5,"column":59}},"4":{"start":{"line":6,"column":0},"end":{"line":6,"column":53}},"5":{"start":{"line":7,"column":0},"end":{"line":7,"column":30}},"6":{"start":{"line":8,"column":0},"end":{"line":8,"column":54}},"7":{"start":{"line":9,"column":0},"end":{"line":9,"column":50}},"8":{"start":{"line":10,"column":0},"end":{"line":10,"column":60}},"9":{"start":{"line":11,"column":0},"end":{"line":11,"column":55}},"10":{"start":{"line":12,"column":0},"end":{"line":12,"column":58}},"11":{"start":{"line":13,"column":0},"end":{"line":13,"column":60}},"12":{"start":{"line":14,"column":0},"end":{"line":14,"column":56}},"13":{"start":{"line":15,"column":0},"end":{"line":15,"column":52}},"14":{"start":{"line":16,"column":0},"end":{"line":16,"column":57}},"15":{"start":{"line":17,"column":0},"end":{"line":17,"column":62}},"16":{"start":{"line":18,"column":0},"end":{"line":18,"column":60}},"17":{"start":{"line":19,"column":0},"end":{"line":19,"column":62}},"18":{"start":{"line":20,"column":0},"end":{"line":20,"column":58}},"19":{"start":{"line":21,"column":0},"end":{"line":21,"column":63}},"20":{"start":{"line":22,"column":0},"end":{"line":22,"column":68}},"21":{"start":{"line":23,"column":0},"end":{"line":23,"column":66}},"22":{"start":{"line":27,"column":0},"end":{"line":27,"column":27}}},"fnMap":{},"branchMap":{},"s":{"0":3,"1":3,"2":3,"3":3,"4":3,"5":3,"6":3,"7":3,"8":3,"9":3,"10":3,"11":3,"12":3,"13":3,"14":3,"15":3,"16":3,"17":3,"18":3,"19":3,"20":3,"21":3,"22":3},"f":{},"b":{},"_coverageSchema":"1a1c01bbd47fc00a2c39e90264f33305004495a9","hash":"2a99aa500ee658e877d8289e4e53398d214425c6"}
,"/home/taufiq/Project/Hacktiv8/server/src/routes/OrganizerRoute.js": {"path":"/home/taufiq/Project/Hacktiv8/server/src/routes/OrganizerRoute.js","statementMap":{"0":{"start":{"line":1,"column":23},"end":{"line":1,"column":50}},"1":{"start":{"line":2,"column":28},"end":{"line":2,"column":73}},"2":{"start":{"line":3,"column":32},"end":{"line":3,"column":81}},"3":{"start":{"line":4,"column":27},"end":{"line":4,"column":71}},"4":{"start":{"line":6,"column":0},"end":{"line":6,"column":72}},"5":{"start":{"line":7,"column":0},"end":{"line":7,"column":66}},"6":{"start":{"line":9,"column":0},"end":{"line":9,"column":44}},"7":{"start":{"line":10,"column":0},"end":{"line":10,"column":63}},"8":{"start":{"line":11,"column":0},"end":{"line":11,"column":62}},"9":{"start":{"line":12,"column":0},"end":{"line":12,"column":64}},"10":{"start":{"line":14,"column":0},"end":{"line":14,"column":54}},"11":{"start":{"line":15,"column":0},"end":{"line":15,"column":68}},"12":{"start":{"line":16,"column":0},"end":{"line":16,"column":67}},"13":{"start":{"line":17,"column":0},"end":{"line":17,"column":70}},"14":{"start":{"line":19,"column":0},"end":{"line":19,"column":32}}},"fnMap":{},"branchMap":{},"s":{"0":3,"1":3,"2":3,"3":3,"4":3,"5":3,"6":3,"7":3,"8":3,"9":3,"10":3,"11":3,"12":3,"13":3,"14":3},"f":{},"b":{},"_coverageSchema":"1a1c01bbd47fc00a2c39e90264f33305004495a9","hash":"a3ea3c28980b665988cb30cf34e427dd33879b3b"}
,"/home/taufiq/Project/Hacktiv8/server/src/routes/UserRoute.js": {"path":"/home/taufiq/Project/Hacktiv8/server/src/routes/UserRoute.js","statementMap":{"0":{"start":{"line":1,"column":16},"end":{"line":1,"column":34}},"1":{"start":{"line":2,"column":14},"end":{"line":2,"column":30}},"2":{"start":{"line":3,"column":23},"end":{"line":3,"column":63}},"3":{"start":{"line":4,"column":23},"end":{"line":4,"column":67}},"4":{"start":{"line":5,"column":77},"end":{"line":5,"column":120}},"5":{"start":{"line":7,"column":0},"end":{"line":7,"column":56}},"6":{"start":{"line":8,"column":0},"end":{"line":8,"column":50}},"7":{"start":{"line":9,"column":0},"end":{"line":9,"column":58}},"8":{"start":{"line":11,"column":0},"end":{"line":11,"column":25}},"9":{"start":{"line":12,"column":0},"end":{"line":12,"column":50}},"10":{"start":{"line":13,"column":0},"end":{"line":13,"column":57}},"11":{"start":{"line":14,"column":0},"end":{"line":14,"column":59}},"12":{"start":{"line":15,"column":0},"end":{"line":15,"column":51}},"13":{"start":{"line":16,"column":0},"end":{"line":16,"column":59}},"14":{"start":{"line":17,"column":0},"end":{"line":17,"column":53}},"15":{"start":{"line":18,"column":0},"end":{"line":18,"column":75}},"16":{"start":{"line":19,"column":0},"end":{"line":19,"column":75}},"17":{"start":{"line":20,"column":0},"end":{"line":20,"column":92}},"18":{"start":{"line":21,"column":0},"end":{"line":21,"column":83}},"19":{"start":{"line":24,"column":0},"end":{"line":24,"column":22}}},"fnMap":{},"branchMap":{},"s":{"0":3,"1":3,"2":3,"3":3,"4":3,"5":3,"6":3,"7":3,"8":3,"9":3,"10":3,"11":3,"12":3,"13":3,"14":3,"15":3,"16":3,"17":3,"18":3,"19":3},"f":{},"b":{},"_coverageSchema":"1a1c01bbd47fc00a2c39e90264f33305004495a9","hash":"ad1ec980aa4cf8f2ebb8f1d72136b7cc6361cbad"}
,"/home/taufiq/Project/Hacktiv8/server/src/routes/index.js": {"path":"/home/taufiq/Project/Hacktiv8/server/src/routes/index.js","statementMap":{"0":{"start":{"line":1,"column":14},"end":{"line":1,"column":41}},"1":{"start":{"line":3,"column":19},"end":{"line":3,"column":42}},"2":{"start":{"line":4,"column":23},"end":{"line":4,"column":45}},"3":{"start":{"line":5,"column":23},"end":{"line":5,"column":50}},"4":{"start":{"line":7,"column":0},"end":{"line":7,"column":31}},"5":{"start":{"line":8,"column":0},"end":{"line":8,"column":38}},"6":{"start":{"line":9,"column":0},"end":{"line":9,"column":41}},"7":{"start":{"line":11,"column":0},"end":{"line":11,"column":22}}},"fnMap":{},"branchMap":{},"s":{"0":3,"1":3,"2":3,"3":3,"4":3,"5":3,"6":3,"7":3},"f":{},"b":{},"_coverageSchema":"1a1c01bbd47fc00a2c39e90264f33305004495a9","hash":"e9d5c8c2c6bccd06c755767d40eeaced456efbee"}
,"/home/taufiq/Project/Hacktiv8/server/src/userHelpers/generateAndVerifyToken.js": {"path":"/home/taufiq/Project/Hacktiv8/server/src/userHelpers/generateAndVerifyToken.js","statementMap":{"0":{"start":{"line":1,"column":12},"end":{"line":1,"column":35}},"1":{"start":{"line":4,"column":4},"end":{"line":4,"column":53}},"2":{"start":{"line":8,"column":4},"end":{"line":8,"column":55}},"3":{"start":{"line":11,"column":0},"end":{"line":14,"column":1}}},"fnMap":{"0":{"name":"generateToken","decl":{"start":{"line":3,"column":9},"end":{"line":3,"column":22}},"loc":{"start":{"line":3,"column":32},"end":{"line":5,"column":1}},"line":3},"1":{"name":"verifyToken","decl":{"start":{"line":7,"column":9},"end":{"line":7,"column":20}},"loc":{"start":{"line":7,"column":30},"end":{"line":9,"column":1}},"line":7}},"branchMap":{},"s":{"0":3,"1":2,"2":18,"3":3},"f":{"0":2,"1":18},"b":{},"_coverageSchema":"1a1c01bbd47fc00a2c39e90264f33305004495a9","hash":"d5c6307e040652e648b305a8d051e4394a32be92"}
}
