TN:
SF:src/app.js
FNF:0
FNH:0
DA:1,3
DA:2,3
DA:3,3
DA:4,3
DA:5,3
DA:7,3
DA:8,3
DA:9,3
DA:10,3
DA:12,3
LF:10
LH:10
BRF:0
BRH:0
end_of_record
TN:
SF:src/controllers/AdminController.js
FN:6,(anonymous_0)
FN:19,(anonymous_1)
FN:66,(anonymous_2)
FN:90,(anonymous_3)
FN:115,(anonymous_4)
FN:126,(anonymous_5)
FN:136,(anonymous_6)
FN:149,(anonymous_7)
FN:158,(anonymous_8)
FN:172,(anonymous_9)
FN:182,(anonymous_10)
FN:192,(anonymous_11)
FN:202,(anonymous_12)
FN:214,(anonymous_13)
FN:223,(anonymous_14)
FN:236,(anonymous_15)
FN:246,(anonymous_16)
FNF:17
FNH:2
FNDA:5,(anonymous_0)
FNDA:6,(anonymous_1)
FNDA:0,(anonymous_2)
FNDA:0,(anonymous_3)
FNDA:0,(anonymous_4)
FNDA:0,(anonymous_5)
FNDA:0,(anonymous_6)
FNDA:0,(anonymous_7)
FNDA:0,(anonymous_8)
FNDA:0,(anonymous_9)
FNDA:0,(anonymous_10)
FNDA:0,(anonymous_11)
FNDA:0,(anonymous_12)
FNDA:0,(anonymous_13)
FNDA:0,(anonymous_14)
FNDA:0,(anonymous_15)
FNDA:0,(anonymous_16)
DA:1,3
DA:2,3
DA:3,3
DA:7,5
DA:11,5
DA:12,5
DA:13,0
DA:15,5
DA:20,6
DA:24,6
DA:25,6
DA:26,1
DA:30,5
DA:31,1
DA:35,4
DA:36,1
DA:41,3
DA:42,3
DA:43,0
DA:44,0
DA:45,0
DA:46,0
DA:47,0
DA:49,0
DA:55,3
DA:62,6
DA:67,0
DA:82,0
DA:83,0
DA:84,0
DA:86,0
DA:91,0
DA:107,0
DA:108,0
DA:109,0
DA:111,0
DA:116,0
DA:117,0
DA:120,0
DA:122,0
DA:127,0
DA:128,0
DA:129,0
DA:130,0
DA:132,0
DA:137,0
DA:141,0
DA:142,0
DA:143,0
DA:145,0
DA:150,0
DA:151,0
DA:152,0
DA:154,0
DA:159,0
DA:164,0
DA:165,0
DA:166,0
DA:168,0
DA:173,0
DA:174,0
DA:175,0
DA:176,0
DA:178,0
DA:183,0
DA:184,0
DA:185,0
DA:186,0
DA:188,0
DA:193,0
DA:194,0
DA:195,0
DA:196,0
DA:198,0
DA:203,0
DA:206,0
DA:207,0
DA:208,0
DA:210,0
DA:215,0
DA:216,0
DA:217,0
DA:219,0
DA:224,0
DA:228,0
DA:229,0
DA:230,0
DA:232,0
DA:237,0
DA:238,0
DA:239,0
DA:240,0
DA:242,0
DA:247,0
DA:248,0
DA:249,0
DA:250,0
DA:252,0
DA:257,3
LF:99
LH:20
BRDA:25,0,0,1
BRDA:25,0,1,5
BRDA:25,1,0,6
BRDA:25,1,1,2
BRDA:30,2,0,1
BRDA:30,2,1,4
BRDA:35,3,0,1
BRDA:35,3,1,3
BRDA:42,4,0,0
BRDA:42,4,1,3
BRDA:44,5,0,0
BRDA:44,5,1,0
BRF:12
BRH:9
end_of_record
TN:
SF:src/controllers/OrganizerController.js
FN:7,(anonymous_0)
FN:23,(anonymous_1)
FN:69,(anonymous_2)
FN:75,(anonymous_3)
FN:78,(anonymous_4)
FN:84,(anonymous_5)
FN:92,(anonymous_6)
FN:95,(anonymous_7)
FN:100,(anonymous_8)
FN:104,(anonymous_9)
FN:107,(anonymous_10)
FN:113,(anonymous_11)
FN:123,(anonymous_12)
FN:126,(anonymous_13)
FN:131,(anonymous_14)
FN:138,(anonymous_15)
FN:141,(anonymous_16)
FNF:17
FNH:4
FNDA:10,(anonymous_0)
FNDA:7,(anonymous_1)
FNDA:0,(anonymous_2)
FNDA:0,(anonymous_3)
FNDA:0,(anonymous_4)
FNDA:0,(anonymous_5)
FNDA:0,(anonymous_6)
FNDA:0,(anonymous_7)
FNDA:10,(anonymous_8)
FNDA:0,(anonymous_9)
FNDA:10,(anonymous_10)
FNDA:0,(anonymous_11)
FNDA:0,(anonymous_12)
FNDA:0,(anonymous_13)
FNDA:0,(anonymous_14)
FNDA:0,(anonymous_15)
FNDA:0,(anonymous_16)
DA:1,3
DA:2,3
DA:3,3
DA:4,3
DA:8,10
DA:15,10
DA:16,10
DA:17,3
DA:19,7
DA:24,7
DA:25,7
DA:27,7
DA:28,7
DA:29,1
DA:33,6
DA:34,1
DA:38,5
DA:39,1
DA:44,4
DA:49,4
DA:50,1
DA:54,3
DA:55,2
DA:56,2
DA:58,1
DA:65,5
DA:70,0
DA:76,0
DA:79,0
DA:80,0
DA:85,0
DA:93,0
DA:96,0
DA:101,10
DA:102,10
DA:103,10
DA:105,0
DA:108,10
DA:109,10
DA:114,0
DA:115,0
DA:116,0
DA:117,0
DA:124,0
DA:127,0
DA:132,0
DA:133,0
DA:139,0
DA:142,0
DA:147,3
LF:50
LH:32
BRDA:24,0,0,7
BRDA:24,0,1,5
BRDA:25,1,0,7
BRDA:25,1,1,5
BRDA:28,2,0,1
BRDA:28,2,1,6
BRDA:28,3,0,7
BRDA:28,3,1,2
BRDA:33,4,0,1
BRDA:33,4,1,5
BRDA:38,5,0,1
BRDA:38,5,1,4
BRDA:49,6,0,1
BRDA:49,6,1,3
BRDA:54,7,0,2
BRDA:54,7,1,1
BRF:16
BRH:16
end_of_record
TN:
SF:src/controllers/UserController.js
FN:7,(anonymous_0)
FN:15,(anonymous_1)
FN:18,(anonymous_2)
FN:23,(anonymous_3)
FN:32,(anonymous_4)
FN:46,(anonymous_5)
FN:51,(anonymous_6)
FN:58,(anonymous_7)
FN:61,(anonymous_8)
FN:66,(anonymous_9)
FN:138,(anonymous_10)
FN:146,(anonymous_11)
FN:149,(anonymous_12)
FN:154,(anonymous_13)
FN:166,(anonymous_14)
FN:170,(anonymous_15)
FN:175,(anonymous_16)
FN:185,(anonymous_17)
FN:194,(anonymous_18)
FN:199,(anonymous_19)
FN:205,(anonymous_20)
FN:213,(anonymous_21)
FN:217,(anonymous_22)
FN:224,(anonymous_23)
FN:235,(anonymous_24)
FN:238,(anonymous_25)
FN:243,(anonymous_26)
FN:252,(anonymous_27)
FN:255,(anonymous_28)
FNF:29
FNH:4
FNDA:1,(anonymous_0)
FNDA:1,(anonymous_1)
FNDA:0,(anonymous_2)
FNDA:1,(anonymous_3)
FNDA:1,(anonymous_4)
FNDA:0,(anonymous_5)
FNDA:0,(anonymous_6)
FNDA:0,(anonymous_7)
FNDA:0,(anonymous_8)
FNDA:0,(anonymous_9)
FNDA:0,(anonymous_10)
FNDA:0,(anonymous_11)
FNDA:0,(anonymous_12)
FNDA:0,(anonymous_13)
FNDA:0,(anonymous_14)
FNDA:0,(anonymous_15)
FNDA:0,(anonymous_16)
FNDA:0,(anonymous_17)
FNDA:0,(anonymous_18)
FNDA:0,(anonymous_19)
FNDA:0,(anonymous_20)
FNDA:0,(anonymous_21)
FNDA:0,(anonymous_22)
FNDA:0,(anonymous_23)
FNDA:0,(anonymous_24)
FNDA:0,(anonymous_25)
FNDA:0,(anonymous_26)
FNDA:0,(anonymous_27)
FNDA:0,(anonymous_28)
DA:1,3
DA:2,3
DA:3,3
DA:4,3
DA:8,1
DA:14,1
DA:16,1
DA:19,0
DA:24,1
DA:25,1
DA:27,1
DA:34,1
DA:35,0
DA:37,1
DA:38,1
DA:39,1
DA:40,1
DA:42,0
DA:47,0
DA:53,0
DA:59,0
DA:62,0
DA:69,0
DA:71,0
DA:72,0
DA:74,0
DA:89,0
DA:91,0
DA:95,0
DA:139,0
DA:141,0
DA:147,0
DA:150,0
DA:156,0
DA:159,0
DA:160,0
DA:167,0
DA:168,0
DA:171,0
DA:176,0
DA:178,0
DA:180,0
DA:186,0
DA:188,0
DA:197,0
DA:201,0
DA:206,0
DA:210,0
DA:212,0
DA:214,0
DA:215,0
DA:219,0
DA:226,0
DA:230,0
DA:236,0
DA:239,0
DA:244,0
DA:246,0
DA:253,0
DA:256,0
DA:262,3
LF:61
LH:16
BRDA:34,0,0,0
BRDA:34,0,1,1
BRDA:38,1,0,1
BRDA:38,1,1,0
BRDA:208,2,0,0
BRDA:208,2,1,0
BRF:6
BRH:2
end_of_record
TN:
SF:src/helpers/bcrypt.js
FN:3,hash
FN:7,compare
FNF:2
FNH:0
FNDA:0,hash
FNDA:0,compare
DA:1,3
DA:4,0
DA:8,0
DA:11,3
LF:4
LH:2
BRF:0
BRH:0
end_of_record
TN:
SF:src/helpers/jwt.js
FN:3,getTokenAdmin
FN:7,getTokenCustomer
FN:11,getTokenOrganizer
FN:15,verify
FNF:4
FNH:1
FNDA:0,getTokenAdmin
FNDA:0,getTokenCustomer
FNDA:0,getTokenOrganizer
FNDA:1,verify
DA:1,3
DA:4,0
DA:8,0
DA:12,0
DA:16,1
DA:19,3
LF:6
LH:3
BRF:0
BRH:0
end_of_record
TN:
SF:src/middlewares/authentication.js
FN:4,(anonymous_0)
FNF:1
FNH:1
FNDA:10,(anonymous_0)
DA:1,3
DA:2,3
DA:4,3
DA:5,10
DA:6,10
DA:7,10
DA:8,9
DA:13,1
DA:14,0
DA:15,0
DA:16,0
DA:17,0
DA:19,0
DA:26,10
LF:14
LH:9
BRDA:7,0,0,9
BRDA:7,0,1,1
BRDA:15,1,0,0
BRDA:15,1,1,0
BRF:4
BRH:2
end_of_record
TN:
SF:src/middlewares/errorhandler.js
FN:1,errorHandler
FNF:1
FNH:1
FNDA:57,errorHandler
DA:2,57
DA:3,22
DA:4,35
DA:5,19
DA:6,19
DA:7,19
DA:8,0
DA:11,19
DA:12,0
DA:13,0
DA:14,0
DA:16,0
DA:17,0
DA:18,0
DA:20,0
DA:21,0
DA:22,0
DA:24,0
DA:25,0
DA:26,0
DA:31,0
DA:32,0
DA:33,0
DA:34,0
DA:36,0
DA:37,0
DA:38,0
DA:40,0
DA:41,0
DA:42,0
DA:44,0
DA:45,0
DA:46,0
DA:48,0
DA:49,0
DA:50,0
DA:52,0
DA:53,0
DA:54,0
DA:56,0
DA:57,0
DA:58,0
DA:63,0
DA:64,0
DA:65,0
DA:66,0
DA:68,0
DA:69,0
DA:70,0
DA:72,0
DA:73,0
DA:74,0
DA:76,0
DA:77,0
DA:78,0
DA:80,0
DA:81,0
DA:82,0
DA:87,0
DA:88,0
DA:89,0
DA:90,0
DA:92,0
DA:93,0
DA:94,0
DA:96,0
DA:97,0
DA:98,0
DA:100,0
DA:101,0
DA:102,0
DA:104,0
DA:105,0
DA:106,0
DA:108,0
DA:109,0
DA:110,0
DA:112,0
DA:113,0
DA:114,0
DA:115,0
DA:116,0
DA:118,0
DA:119,0
DA:120,0
DA:121,0
DA:122,0
DA:124,0
DA:125,0
DA:126,0
DA:127,0
DA:128,0
DA:130,0
DA:131,0
DA:132,0
DA:133,0
DA:134,0
DA:136,0
DA:137,0
DA:138,0
DA:139,0
DA:140,0
DA:142,0
DA:143,0
DA:144,0
DA:145,0
DA:146,0
DA:151,0
DA:152,0
DA:153,0
DA:154,0
DA:156,0
DA:157,0
DA:158,0
DA:160,0
DA:161,0
DA:162,0
DA:164,0
DA:165,0
DA:166,0
DA:167,0
DA:168,0
DA:170,0
DA:171,0
DA:172,0
DA:174,0
DA:175,0
DA:176,0
DA:177,0
DA:178,0
DA:183,0
DA:184,0
DA:185,0
DA:186,0
DA:191,0
DA:192,0
DA:193,0
DA:194,0
DA:199,0
DA:201,16
DA:205,3
LF:141
LH:9
BRDA:2,0,0,22
BRDA:2,0,1,35
BRDA:4,1,0,19
BRDA:4,1,1,16
BRDA:4,2,0,35
BRDA:4,2,1,16
BRDA:7,3,0,0
BRDA:7,3,1,19
BRDA:11,4,0,0
BRDA:11,4,1,0
BRDA:12,5,0,0
BRDA:12,5,1,0
BRDA:13,6,0,0
BRDA:13,6,1,0
BRDA:16,7,0,0
BRDA:16,7,1,0
BRDA:17,8,0,0
BRDA:17,8,1,0
BRDA:20,9,0,0
BRDA:20,9,1,0
BRDA:21,10,0,0
BRDA:21,10,1,0
BRDA:24,11,0,0
BRDA:24,11,1,0
BRDA:25,12,0,0
BRDA:25,12,1,0
BRDA:31,13,0,0
BRDA:31,13,1,0
BRDA:32,14,0,0
BRDA:32,14,1,0
BRDA:33,15,0,0
BRDA:33,15,1,0
BRDA:36,16,0,0
BRDA:36,16,1,0
BRDA:37,17,0,0
BRDA:37,17,1,0
BRDA:40,18,0,0
BRDA:40,18,1,0
BRDA:41,19,0,0
BRDA:41,19,1,0
BRDA:44,20,0,0
BRDA:44,20,1,0
BRDA:45,21,0,0
BRDA:45,21,1,0
BRDA:48,22,0,0
BRDA:48,22,1,0
BRDA:49,23,0,0
BRDA:49,23,1,0
BRDA:52,24,0,0
BRDA:52,24,1,0
BRDA:53,25,0,0
BRDA:53,25,1,0
BRDA:56,26,0,0
BRDA:56,26,1,0
BRDA:57,27,0,0
BRDA:57,27,1,0
BRDA:63,28,0,0
BRDA:63,28,1,0
BRDA:64,29,0,0
BRDA:64,29,1,0
BRDA:65,30,0,0
BRDA:65,30,1,0
BRDA:68,31,0,0
BRDA:68,31,1,0
BRDA:69,32,0,0
BRDA:69,32,1,0
BRDA:72,33,0,0
BRDA:72,33,1,0
BRDA:73,34,0,0
BRDA:73,34,1,0
BRDA:76,35,0,0
BRDA:76,35,1,0
BRDA:77,36,0,0
BRDA:77,36,1,0
BRDA:80,37,0,0
BRDA:80,37,1,0
BRDA:81,38,0,0
BRDA:81,38,1,0
BRDA:87,39,0,0
BRDA:87,39,1,0
BRDA:88,40,0,0
BRDA:88,40,1,0
BRDA:89,41,0,0
BRDA:89,41,1,0
BRDA:92,42,0,0
BRDA:92,42,1,0
BRDA:93,43,0,0
BRDA:93,43,1,0
BRDA:96,44,0,0
BRDA:96,44,1,0
BRDA:97,45,0,0
BRDA:97,45,1,0
BRDA:100,46,0,0
BRDA:100,46,1,0
BRDA:101,47,0,0
BRDA:101,47,1,0
BRDA:104,48,0,0
BRDA:104,48,1,0
BRDA:105,49,0,0
BRDA:105,49,1,0
BRDA:108,50,0,0
BRDA:108,50,1,0
BRDA:109,51,0,0
BRDA:109,51,1,0
BRDA:112,52,0,0
BRDA:112,52,1,0
BRDA:114,53,0,0
BRDA:114,53,1,0
BRDA:115,54,0,0
BRDA:115,54,1,0
BRDA:118,55,0,0
BRDA:118,55,1,0
BRDA:120,56,0,0
BRDA:120,56,1,0
BRDA:121,57,0,0
BRDA:121,57,1,0
BRDA:124,58,0,0
BRDA:124,58,1,0
BRDA:126,59,0,0
BRDA:126,59,1,0
BRDA:127,60,0,0
BRDA:127,60,1,0
BRDA:130,61,0,0
BRDA:130,61,1,0
BRDA:132,62,0,0
BRDA:132,62,1,0
BRDA:133,63,0,0
BRDA:133,63,1,0
BRDA:136,64,0,0
BRDA:136,64,1,0
BRDA:138,65,0,0
BRDA:138,65,1,0
BRDA:139,66,0,0
BRDA:139,66,1,0
BRDA:142,67,0,0
BRDA:142,67,1,0
BRDA:144,68,0,0
BRDA:144,68,1,0
BRDA:145,69,0,0
BRDA:145,69,1,0
BRDA:151,70,0,0
BRDA:151,70,1,0
BRDA:152,71,0,0
BRDA:152,71,1,0
BRDA:153,72,0,0
BRDA:153,72,1,0
BRDA:156,73,0,0
BRDA:156,73,1,0
BRDA:157,74,0,0
BRDA:157,74,1,0
BRDA:160,75,0,0
BRDA:160,75,1,0
BRDA:161,76,0,0
BRDA:161,76,1,0
BRDA:164,77,0,0
BRDA:164,77,1,0
BRDA:166,78,0,0
BRDA:166,78,1,0
BRDA:167,79,0,0
BRDA:167,79,1,0
BRDA:170,80,0,0
BRDA:170,80,1,0
BRDA:171,81,0,0
BRDA:171,81,1,0
BRDA:174,82,0,0
BRDA:174,82,1,0
BRDA:176,83,0,0
BRDA:176,83,1,0
BRDA:177,84,0,0
BRDA:177,84,1,0
BRDA:183,85,0,0
BRDA:183,85,1,0
BRDA:184,86,0,0
BRDA:184,86,1,0
BRDA:185,87,0,0
BRDA:185,87,1,0
BRDA:191,88,0,0
BRDA:191,88,1,0
BRDA:192,89,0,0
BRDA:192,89,1,0
BRDA:193,90,0,0
BRDA:193,90,1,0
BRF:182
BRH:7
end_of_record
TN:
SF:src/middlewares/eventAuthorization.js
FN:3,(anonymous_0)
FNF:1
FNH:1
FNDA:12,(anonymous_0)
DA:1,3
DA:3,3
DA:4,12
DA:5,12
DA:10,0
DA:11,0
DA:15,0
DA:16,0
DA:18,0
DA:24,12
DA:25,12
LF:11
LH:6
BRDA:10,0,0,0
BRDA:10,0,1,0
BRDA:15,1,0,0
BRDA:15,1,1,0
BRF:4
BRH:0
end_of_record
TN:
SF:src/middlewares/organizerAuthentication.js
FN:4,(anonymous_0)
FNF:1
FNH:1
FNDA:24,(anonymous_0)
DA:1,3
DA:2,3
DA:4,3
DA:5,24
DA:6,24
DA:7,24
DA:8,2
DA:13,22
DA:14,22
DA:15,22
DA:21,22
DA:22,22
DA:24,0
DA:31,2
LF:14
LH:13
BRDA:7,0,0,2
BRDA:7,0,1,22
BRDA:21,1,0,22
BRDA:21,1,1,0
BRF:4
BRH:3
end_of_record
TN:
SF:src/middlewares/userAuthentication.js
FN:4,authentication
FN:33,(anonymous_1)
FN:40,(anonymous_2)
FNF:3
FNH:0
FNDA:0,authentication
FNDA:0,(anonymous_1)
FNDA:0,(anonymous_2)
DA:1,3
DA:2,3
DA:6,0
DA:7,0
DA:10,0
DA:11,0
DA:13,0
DA:22,0
DA:23,0
DA:24,0
DA:25,0
DA:27,0
DA:34,0
DA:35,0
DA:37,0
DA:41,0
DA:46,0
DA:47,0
DA:51,3
LF:19
LH:3
BRDA:10,0,0,0
BRDA:10,0,1,0
BRDA:34,1,0,0
BRDA:34,1,1,0
BRF:4
BRH:0
end_of_record
TN:
SF:src/middlewares/userAuthorization.js
FN:3,authorizationPayment
FN:10,(anonymous_1)
FN:18,(anonymous_2)
FN:24,authorizationWishlist
FN:32,(anonymous_4)
FN:41,(anonymous_5)
FNF:6
FNH:0
FNDA:0,authorizationPayment
FNDA:0,(anonymous_1)
FNDA:0,(anonymous_2)
FNDA:0,authorizationWishlist
FNDA:0,(anonymous_4)
FNDA:0,(anonymous_5)
DA:1,3
DA:5,0
DA:6,0
DA:9,0
DA:11,0
DA:12,0
DA:13,0
DA:15,0
DA:19,0
DA:28,0
DA:29,0
DA:31,0
DA:35,0
DA:36,0
DA:38,0
DA:42,0
DA:47,3
LF:17
LH:2
BRDA:12,0,0,0
BRDA:12,0,1,0
BRDA:35,1,0,0
BRDA:35,1,1,0
BRF:4
BRH:0
end_of_record
TN:
SF:src/models/admin.js
FN:6,(anonymous_0)
FN:13,(anonymous_1)
FN:63,(anonymous_2)
FNF:3
FNH:2
FNDA:3,(anonymous_0)
FNDA:3,(anonymous_1)
FNDA:0,(anonymous_2)
DA:2,3
DA:5,3
DA:6,3
DA:17,3
DA:63,3
DA:64,0
DA:67,3
LF:7
LH:6
BRF:0
BRH:0
end_of_record
TN:
SF:src/models/banner.js
FN:5,(anonymous_0)
FN:12,(anonymous_1)
FNF:2
FNH:2
FNDA:3,(anonymous_0)
FNDA:3,(anonymous_1)
DA:4,3
DA:5,3
DA:16,3
DA:35,3
LF:4
LH:4
BRF:0
BRH:0
end_of_record
TN:
SF:src/models/customer.js
FN:6,(anonymous_0)
FN:14,(anonymous_1)
FN:18,(anonymous_2)
FN:81,(anonymous_3)
FN:87,(anonymous_4)
FNF:5
FNH:5
FNDA:3,(anonymous_0)
FNDA:1,(anonymous_1)
FNDA:3,(anonymous_2)
FNDA:1,(anonymous_3)
FNDA:1,(anonymous_4)
DA:2,3
DA:5,3
DA:6,3
DA:15,1
DA:20,3
DA:21,3
DA:24,3
DA:81,3
DA:82,1
DA:83,0
DA:87,3
DA:88,1
DA:89,1
DA:90,1
DA:93,3
LF:15
LH:14
BRDA:82,0,0,0
BRDA:82,0,1,1
BRF:2
BRH:1
end_of_record
TN:
SF:src/models/event.js
FN:5,(anonymous_0)
FN:12,(anonymous_1)
FN:152,(anonymous_2)
FNF:3
FNH:3
FNDA:3,(anonymous_0)
FNDA:3,(anonymous_1)
FNDA:3,(anonymous_2)
DA:4,3
DA:5,3
DA:14,3
DA:15,3
DA:16,3
DA:17,3
DA:18,3
DA:21,3
DA:152,3
DA:153,3
DA:156,3
LF:11
LH:11
BRF:0
BRH:0
end_of_record
TN:
SF:src/models/index.js
FN:20,(anonymous_0)
FN:23,(anonymous_1)
FN:28,(anonymous_2)
FNF:3
FNH:3
FNDA:30,(anonymous_0)
FNDA:27,(anonymous_1)
FNDA:27,(anonymous_2)
DA:3,3
DA:4,3
DA:5,3
DA:6,3
DA:7,3
DA:8,3
DA:9,3
DA:12,3
DA:13,0
DA:15,3
DA:18,3
DA:21,30
DA:24,27
DA:25,27
DA:28,3
DA:29,27
DA:30,27
DA:34,3
DA:35,3
DA:37,3
LF:20
LH:19
BRDA:7,0,0,3
BRDA:7,0,1,0
BRDA:12,1,0,0
BRDA:12,1,1,3
BRDA:21,2,0,30
BRDA:21,2,1,30
BRDA:21,2,2,27
BRDA:29,3,0,27
BRDA:29,3,1,0
BRF:9
BRH:6
end_of_record
TN:
SF:src/models/organizer.js
FN:6,(anonymous_0)
FN:13,(anonymous_1)
FN:102,(anonymous_2)
FNF:3
FNH:3
FNDA:3,(anonymous_0)
FNDA:3,(anonymous_1)
FNDA:3,(anonymous_2)
DA:2,3
DA:5,3
DA:6,3
DA:15,3
DA:18,3
DA:102,3
DA:103,3
DA:104,3
DA:107,3
LF:9
LH:9
BRF:0
BRH:0
end_of_record
TN:
SF:src/models/status.js
FN:5,(anonymous_0)
FN:12,(anonymous_1)
FNF:2
FNH:2
FNDA:3,(anonymous_0)
FNDA:3,(anonymous_1)
DA:4,3
DA:5,3
DA:14,3
DA:17,3
DA:35,3
LF:5
LH:5
BRF:0
BRH:0
end_of_record
TN:
SF:src/models/ticket.js
FN:5,(anonymous_0)
FN:12,(anonymous_1)
FNF:2
FNH:2
FNDA:3,(anonymous_0)
FNDA:3,(anonymous_1)
DA:4,3
DA:5,3
DA:14,3
DA:15,3
DA:18,3
DA:91,3
LF:6
LH:6
BRF:0
BRH:0
end_of_record
TN:
SF:src/models/type.js
FN:5,(anonymous_0)
FN:12,(anonymous_1)
FNF:2
FNH:2
FNDA:3,(anonymous_0)
FNDA:3,(anonymous_1)
DA:4,3
DA:5,3
DA:14,3
DA:17,3
DA:23,3
LF:5
LH:5
BRF:0
BRH:0
end_of_record
TN:
SF:src/models/wishlist.js
FN:5,(anonymous_0)
FN:12,(anonymous_1)
FNF:2
FNH:2
FNDA:3,(anonymous_0)
FNDA:3,(anonymous_1)
DA:4,3
DA:5,3
DA:14,3
DA:15,3
DA:18,3
DA:24,3
LF:6
LH:6
BRF:0
BRH:0
end_of_record
TN:
SF:src/organizerHelpers/bcrypt.js
FN:3,hash
FN:8,compare
FNF:2
FNH:2
FNDA:3,hash
FNDA:3,compare
DA:1,3
DA:4,3
DA:5,3
DA:9,3
DA:12,3
LF:5
LH:5
BRF:0
BRH:0
end_of_record
TN:
SF:src/organizerHelpers/jwt.js
FN:3,sign
FN:7,verifyToken
FNF:2
FNH:2
FNDA:2,sign
FNDA:22,verifyToken
DA:1,3
DA:4,2
DA:8,22
DA:11,3
LF:4
LH:4
BRF:0
BRH:0
end_of_record
TN:
SF:src/routes/AdminRoute.js
FNF:0
FNH:0
DA:1,3
DA:2,3
DA:3,3
DA:5,3
DA:6,3
DA:7,3
DA:8,3
DA:9,3
DA:10,3
DA:11,3
DA:12,3
DA:13,3
DA:14,3
DA:15,3
DA:16,3
DA:17,3
DA:18,3
DA:19,3
DA:20,3
DA:21,3
DA:22,3
DA:26,3
LF:22
LH:22
BRF:0
BRH:0
end_of_record
TN:
SF:src/routes/OrganizerRoute.js
FNF:0
FNH:0
DA:1,3
DA:2,3
DA:3,3
DA:4,3
DA:6,3
DA:7,3
DA:9,3
DA:10,3
DA:12,3
DA:14,3
DA:15,3
DA:16,3
DA:18,3
LF:13
LH:13
BRF:0
BRH:0
end_of_record
TN:
SF:src/routes/UserRoute.js
FNF:0
FNH:0
DA:1,3
DA:2,3
DA:3,3
DA:4,3
DA:5,3
DA:7,3
DA:8,3
DA:9,3
DA:11,3
DA:12,3
DA:13,3
DA:14,3
DA:15,3
DA:16,3
DA:17,3
DA:18,3
DA:21,3
LF:17
LH:17
BRF:0
BRH:0
end_of_record
TN:
SF:src/routes/index.js
FNF:0
FNH:0
DA:1,3
DA:3,3
DA:4,3
DA:5,3
DA:7,3
DA:8,3
DA:9,3
DA:11,3
LF:8
LH:8
BRF:0
BRH:0
end_of_record
TN:
SF:src/userHelpers/generateAndVerifyToken.js
FN:3,generateToken
FN:7,verifyToken
FNF:2
FNH:1
FNDA:1,generateToken
FNDA:0,verifyToken
DA:1,3
DA:4,1
DA:8,0
DA:11,3
LF:4
LH:3
BRF:0
BRH:0
end_of_record
